-------------------------------------------------------------------------------
Test set: TestSuite
-------------------------------------------------------------------------------
Tests run: 27, Failures: 1, Errors: 0, Skipped: 1, Time elapsed: 40.44 s <<< FAILURE! - in TestSuite
com.seasy.ui.tests.form.tests.JQuerySelectDropDownTests.checkSelectedUsTerritories  Time elapsed: 0.377 s  <<< FAILURE!
org.testng.internal.reflect.MethodMatcherException: 

[public void com.seasy.ui.tests.form.tests.JQuerySelectDropDownTests.checkSelectedUsTerritories(java.lang.String,java.lang.String)] has no parameters defined but was found to be using a data provider (either explicitly specified or inherited from class level annotation).
Data provider mismatch
Method: checkSelectedUsTerritories([Parameter{index=0, type=java.lang.String, declaredAnnotations=[@org.testng.annotations.Optional(value=Select US Outlying Territories)]}, Parameter{index=1, type=java.lang.String, declaredAnnotations=[]}])
Arguments: [(java.lang.String) Puerto Rico]

