-------------------------------------------------------------------------------
Test set: TestSuite
-------------------------------------------------------------------------------
Tests run: 33, Failures: 2, Errors: 0, Skipped: 0, Time elapsed: 30.851 s <<< FAILURE! - in TestSuite
checkSelectedCities(com.seasy.ui.tests.FormTests.DropDownTests)  Time elapsed: 0.922 s  <<< FAILURE!
com.codeborne.selenide.ex.ElementShould: 
Element should be text 'Options selected are : Ohio,Florida' {.getall-selected}
Element: '<p class="getall-selected">Options selected are : Florida</p>'
Screenshot: file:/C:/Users/kbuch/Desktop/test-project/ui-tests/build/reports/tests/1639326453525.0.png
Page source: file:/C:/Users/kbuch/Desktop/test-project/ui-tests/build/reports/tests/1639326453525.0.html
Timeout: 4 s.
	at com.seasy.ui.tests.FormTests.DropDownTests.checkSelectedCities(DropDownTests.java:32)

checkSelectedState(com.seasy.ui.tests.FormTests.JQuerySelectDropDownTest)  Time elapsed: 6.812 s  <<< FAILURE!
com.codeborne.selenide.ex.ElementShouldNot: 
Element should not have attribute class="select2-selection__choice" {$$(2 elements)[0]}
Element: '<li class="select2-selection__choice" title="Iowa" type value="0">×Iowa</li>'
Actual value: class="select2-selection__choice"
Screenshot: file:/C:/Users/kbuch/Desktop/test-project/ui-tests/build/reports/tests/1639326462314.1.png
Page source: file:/C:/Users/kbuch/Desktop/test-project/ui-tests/build/reports/tests/1639326462314.1.html
Timeout: 4 s.
	at com.seasy.ui.tests.FormTests.JQuerySelectDropDownTest.checkSelectedState(JQuerySelectDropDownTest.java:25)

