-------------------------------------------------------------------------------
Test set: TestSuite
-------------------------------------------------------------------------------
Tests run: 19, Failures: 5, Errors: 0, Skipped: 0, Time elapsed: 31.659 s <<< FAILURE! - in TestSuite
checkAllCheckboxesAreSelected(com.seasy.ui.tests.CheckBoxTest)  Time elapsed: 9.28 s  <<< FAILURE!
com.codeborne.selenide.ex.ElementShould: 
Element should have attribute value="Uncheck All" {#check1}
Element: '<input class="btn btn-primary" id="check1" type="button" value="Check All"></input>'
Actual value: value="Check All"
Screenshot: file:/C:/Users/kbuch/Desktop/test-project/ui-tests/build/reports/tests/1626872068900.0.png
Page source: file:/C:/Users/kbuch/Desktop/test-project/ui-tests/build/reports/tests/1626872068900.0.html
Timeout: 4 s.
	at com.seasy.ui.tests.CheckBoxTest.checkAllCheckboxesAreSelected(CheckBoxTest.java:41)

checkMultipleCheckBox1IsSelected(com.seasy.ui.tests.CheckBoxTest)  Time elapsed: 4.757 s  <<< FAILURE!
com.codeborne.selenide.ex.ElementShould: 
Element should selected {By.xpath: //div[@class="panel panel-default"][contains(., "Multiple Checkbox Demo")]/By.xpath: ../.checkbox.findBy(text 'Option 1')/input}
Element: '<input class="cb1-element" type="checkbox" value></input>'
Actual value: false
Screenshot: file:/C:/Users/kbuch/Desktop/test-project/ui-tests/build/reports/tests/1626872073691.1.png
Page source: file:/C:/Users/kbuch/Desktop/test-project/ui-tests/build/reports/tests/1626872073691.1.html
Timeout: 4 s.
	at com.seasy.ui.tests.CheckBoxTest.checkMultipleCheckBox1IsSelected(CheckBoxTest.java:34)

checkSelectedCity(com.seasy.ui.tests.DropDownTests)  Time elapsed: 4.625 s  <<< FAILURE!
com.codeborne.selenide.ex.ElementShould: 
Element should be visible or transparent: visible or have css value opacity=0 {.getall-selected}
Element: '<p class="getall-selected" displayed:false></p>'
Actual value: visible:false, 1
Screenshot: file:/C:/Users/kbuch/Desktop/test-project/ui-tests/build/reports/tests/1626872080107.2.png
Page source: file:/C:/Users/kbuch/Desktop/test-project/ui-tests/build/reports/tests/1626872080107.2.html
Timeout: 4 s.
	at com.seasy.ui.tests.DropDownTests.checkSelectedCity(DropDownTests.java:30)

checkSelectedDayFromDropDown(com.seasy.ui.tests.DropDownTests)  Time elapsed: 4.7 s  <<< FAILURE!
org.testng.TestNGException: 

Parameter 'singleDayDropDown' is required by @Test on method checkSelectedDayFromDropDown but has not been marked @Optional or defined


checkUnselectedValue(com.seasy.ui.tests.RadioButtonPageTest)  Time elapsed: 4.47 s  <<< FAILURE!
com.codeborne.selenide.ex.ElementShould: 
Element should have text 'Radio button is Not checked' {.groupradiobutton}
Element: '<p class="groupradiobutton" displayed:false></p>'
Screenshot: file:/C:/Users/kbuch/Desktop/test-project/ui-tests/build/reports/tests/1626872086487.3.png
Page source: file:/C:/Users/kbuch/Desktop/test-project/ui-tests/build/reports/tests/1626872086487.3.html
Timeout: 4 s.
	at com.seasy.ui.tests.RadioButtonPageTest.checkUnselectedValue(RadioButtonPageTest.java:27)

