<?xml version="1.0" encoding="UTF-8"?>
<testng-results skipped="0" failed="0" ignored="0" total="10" passed="10">
  <reporter-output>
  </reporter-output>
  <suite name="check for build" duration-ms="22278" started-at="2022-07-31T17:59:28 EEST" finished-at="2022-07-31T17:59:50 EEST">
    <groups>
    </groups>
    <test name="check for build" duration-ms="22278" started-at="2022-07-31T17:59:28 EEST" finished-at="2022-07-31T17:59:50 EEST">
      <class name="com.seasy.ui.tests.form.InputFormSubmitTests">
        <test-method status="PASS" signature="checkDeletedFirstName()[pri:0, instance:com.seasy.ui.tests.form.InputFormSubmitTests@3d680b5a]" name="checkDeletedFirstName" duration-ms="1928" started-at="2022-07-31T17:59:40 EEST" finished-at="2022-07-31T17:59:42 EEST">
          <reporter-output>
          </reporter-output>
        </test-method> <!-- checkDeletedFirstName -->
        <test-method status="PASS" signature="checkFromSubmitWithAllDataEntered()[pri:0, instance:com.seasy.ui.tests.form.InputFormSubmitTests@3d680b5a]" name="checkFromSubmitWithAllDataEntered" duration-ms="6150" started-at="2022-07-31T17:59:42 EEST" finished-at="2022-07-31T17:59:48 EEST">
          <reporter-output>
          </reporter-output>
        </test-method> <!-- checkFromSubmitWithAllDataEntered -->
        <test-method status="PASS" signature="checkSubmitButtonIsDisabled()[pri:0, instance:com.seasy.ui.tests.form.InputFormSubmitTests@3d680b5a]" name="checkSubmitButtonIsDisabled" duration-ms="1760" started-at="2022-07-31T17:59:48 EEST" finished-at="2022-07-31T17:59:50 EEST">
          <reporter-output>
          </reporter-output>
        </test-method> <!-- checkSubmitButtonIsDisabled -->
      </class> <!-- com.seasy.ui.tests.form.InputFormSubmitTests -->
      <class name="com.seasy.ui.tests.form.CheckBoxTests">
        <test-method status="PASS" signature="checkAllCheckboxesAreSelected()[pri:0, instance:com.seasy.ui.tests.form.CheckBoxTests@1d119efb]" name="checkAllCheckboxesAreSelected" duration-ms="6973" started-at="2022-07-31T17:59:28 EEST" finished-at="2022-07-31T17:59:35 EEST">
          <reporter-output>
          </reporter-output>
        </test-method> <!-- checkAllCheckboxesAreSelected -->
        <test-method status="PASS" signature="checkCheckAllButtonWithOneUnselectedCheckbox()[pri:0, instance:com.seasy.ui.tests.form.CheckBoxTests@1d119efb]" name="checkCheckAllButtonWithOneUnselectedCheckbox" duration-ms="1608" started-at="2022-07-31T17:59:35 EEST" finished-at="2022-07-31T17:59:37 EEST">
          <reporter-output>
          </reporter-output>
        </test-method> <!-- checkCheckAllButtonWithOneUnselectedCheckbox -->
        <test-method status="PASS" signature="checkMultipleCheckBoxIsSelected()[pri:0, instance:com.seasy.ui.tests.form.CheckBoxTests@1d119efb]" name="checkMultipleCheckBoxIsSelected" duration-ms="750" started-at="2022-07-31T17:59:37 EEST" finished-at="2022-07-31T17:59:37 EEST">
          <reporter-output>
          </reporter-output>
        </test-method> <!-- checkMultipleCheckBoxIsSelected -->
        <test-method status="PASS" signature="checkMultipleCheckBoxIsUnselected()[pri:0, instance:com.seasy.ui.tests.form.CheckBoxTests@1d119efb]" name="checkMultipleCheckBoxIsUnselected" duration-ms="1513" started-at="2022-07-31T17:59:37 EEST" finished-at="2022-07-31T17:59:39 EEST">
          <reporter-output>
          </reporter-output>
        </test-method> <!-- checkMultipleCheckBoxIsUnselected -->
        <test-method status="PASS" signature="checkUnselectOfSelectedCheckBoxTest()[pri:0, instance:com.seasy.ui.tests.form.CheckBoxTests@1d119efb]" name="checkUnselectOfSelectedCheckBoxTest" duration-ms="579" started-at="2022-07-31T17:59:39 EEST" finished-at="2022-07-31T17:59:39 EEST">
          <reporter-output>
          </reporter-output>
        </test-method> <!-- checkUnselectOfSelectedCheckBoxTest -->
        <test-method status="PASS" signature="checkUnselectedCheckBox()[pri:0, instance:com.seasy.ui.tests.form.CheckBoxTests@1d119efb]" name="checkUnselectedCheckBox" duration-ms="360" started-at="2022-07-31T17:59:39 EEST" finished-at="2022-07-31T17:59:40 EEST">
          <reporter-output>
          </reporter-output>
        </test-method> <!-- checkUnselectedCheckBox -->
        <test-method status="PASS" signature="selectSingleCheckBoxTest()[pri:0, instance:com.seasy.ui.tests.form.CheckBoxTests@1d119efb]" name="selectSingleCheckBoxTest" duration-ms="437" started-at="2022-07-31T17:59:40 EEST" finished-at="2022-07-31T17:59:40 EEST">
          <reporter-output>
          </reporter-output>
        </test-method> <!-- selectSingleCheckBoxTest -->
      </class> <!-- com.seasy.ui.tests.form.CheckBoxTests -->
    </test> <!-- check for build -->
  </suite> <!-- check for build -->
</testng-results>
