<?xml version="1.0" encoding="UTF-8"?>
<testng-results skipped="0" failed="6" ignored="0" total="33" passed="27">
  <reporter-output>
  </reporter-output>
  <suite name="Surefire suite" duration-ms="81640" started-at="2021-10-31T16:24:56 EET" finished-at="2021-10-31T16:26:17 EET">
    <groups>
    </groups>
    <test name="Surefire test" duration-ms="81640" started-at="2021-10-31T16:24:56 EET" finished-at="2021-10-31T16:26:17 EET">
      <class name="com.seasy.ui.tests.SimpleFormTest">
        <test-method status="PASS" signature="checkEmptyMessageTest()[pri:0, instance:com.seasy.ui.tests.SimpleFormTest@3e9b1010]" name="checkEmptyMessageTest" duration-ms="3440" started-at="2021-10-31T16:26:09 EET" finished-at="2021-10-31T16:26:12 EET">
          <reporter-output>
          </reporter-output>
        </test-method> <!-- checkEmptyMessageTest -->
        <test-method status="PASS" signature="checkTotalResultWithEmptyFieldsTest()[pri:0, instance:com.seasy.ui.tests.SimpleFormTest@3e9b1010]" name="checkTotalResultWithEmptyFieldsTest" duration-ms="1475" started-at="2021-10-31T16:26:12 EET" finished-at="2021-10-31T16:26:14 EET">
          <reporter-output>
          </reporter-output>
        </test-method> <!-- checkTotalResultWithEmptyFieldsTest -->
        <test-method status="PASS" signature="checkTotalResultWithIntegerValuesTest()[pri:0, instance:com.seasy.ui.tests.SimpleFormTest@3e9b1010]" name="checkTotalResultWithIntegerValuesTest" duration-ms="1266" started-at="2021-10-31T16:26:14 EET" finished-at="2021-10-31T16:26:15 EET">
          <reporter-output>
          </reporter-output>
        </test-method> <!-- checkTotalResultWithIntegerValuesTest -->
        <test-method status="PASS" signature="checkTotalResultWithStringValuesTest()[pri:0, instance:com.seasy.ui.tests.SimpleFormTest@3e9b1010]" name="checkTotalResultWithStringValuesTest" duration-ms="1242" started-at="2021-10-31T16:26:15 EET" finished-at="2021-10-31T16:26:16 EET">
          <reporter-output>
          </reporter-output>
        </test-method> <!-- checkTotalResultWithStringValuesTest -->
        <test-method status="PASS" signature="checkYourMessageTest()[pri:0, instance:com.seasy.ui.tests.SimpleFormTest@3e9b1010]" name="checkYourMessageTest" duration-ms="1045" started-at="2021-10-31T16:26:16 EET" finished-at="2021-10-31T16:26:17 EET">
          <reporter-output>
          </reporter-output>
        </test-method> <!-- checkYourMessageTest -->
      </class> <!-- com.seasy.ui.tests.SimpleFormTest -->
      <class name="com.seasy.ui.tests.DropDownTests">
        <test-method status="FAIL" signature="checkSelectedCities(java.lang.String,java.lang.String)[pri:0, instance:com.seasy.ui.tests.DropDownTests@6b09bb57]" name="checkSelectedCities" duration-ms="5419" started-at="2021-10-31T16:25:26 EET" finished-at="2021-10-31T16:25:31 EET">
          <params>
            <param index="0">
              <value>
                <![CDATA[Ohio]]>
              </value>
            </param>
            <param index="1">
              <value>
                <![CDATA[Florida]]>
              </value>
            </param>
          </params>
          <exception class="com.codeborne.selenide.ex.ElementShould">
            <message>
              <![CDATA[Element should be text 'Options selected are : Ohio,Florida' {.getall-selected}
Element: '<p class="getall-selected">Options selected are : Florida</p>'
Screenshot: file:/C:/Users/kbuch/Desktop/test-project/ui-tests/build/reports/tests/1635690331536.1.png
Page source: file:/C:/Users/kbuch/Desktop/test-project/ui-tests/build/reports/tests/1635690331536.1.html
Timeout: 4 s.]]>
            </message>
            <full-stacktrace>
              <![CDATA[Element should be text 'Options selected are : Ohio,Florida' {.getall-selected}
Element: '<p class="getall-selected">Options selected are : Florida</p>'
Screenshot: file:/C:/Users/kbuch/Desktop/test-project/ui-tests/build/reports/tests/1635690331536.1.png
Page source: file:/C:/Users/kbuch/Desktop/test-project/ui-tests/build/reports/tests/1635690331536.1.html
Timeout: 4 s.
at com.codeborne.selenide.impl.WebElementSource.checkCondition(WebElementSource.java:121)
at com.codeborne.selenide.commands.Should.execute(Should.java:30)
at com.codeborne.selenide.commands.Should.execute(Should.java:14)
at com.codeborne.selenide.commands.Commands.execute(Commands.java:155)
at com.codeborne.selenide.impl.SelenideElementProxy.dispatchAndRetry(SelenideElementProxy.java:133)
at com.codeborne.selenide.impl.SelenideElementProxy.invoke(SelenideElementProxy.java:85)
at com.sun.proxy.$Proxy3.shouldBe(Unknown Source)
at com.seasy.ui.pages.DropDownPage.verifySelectedCities(DropDownPage.java:57)
at com.seasy.ui.tests.DropDownTests.checkSelectedCities(DropDownTests.java:33)
at sun.reflect.NativeMethodAccessorImpl.invoke0(Native Method)
at sun.reflect.NativeMethodAccessorImpl.invoke(NativeMethodAccessorImpl.java:62)
at sun.reflect.DelegatingMethodAccessorImpl.invoke(DelegatingMethodAccessorImpl.java:43)
at java.lang.reflect.Method.invoke(Method.java:498)
at org.testng.internal.MethodInvocationHelper.invokeMethod(MethodInvocationHelper.java:133)
at org.testng.internal.TestInvoker.invokeMethod(TestInvoker.java:598)
at org.testng.internal.TestInvoker.invokeTestMethod(TestInvoker.java:173)
at org.testng.internal.MethodRunner.runInSequence(MethodRunner.java:46)
at org.testng.internal.TestInvoker$MethodInvocationAgent.invoke(TestInvoker.java:824)
at org.testng.internal.TestInvoker.invokeTestMethods(TestInvoker.java:146)
at org.testng.internal.TestMethodWorker.invokeTestMethods(TestMethodWorker.java:146)
at org.testng.internal.TestMethodWorker.run(TestMethodWorker.java:128)
at java.util.ArrayList.forEach(ArrayList.java:1259)
at org.testng.TestRunner.privateRun(TestRunner.java:794)
at org.testng.TestRunner.run(TestRunner.java:596)
at org.testng.SuiteRunner.runTest(SuiteRunner.java:377)
at org.testng.SuiteRunner.runSequentially(SuiteRunner.java:371)
at org.testng.SuiteRunner.privateRun(SuiteRunner.java:332)
at org.testng.SuiteRunner.run(SuiteRunner.java:276)
at org.testng.SuiteRunnerWorker.runSuite(SuiteRunnerWorker.java:53)
at org.testng.SuiteRunnerWorker.run(SuiteRunnerWorker.java:96)
at org.testng.TestNG.runSuitesSequentially(TestNG.java:1212)
at org.testng.TestNG.runSuitesLocally(TestNG.java:1134)
at org.testng.TestNG.runSuites(TestNG.java:1063)
at org.testng.TestNG.run(TestNG.java:1031)
at org.apache.maven.surefire.testng.TestNGExecutor.run(TestNGExecutor.java:135)
at org.apache.maven.surefire.testng.TestNGDirectoryTestSuite.executeMulti(TestNGDirectoryTestSuite.java:193)
at org.apache.maven.surefire.testng.TestNGDirectoryTestSuite.execute(TestNGDirectoryTestSuite.java:94)
at org.apache.maven.surefire.testng.TestNGProvider.invoke(TestNGProvider.java:146)
at org.apache.maven.surefire.booter.ForkedBooter.invokeProviderInSameClassLoader(ForkedBooter.java:384)
at org.apache.maven.surefire.booter.ForkedBooter.runSuitesInProcess(ForkedBooter.java:345)
at org.apache.maven.surefire.booter.ForkedBooter.execute(ForkedBooter.java:126)
at org.apache.maven.surefire.booter.ForkedBooter.main(ForkedBooter.java:418)
]]>
            </full-stacktrace>
          </exception> <!-- com.codeborne.selenide.ex.ElementShould -->
          <reporter-output>
          </reporter-output>
        </test-method> <!-- checkSelectedCities -->
        <test-method status="PASS" signature="checkSelectedCity(java.lang.String)[pri:0, instance:com.seasy.ui.tests.DropDownTests@6b09bb57]" name="checkSelectedCity" duration-ms="1497" started-at="2021-10-31T16:25:31 EET" finished-at="2021-10-31T16:25:33 EET">
          <params>
            <param index="0">
              <value>
                <![CDATA[Ohio]]>
              </value>
            </param>
          </params>
          <reporter-output>
          </reporter-output>
        </test-method> <!-- checkSelectedCity -->
        <test-method status="FAIL" signature="checkSelectedDayFromDropDown(java.lang.String)[pri:0, instance:com.seasy.ui.tests.DropDownTests@6b09bb57]" name="checkSelectedDayFromDropDown" duration-ms="0" started-at="2021-10-31T16:25:33 EET" finished-at="2021-10-31T16:25:33 EET">
          <exception class="org.testng.TestNGException">
            <message>
              <![CDATA[
Parameter 'singleDayDropDown' is required by @Test on method checkSelectedDayFromDropDown but has not been marked @Optional or defined
]]>
            </message>
            <full-stacktrace>
              <![CDATA[org.testng.TestNGException: 
Parameter 'singleDayDropDown' is required by @Test on method checkSelectedDayFromDropDown but has not been marked @Optional or defined

at org.testng.internal.Parameters.createParams(Parameters.java:270)
at org.testng.internal.Parameters.createParametersForMethod(Parameters.java:358)
at org.testng.internal.Parameters.createParameters(Parameters.java:700)
at org.testng.internal.Parameters.handleParameters(Parameters.java:884)
at org.testng.internal.Parameters.handleParameters(Parameters.java:740)
at org.testng.internal.ParameterHandler.handleParameters(ParameterHandler.java:59)
at org.testng.internal.ParameterHandler.createParameters(ParameterHandler.java:38)
at org.testng.internal.TestInvoker$MethodInvocationAgent.invoke(TestInvoker.java:791)
at org.testng.internal.TestInvoker.invokeTestMethods(TestInvoker.java:146)
at org.testng.internal.TestMethodWorker.invokeTestMethods(TestMethodWorker.java:146)
at org.testng.internal.TestMethodWorker.run(TestMethodWorker.java:128)
at java.util.ArrayList.forEach(ArrayList.java:1259)
at org.testng.TestRunner.privateRun(TestRunner.java:794)
at org.testng.TestRunner.run(TestRunner.java:596)
at org.testng.SuiteRunner.runTest(SuiteRunner.java:377)
at org.testng.SuiteRunner.runSequentially(SuiteRunner.java:371)
at org.testng.SuiteRunner.privateRun(SuiteRunner.java:332)
at org.testng.SuiteRunner.run(SuiteRunner.java:276)
at org.testng.SuiteRunnerWorker.runSuite(SuiteRunnerWorker.java:53)
at org.testng.SuiteRunnerWorker.run(SuiteRunnerWorker.java:96)
at org.testng.TestNG.runSuitesSequentially(TestNG.java:1212)
at org.testng.TestNG.runSuitesLocally(TestNG.java:1134)
at org.testng.TestNG.runSuites(TestNG.java:1063)
at org.testng.TestNG.run(TestNG.java:1031)
at org.apache.maven.surefire.testng.TestNGExecutor.run(TestNGExecutor.java:135)
at org.apache.maven.surefire.testng.TestNGDirectoryTestSuite.executeMulti(TestNGDirectoryTestSuite.java:193)
at org.apache.maven.surefire.testng.TestNGDirectoryTestSuite.execute(TestNGDirectoryTestSuite.java:94)
at org.apache.maven.surefire.testng.TestNGProvider.invoke(TestNGProvider.java:146)
at org.apache.maven.surefire.booter.ForkedBooter.invokeProviderInSameClassLoader(ForkedBooter.java:384)
at org.apache.maven.surefire.booter.ForkedBooter.runSuitesInProcess(ForkedBooter.java:345)
at org.apache.maven.surefire.booter.ForkedBooter.execute(ForkedBooter.java:126)
at org.apache.maven.surefire.booter.ForkedBooter.main(ForkedBooter.java:418)
]]>
            </full-stacktrace>
          </exception> <!-- org.testng.TestNGException -->
          <reporter-output>
          </reporter-output>
        </test-method> <!-- checkSelectedDayFromDropDown -->
      </class> <!-- com.seasy.ui.tests.DropDownTests -->
      <class name="com.seasy.ui.tests.JQuerySelectDropDownTest">
        <test-method status="FAIL" signature="checkCategoriesOptions()[pri:0, instance:com.seasy.ui.tests.JQuerySelectDropDownTest@520a3426]" name="checkCategoriesOptions" duration-ms="5288" started-at="2021-10-31T16:25:42 EET" finished-at="2021-10-31T16:25:47 EET">
          <exception class="com.codeborne.selenide.ex.ElementNotFound">
            <message>
              <![CDATA[Element not found {optgroup.findBy(text 'Scripting languages')}
Expected: exist
Screenshot: file:/C:/Users/kbuch/Desktop/test-project/ui-tests/build/reports/tests/1635690347313.2.png
Page source: file:/C:/Users/kbuch/Desktop/test-project/ui-tests/build/reports/tests/1635690347313.2.html
Timeout: 4 s.
Caused by: Element not found {optgroup.findBy(text 'Scripting languages')}
Expected: text 'Scripting languages'
Timeout: 0 ms.]]>
            </message>
            <full-stacktrace>
              <![CDATA[Element not found {optgroup.findBy(text 'Scripting languages')}
Expected: exist
Screenshot: file:/C:/Users/kbuch/Desktop/test-project/ui-tests/build/reports/tests/1635690347313.2.png
Page source: file:/C:/Users/kbuch/Desktop/test-project/ui-tests/build/reports/tests/1635690347313.2.html
Timeout: 4 s.
Caused by: Element not found {optgroup.findBy(text 'Scripting languages')}
Expected: text 'Scripting languages'
Timeout: 0 ms.
at com.codeborne.selenide.impl.WebElementSource.createElementNotFoundError(WebElementSource.java:83)
at com.codeborne.selenide.impl.WebElementSource.checkCondition(WebElementSource.java:114)
at com.codeborne.selenide.commands.Should.execute(Should.java:30)
at com.codeborne.selenide.commands.Should.execute(Should.java:14)
at com.codeborne.selenide.commands.Commands.execute(Commands.java:155)
at com.codeborne.selenide.impl.SelenideElementProxy.dispatchAndRetry(SelenideElementProxy.java:133)
at com.codeborne.selenide.impl.SelenideElementProxy.invoke(SelenideElementProxy.java:85)
at com.sun.proxy.$Proxy3.should(Unknown Source)
at com.seasy.ui.pages.JQuerySelectDropDownPage.checkSubCategories(JQuerySelectDropDownPage.java:103)
at com.seasy.ui.tests.JQuerySelectDropDownTest.checkCategoriesOptions(JQuerySelectDropDownTest.java:56)
at sun.reflect.NativeMethodAccessorImpl.invoke0(Native Method)
at sun.reflect.NativeMethodAccessorImpl.invoke(NativeMethodAccessorImpl.java:62)
at sun.reflect.DelegatingMethodAccessorImpl.invoke(DelegatingMethodAccessorImpl.java:43)
at java.lang.reflect.Method.invoke(Method.java:498)
at org.testng.internal.MethodInvocationHelper.invokeMethod(MethodInvocationHelper.java:133)
at org.testng.internal.TestInvoker.invokeMethod(TestInvoker.java:598)
at org.testng.internal.TestInvoker.invokeTestMethod(TestInvoker.java:173)
at org.testng.internal.MethodRunner.runInSequence(MethodRunner.java:46)
at org.testng.internal.TestInvoker$MethodInvocationAgent.invoke(TestInvoker.java:824)
at org.testng.internal.TestInvoker.invokeTestMethods(TestInvoker.java:146)
at org.testng.internal.TestMethodWorker.invokeTestMethods(TestMethodWorker.java:146)
at org.testng.internal.TestMethodWorker.run(TestMethodWorker.java:128)
at java.util.ArrayList.forEach(ArrayList.java:1259)
at org.testng.TestRunner.privateRun(TestRunner.java:794)
at org.testng.TestRunner.run(TestRunner.java:596)
at org.testng.SuiteRunner.runTest(SuiteRunner.java:377)
at org.testng.SuiteRunner.runSequentially(SuiteRunner.java:371)
at org.testng.SuiteRunner.privateRun(SuiteRunner.java:332)
at org.testng.SuiteRunner.run(SuiteRunner.java:276)
at org.testng.SuiteRunnerWorker.runSuite(SuiteRunnerWorker.java:53)
at org.testng.SuiteRunnerWorker.run(SuiteRunnerWorker.java:96)
at org.testng.TestNG.runSuitesSequentially(TestNG.java:1212)
at org.testng.TestNG.runSuitesLocally(TestNG.java:1134)
at org.testng.TestNG.runSuites(TestNG.java:1063)
at org.testng.TestNG.run(TestNG.java:1031)
at org.apache.maven.surefire.testng.TestNGExecutor.run(TestNGExecutor.java:135)
at org.apache.maven.surefire.testng.TestNGDirectoryTestSuite.executeMulti(TestNGDirectoryTestSuite.java:193)
at org.apache.maven.surefire.testng.TestNGDirectoryTestSuite.execute(TestNGDirectoryTestSuite.java:94)
at org.apache.maven.surefire.testng.TestNGProvider.invoke(TestNGProvider.java:146)
at org.apache.maven.surefire.booter.ForkedBooter.invokeProviderInSameClassLoader(ForkedBooter.java:384)
at org.apache.maven.surefire.booter.ForkedBooter.runSuitesInProcess(ForkedBooter.java:345)
at org.apache.maven.surefire.booter.ForkedBooter.execute(ForkedBooter.java:126)
at org.apache.maven.surefire.booter.ForkedBooter.main(ForkedBooter.java:418)
Caused by: Element not found {optgroup.findBy(text 'Scripting languages')}
Expected: text 'Scripting languages'
Timeout: 0 ms.
at com.codeborne.selenide.impl.CollectionElementByCondition.getWebElement(CollectionElementByCondition.java:53)
at com.codeborne.selenide.impl.WebElementSource.checkCondition(WebElementSource.java:99)
... 41 more
]]>
            </full-stacktrace>
          </exception> <!-- com.codeborne.selenide.ex.ElementNotFound -->
          <reporter-output>
          </reporter-output>
        </test-method> <!-- checkCategoriesOptions -->
        <test-method status="PASS" signature="checkCategoriesOptionsInNotEmpty()[pri:0, instance:com.seasy.ui.tests.JQuerySelectDropDownTest@520a3426]" name="checkCategoriesOptionsInNotEmpty" duration-ms="712" started-at="2021-10-31T16:25:47 EET" finished-at="2021-10-31T16:25:48 EET">
          <reporter-output>
          </reporter-output>
        </test-method> <!-- checkCategoriesOptionsInNotEmpty -->
        <test-method status="PASS" signature="checkNoResultFound(java.lang.String)[pri:0, instance:com.seasy.ui.tests.JQuerySelectDropDownTest@520a3426]" name="checkNoResultFound" duration-ms="1123" started-at="2021-10-31T16:25:48 EET" finished-at="2021-10-31T16:25:49 EET">
          <params>
            <param index="0">
              <value>
                <![CDATA[Select Country]]>
              </value>
            </param>
          </params>
          <reporter-output>
          </reporter-output>
        </test-method> <!-- checkNoResultFound -->
        <test-method status="PASS" signature="checkSelectedCountry(java.lang.String)[pri:0, instance:com.seasy.ui.tests.JQuerySelectDropDownTest@520a3426]" name="checkSelectedCountry" duration-ms="1239" started-at="2021-10-31T16:25:49 EET" finished-at="2021-10-31T16:25:50 EET">
          <params>
            <param index="0">
              <value>
                <![CDATA[Select Country]]>
              </value>
            </param>
          </params>
          <reporter-output>
          </reporter-output>
        </test-method> <!-- checkSelectedCountry -->
        <test-method status="PASS" signature="checkSelectedRandomItems(java.lang.String)[pri:0, instance:com.seasy.ui.tests.JQuerySelectDropDownTest@520a3426]" name="checkSelectedRandomItems" duration-ms="719" started-at="2021-10-31T16:25:50 EET" finished-at="2021-10-31T16:25:51 EET">
          <params>
            <param index="0">
              <value>
                <![CDATA[Select US Outlying Territories]]>
              </value>
            </param>
          </params>
          <reporter-output>
          </reporter-output>
        </test-method> <!-- checkSelectedRandomItems -->
        <test-method status="FAIL" signature="checkSelectedState(java.lang.String)[pri:0, instance:com.seasy.ui.tests.JQuerySelectDropDownTest@520a3426]" name="checkSelectedState" duration-ms="8049" started-at="2021-10-31T16:25:51 EET" finished-at="2021-10-31T16:25:59 EET">
          <params>
            <param index="0">
              <value>
                <![CDATA[Select State]]>
              </value>
            </param>
          </params>
          <exception class="com.codeborne.selenide.ex.ElementShouldNot">
            <message>
              <![CDATA[Element should not have attribute class="select2-selection__choice" {$$(2 elements)[0]}
Element: '<li class="select2-selection__choice" title="Iowa" type value="0">×Iowa</li>'
Actual value: class="select2-selection__choice"
Screenshot: file:/C:/Users/kbuch/Desktop/test-project/ui-tests/build/reports/tests/1635690359173.3.png
Page source: file:/C:/Users/kbuch/Desktop/test-project/ui-tests/build/reports/tests/1635690359173.3.html
Timeout: 4 s.]]>
            </message>
            <full-stacktrace>
              <![CDATA[Element should not have attribute class="select2-selection__choice" {$$(2 elements)[0]}
Element: '<li class="select2-selection__choice" title="Iowa" type value="0">×Iowa</li>'
Actual value: class="select2-selection__choice"
Screenshot: file:/C:/Users/kbuch/Desktop/test-project/ui-tests/build/reports/tests/1635690359173.3.png
Page source: file:/C:/Users/kbuch/Desktop/test-project/ui-tests/build/reports/tests/1635690359173.3.html
Timeout: 4 s.
at com.codeborne.selenide.impl.WebElementSource.checkCondition(WebElementSource.java:118)
at com.codeborne.selenide.commands.ShouldNot.execute(ShouldNot.java:30)
at com.codeborne.selenide.commands.ShouldNot.execute(ShouldNot.java:14)
at com.codeborne.selenide.commands.Commands.execute(Commands.java:155)
at com.codeborne.selenide.impl.SelenideElementProxy.dispatchAndRetry(SelenideElementProxy.java:133)
at com.codeborne.selenide.impl.SelenideElementProxy.invoke(SelenideElementProxy.java:85)
at com.sun.proxy.$Proxy3.shouldNotHave(Unknown Source)
at com.seasy.ui.pages.JQuerySelectDropDownPage.lambda$checkEmptyMultipleDropDown$0(JQuerySelectDropDownPage.java:69)
at java.lang.Iterable.forEach(Iterable.java:75)
at com.seasy.ui.pages.JQuerySelectDropDownPage.checkEmptyMultipleDropDown(JQuerySelectDropDownPage.java:69)
at com.seasy.ui.tests.JQuerySelectDropDownTest.checkSelectedState(JQuerySelectDropDownTest.java:24)
at sun.reflect.NativeMethodAccessorImpl.invoke0(Native Method)
at sun.reflect.NativeMethodAccessorImpl.invoke(NativeMethodAccessorImpl.java:62)
at sun.reflect.DelegatingMethodAccessorImpl.invoke(DelegatingMethodAccessorImpl.java:43)
at java.lang.reflect.Method.invoke(Method.java:498)
at org.testng.internal.MethodInvocationHelper.invokeMethod(MethodInvocationHelper.java:133)
at org.testng.internal.TestInvoker.invokeMethod(TestInvoker.java:598)
at org.testng.internal.TestInvoker.invokeTestMethod(TestInvoker.java:173)
at org.testng.internal.MethodRunner.runInSequence(MethodRunner.java:46)
at org.testng.internal.TestInvoker$MethodInvocationAgent.invoke(TestInvoker.java:824)
at org.testng.internal.TestInvoker.invokeTestMethods(TestInvoker.java:146)
at org.testng.internal.TestMethodWorker.invokeTestMethods(TestMethodWorker.java:146)
at org.testng.internal.TestMethodWorker.run(TestMethodWorker.java:128)
at java.util.ArrayList.forEach(ArrayList.java:1259)
at org.testng.TestRunner.privateRun(TestRunner.java:794)
at org.testng.TestRunner.run(TestRunner.java:596)
at org.testng.SuiteRunner.runTest(SuiteRunner.java:377)
at org.testng.SuiteRunner.runSequentially(SuiteRunner.java:371)
at org.testng.SuiteRunner.privateRun(SuiteRunner.java:332)
at org.testng.SuiteRunner.run(SuiteRunner.java:276)
at org.testng.SuiteRunnerWorker.runSuite(SuiteRunnerWorker.java:53)
at org.testng.SuiteRunnerWorker.run(SuiteRunnerWorker.java:96)
at org.testng.TestNG.runSuitesSequentially(TestNG.java:1212)
at org.testng.TestNG.runSuitesLocally(TestNG.java:1134)
at org.testng.TestNG.runSuites(TestNG.java:1063)
at org.testng.TestNG.run(TestNG.java:1031)
at org.apache.maven.surefire.testng.TestNGExecutor.run(TestNGExecutor.java:135)
at org.apache.maven.surefire.testng.TestNGDirectoryTestSuite.executeMulti(TestNGDirectoryTestSuite.java:193)
at org.apache.maven.surefire.testng.TestNGDirectoryTestSuite.execute(TestNGDirectoryTestSuite.java:94)
at org.apache.maven.surefire.testng.TestNGProvider.invoke(TestNGProvider.java:146)
at org.apache.maven.surefire.booter.ForkedBooter.invokeProviderInSameClassLoader(ForkedBooter.java:384)
at org.apache.maven.surefire.booter.ForkedBooter.runSuitesInProcess(ForkedBooter.java:345)
at org.apache.maven.surefire.booter.ForkedBooter.execute(ForkedBooter.java:126)
at org.apache.maven.surefire.booter.ForkedBooter.main(ForkedBooter.java:418)
]]>
            </full-stacktrace>
          </exception> <!-- com.codeborne.selenide.ex.ElementShouldNot -->
          <reporter-output>
          </reporter-output>
        </test-method> <!-- checkSelectedState -->
        <test-method status="PASS" signature="checkSelectedUsTerritories(java.lang.String)[pri:0, instance:com.seasy.ui.tests.JQuerySelectDropDownTest@520a3426]" name="checkSelectedUsTerritories" duration-ms="1596" started-at="2021-10-31T16:25:59 EET" finished-at="2021-10-31T16:26:00 EET">
          <params>
            <param index="0">
              <value>
                <![CDATA[Select US Outlying Territories]]>
              </value>
            </param>
          </params>
          <reporter-output>
          </reporter-output>
        </test-method> <!-- checkSelectedUsTerritories -->
      </class> <!-- com.seasy.ui.tests.JQuerySelectDropDownTest -->
      <class name="com.seasy.ui.tests.RadioButtonPageTest">
        <test-method status="PASS" signature="checkFemaleGenderAndZeroToFiveAgeGroup()[pri:0, instance:com.seasy.ui.tests.RadioButtonPageTest@18eed359]" name="checkFemaleGenderAndZeroToFiveAgeGroup" duration-ms="1011" started-at="2021-10-31T16:26:00 EET" description="Check &#039;Female&#039; gender and &#039;0-5&#039; age group" finished-at="2021-10-31T16:26:02 EET">
          <reporter-output>
          </reporter-output>
        </test-method> <!-- checkFemaleGenderAndZeroToFiveAgeGroup -->
        <test-method status="PASS" signature="checkMaleGenderAndFiveToFifteenAgeGroup()[pri:0, instance:com.seasy.ui.tests.RadioButtonPageTest@18eed359]" name="checkMaleGenderAndFiveToFifteenAgeGroup" duration-ms="886" started-at="2021-10-31T16:26:02 EET" description="Check &#039;Male&#039; gender and &#039;5-15&#039; age group" finished-at="2021-10-31T16:26:02 EET">
          <reporter-output>
          </reporter-output>
        </test-method> <!-- checkMaleGenderAndFiveToFifteenAgeGroup -->
        <test-method status="PASS" signature="checkSelectMaleRadioButton()[pri:0, instance:com.seasy.ui.tests.RadioButtonPageTest@18eed359]" name="checkSelectMaleRadioButton" duration-ms="973" started-at="2021-10-31T16:26:02 EET" finished-at="2021-10-31T16:26:03 EET">
          <reporter-output>
          </reporter-output>
        </test-method> <!-- checkSelectMaleRadioButton -->
        <test-method status="PASS" signature="checkSelectedFemaleRadioButton()[pri:0, instance:com.seasy.ui.tests.RadioButtonPageTest@18eed359]" name="checkSelectedFemaleRadioButton" duration-ms="754" started-at="2021-10-31T16:26:03 EET" finished-at="2021-10-31T16:26:04 EET">
          <reporter-output>
          </reporter-output>
        </test-method> <!-- checkSelectedFemaleRadioButton -->
        <test-method status="FAIL" signature="checkUnselectedValue()[pri:0, instance:com.seasy.ui.tests.RadioButtonPageTest@18eed359]" name="checkUnselectedValue" duration-ms="4875" started-at="2021-10-31T16:26:04 EET" finished-at="2021-10-31T16:26:09 EET">
          <exception class="com.codeborne.selenide.ex.ElementShould">
            <message>
              <![CDATA[Element should have text 'Radio button is Not checked' {.groupradiobutton}
Element: '<p class="groupradiobutton" displayed:false></p>'
Screenshot: file:/C:/Users/kbuch/Desktop/test-project/ui-tests/build/reports/tests/1635690369336.4.png
Page source: file:/C:/Users/kbuch/Desktop/test-project/ui-tests/build/reports/tests/1635690369336.4.html
Timeout: 4 s.]]>
            </message>
            <full-stacktrace>
              <![CDATA[Element should have text 'Radio button is Not checked' {.groupradiobutton}
Element: '<p class="groupradiobutton" displayed:false></p>'
Screenshot: file:/C:/Users/kbuch/Desktop/test-project/ui-tests/build/reports/tests/1635690369336.4.png
Page source: file:/C:/Users/kbuch/Desktop/test-project/ui-tests/build/reports/tests/1635690369336.4.html
Timeout: 4 s.
at com.codeborne.selenide.impl.WebElementSource.checkCondition(WebElementSource.java:121)
at com.codeborne.selenide.commands.Should.execute(Should.java:30)
at com.codeborne.selenide.commands.Should.execute(Should.java:14)
at com.codeborne.selenide.commands.Commands.execute(Commands.java:155)
at com.codeborne.selenide.impl.SelenideElementProxy.dispatchAndRetry(SelenideElementProxy.java:133)
at com.codeborne.selenide.impl.SelenideElementProxy.invoke(SelenideElementProxy.java:85)
at com.sun.proxy.$Proxy3.shouldHave(Unknown Source)
at com.seasy.ui.pages.RadioButtonsPage.verifySingleRadioButtonIsNotSelected(RadioButtonsPage.java:50)
at com.seasy.ui.tests.RadioButtonPageTest.checkUnselectedValue(RadioButtonPageTest.java:27)
at sun.reflect.NativeMethodAccessorImpl.invoke0(Native Method)
at sun.reflect.NativeMethodAccessorImpl.invoke(NativeMethodAccessorImpl.java:62)
at sun.reflect.DelegatingMethodAccessorImpl.invoke(DelegatingMethodAccessorImpl.java:43)
at java.lang.reflect.Method.invoke(Method.java:498)
at org.testng.internal.MethodInvocationHelper.invokeMethod(MethodInvocationHelper.java:133)
at org.testng.internal.TestInvoker.invokeMethod(TestInvoker.java:598)
at org.testng.internal.TestInvoker.invokeTestMethod(TestInvoker.java:173)
at org.testng.internal.MethodRunner.runInSequence(MethodRunner.java:46)
at org.testng.internal.TestInvoker$MethodInvocationAgent.invoke(TestInvoker.java:824)
at org.testng.internal.TestInvoker.invokeTestMethods(TestInvoker.java:146)
at org.testng.internal.TestMethodWorker.invokeTestMethods(TestMethodWorker.java:146)
at org.testng.internal.TestMethodWorker.run(TestMethodWorker.java:128)
at java.util.ArrayList.forEach(ArrayList.java:1259)
at org.testng.TestRunner.privateRun(TestRunner.java:794)
at org.testng.TestRunner.run(TestRunner.java:596)
at org.testng.SuiteRunner.runTest(SuiteRunner.java:377)
at org.testng.SuiteRunner.runSequentially(SuiteRunner.java:371)
at org.testng.SuiteRunner.privateRun(SuiteRunner.java:332)
at org.testng.SuiteRunner.run(SuiteRunner.java:276)
at org.testng.SuiteRunnerWorker.runSuite(SuiteRunnerWorker.java:53)
at org.testng.SuiteRunnerWorker.run(SuiteRunnerWorker.java:96)
at org.testng.TestNG.runSuitesSequentially(TestNG.java:1212)
at org.testng.TestNG.runSuitesLocally(TestNG.java:1134)
at org.testng.TestNG.runSuites(TestNG.java:1063)
at org.testng.TestNG.run(TestNG.java:1031)
at org.apache.maven.surefire.testng.TestNGExecutor.run(TestNGExecutor.java:135)
at org.apache.maven.surefire.testng.TestNGDirectoryTestSuite.executeMulti(TestNGDirectoryTestSuite.java:193)
at org.apache.maven.surefire.testng.TestNGDirectoryTestSuite.execute(TestNGDirectoryTestSuite.java:94)
at org.apache.maven.surefire.testng.TestNGProvider.invoke(TestNGProvider.java:146)
at org.apache.maven.surefire.booter.ForkedBooter.invokeProviderInSameClassLoader(ForkedBooter.java:384)
at org.apache.maven.surefire.booter.ForkedBooter.runSuitesInProcess(ForkedBooter.java:345)
at org.apache.maven.surefire.booter.ForkedBooter.execute(ForkedBooter.java:126)
at org.apache.maven.surefire.booter.ForkedBooter.main(ForkedBooter.java:418)
]]>
            </full-stacktrace>
          </exception> <!-- com.codeborne.selenide.ex.ElementShould -->
          <reporter-output>
          </reporter-output>
        </test-method> <!-- checkUnselectedValue -->
      </class> <!-- com.seasy.ui.tests.RadioButtonPageTest -->
      <class name="com.seasy.ui.tests.InputFormSubmitTest">
        <test-method status="PASS" signature="checkDeletedFirstName()[pri:0, instance:com.seasy.ui.tests.InputFormSubmitTest@6536e911]" name="checkDeletedFirstName" duration-ms="2257" started-at="2021-10-31T16:25:33 EET" finished-at="2021-10-31T16:25:35 EET">
          <reporter-output>
          </reporter-output>
        </test-method> <!-- checkDeletedFirstName -->
        <test-method status="PASS" signature="checkFromSubmitWithAllDataEntered()[pri:0, instance:com.seasy.ui.tests.InputFormSubmitTest@6536e911]" name="checkFromSubmitWithAllDataEntered" duration-ms="5147" started-at="2021-10-31T16:25:35 EET" finished-at="2021-10-31T16:25:40 EET">
          <reporter-output>
          </reporter-output>
        </test-method> <!-- checkFromSubmitWithAllDataEntered -->
        <test-method status="PASS" signature="checkSubmitButtonIsDisabled()[pri:0, instance:com.seasy.ui.tests.InputFormSubmitTest@6536e911]" name="checkSubmitButtonIsDisabled" duration-ms="1657" started-at="2021-10-31T16:25:40 EET" finished-at="2021-10-31T16:25:42 EET">
          <reporter-output>
          </reporter-output>
        </test-method> <!-- checkSubmitButtonIsDisabled -->
      </class> <!-- com.seasy.ui.tests.InputFormSubmitTest -->
      <class name="com.seasy.ui.tests.AjaxSubmitFormTest">
        <test-method status="PASS" signature="checkFormIsSubmitted()[pri:0, instance:com.seasy.ui.tests.AjaxSubmitFormTest@71423665]" name="checkFormIsSubmitted" duration-ms="15149" started-at="2021-10-31T16:24:56 EET" finished-at="2021-10-31T16:25:11 EET">
          <reporter-output>
          </reporter-output>
        </test-method> <!-- checkFormIsSubmitted -->
        <test-method status="PASS" signature="checkRequiredNameField()[pri:0, instance:com.seasy.ui.tests.AjaxSubmitFormTest@71423665]" name="checkRequiredNameField" duration-ms="590" started-at="2021-10-31T16:25:11 EET" finished-at="2021-10-31T16:25:12 EET">
          <reporter-output>
          </reporter-output>
        </test-method> <!-- checkRequiredNameField -->
        <test-method status="PASS" signature="submitForm()[pri:0, instance:com.seasy.ui.tests.AjaxSubmitFormTest@71423665]" name="submitForm" duration-ms="1162" started-at="2021-10-31T16:25:12 EET" finished-at="2021-10-31T16:25:13 EET">
          <reporter-output>
          </reporter-output>
        </test-method> <!-- submitForm -->
      </class> <!-- com.seasy.ui.tests.AjaxSubmitFormTest -->
      <class name="com.seasy.ui.tests.CheckBoxTest">
        <test-method status="FAIL" signature="checkAllCheckboxesAreSelected()[pri:0, instance:com.seasy.ui.tests.CheckBoxTest@63753b6d]" name="checkAllCheckboxesAreSelected" duration-ms="6199" started-at="2021-10-31T16:25:13 EET" finished-at="2021-10-31T16:25:19 EET">
          <exception class="com.codeborne.selenide.ex.ElementShould">
            <message>
              <![CDATA[Element should have attribute value="Check All" {#check1}
Element: '<input class="btn btn-primary" id="check1" type="button" value="Uncheck All"></input>'
Actual value: value="Uncheck All"
Screenshot: file:/C:/Users/kbuch/Desktop/test-project/ui-tests/build/reports/tests/1635690319227.0.png
Page source: file:/C:/Users/kbuch/Desktop/test-project/ui-tests/build/reports/tests/1635690319227.0.html
Timeout: 4 s.]]>
            </message>
            <full-stacktrace>
              <![CDATA[Element should have attribute value="Check All" {#check1}
Element: '<input class="btn btn-primary" id="check1" type="button" value="Uncheck All"></input>'
Actual value: value="Uncheck All"
Screenshot: file:/C:/Users/kbuch/Desktop/test-project/ui-tests/build/reports/tests/1635690319227.0.png
Page source: file:/C:/Users/kbuch/Desktop/test-project/ui-tests/build/reports/tests/1635690319227.0.html
Timeout: 4 s.
at com.codeborne.selenide.impl.WebElementSource.checkCondition(WebElementSource.java:121)
at com.codeborne.selenide.commands.Should.execute(Should.java:30)
at com.codeborne.selenide.commands.Should.execute(Should.java:14)
at com.codeborne.selenide.commands.Commands.execute(Commands.java:155)
at com.codeborne.selenide.impl.SelenideElementProxy.dispatchAndRetry(SelenideElementProxy.java:133)
at com.codeborne.selenide.impl.SelenideElementProxy.invoke(SelenideElementProxy.java:85)
at com.sun.proxy.$Proxy3.shouldHave(Unknown Source)
at com.seasy.ui.pages.CheckBoxPage.checkCheckAllButtonIsDisplayed(CheckBoxPage.java:70)
at com.seasy.ui.tests.CheckBoxTest.checkAllCheckboxesAreSelected(CheckBoxTest.java:42)
at sun.reflect.NativeMethodAccessorImpl.invoke0(Native Method)
at sun.reflect.NativeMethodAccessorImpl.invoke(NativeMethodAccessorImpl.java:62)
at sun.reflect.DelegatingMethodAccessorImpl.invoke(DelegatingMethodAccessorImpl.java:43)
at java.lang.reflect.Method.invoke(Method.java:498)
at org.testng.internal.MethodInvocationHelper.invokeMethod(MethodInvocationHelper.java:133)
at org.testng.internal.TestInvoker.invokeMethod(TestInvoker.java:598)
at org.testng.internal.TestInvoker.invokeTestMethod(TestInvoker.java:173)
at org.testng.internal.MethodRunner.runInSequence(MethodRunner.java:46)
at org.testng.internal.TestInvoker$MethodInvocationAgent.invoke(TestInvoker.java:824)
at org.testng.internal.TestInvoker.invokeTestMethods(TestInvoker.java:146)
at org.testng.internal.TestMethodWorker.invokeTestMethods(TestMethodWorker.java:146)
at org.testng.internal.TestMethodWorker.run(TestMethodWorker.java:128)
at java.util.ArrayList.forEach(ArrayList.java:1259)
at org.testng.TestRunner.privateRun(TestRunner.java:794)
at org.testng.TestRunner.run(TestRunner.java:596)
at org.testng.SuiteRunner.runTest(SuiteRunner.java:377)
at org.testng.SuiteRunner.runSequentially(SuiteRunner.java:371)
at org.testng.SuiteRunner.privateRun(SuiteRunner.java:332)
at org.testng.SuiteRunner.run(SuiteRunner.java:276)
at org.testng.SuiteRunnerWorker.runSuite(SuiteRunnerWorker.java:53)
at org.testng.SuiteRunnerWorker.run(SuiteRunnerWorker.java:96)
at org.testng.TestNG.runSuitesSequentially(TestNG.java:1212)
at org.testng.TestNG.runSuitesLocally(TestNG.java:1134)
at org.testng.TestNG.runSuites(TestNG.java:1063)
at org.testng.TestNG.run(TestNG.java:1031)
at org.apache.maven.surefire.testng.TestNGExecutor.run(TestNGExecutor.java:135)
at org.apache.maven.surefire.testng.TestNGDirectoryTestSuite.executeMulti(TestNGDirectoryTestSuite.java:193)
at org.apache.maven.surefire.testng.TestNGDirectoryTestSuite.execute(TestNGDirectoryTestSuite.java:94)
at org.apache.maven.surefire.testng.TestNGProvider.invoke(TestNGProvider.java:146)
at org.apache.maven.surefire.booter.ForkedBooter.invokeProviderInSameClassLoader(ForkedBooter.java:384)
at org.apache.maven.surefire.booter.ForkedBooter.runSuitesInProcess(ForkedBooter.java:345)
at org.apache.maven.surefire.booter.ForkedBooter.execute(ForkedBooter.java:126)
at org.apache.maven.surefire.booter.ForkedBooter.main(ForkedBooter.java:418)
]]>
            </full-stacktrace>
          </exception> <!-- com.codeborne.selenide.ex.ElementShould -->
          <reporter-output>
          </reporter-output>
        </test-method> <!-- checkAllCheckboxesAreSelected -->
        <test-method status="PASS" signature="checkCheckAllButtonWithOneUnselectedCheckbox()[pri:0, instance:com.seasy.ui.tests.CheckBoxTest@63753b6d]" name="checkCheckAllButtonWithOneUnselectedCheckbox" duration-ms="1839" started-at="2021-10-31T16:25:19 EET" finished-at="2021-10-31T16:25:21 EET">
          <reporter-output>
          </reporter-output>
        </test-method> <!-- checkCheckAllButtonWithOneUnselectedCheckbox -->
        <test-method status="PASS" signature="checkMultipleCheckBoxIsSelected()[pri:0, instance:com.seasy.ui.tests.CheckBoxTest@63753b6d]" name="checkMultipleCheckBoxIsSelected" duration-ms="995" started-at="2021-10-31T16:25:21 EET" finished-at="2021-10-31T16:25:22 EET">
          <reporter-output>
          </reporter-output>
        </test-method> <!-- checkMultipleCheckBoxIsSelected -->
        <test-method status="PASS" signature="checkMultipleCheckBoxIsUnselected()[pri:0, instance:com.seasy.ui.tests.CheckBoxTest@63753b6d]" name="checkMultipleCheckBoxIsUnselected" duration-ms="1959" started-at="2021-10-31T16:25:22 EET" finished-at="2021-10-31T16:25:24 EET">
          <reporter-output>
          </reporter-output>
        </test-method> <!-- checkMultipleCheckBoxIsUnselected -->
        <test-method status="PASS" signature="checkUnselectOfSelectedCheckBoxTest()[pri:0, instance:com.seasy.ui.tests.CheckBoxTest@63753b6d]" name="checkUnselectOfSelectedCheckBoxTest" duration-ms="752" started-at="2021-10-31T16:25:24 EET" finished-at="2021-10-31T16:25:25 EET">
          <reporter-output>
          </reporter-output>
        </test-method> <!-- checkUnselectOfSelectedCheckBoxTest -->
        <test-method status="PASS" signature="checkUnselectedCheckBox()[pri:0, instance:com.seasy.ui.tests.CheckBoxTest@63753b6d]" name="checkUnselectedCheckBox" duration-ms="592" started-at="2021-10-31T16:25:25 EET" finished-at="2021-10-31T16:25:25 EET">
          <reporter-output>
          </reporter-output>
        </test-method> <!-- checkUnselectedCheckBox -->
        <test-method status="PASS" signature="selectSingleCheckBoxTest()[pri:0, instance:com.seasy.ui.tests.CheckBoxTest@63753b6d]" name="selectSingleCheckBoxTest" duration-ms="632" started-at="2021-10-31T16:25:25 EET" finished-at="2021-10-31T16:25:26 EET">
          <reporter-output>
          </reporter-output>
        </test-method> <!-- selectSingleCheckBoxTest -->
      </class> <!-- com.seasy.ui.tests.CheckBoxTest -->
    </test> <!-- Surefire test -->
  </suite> <!-- Surefire suite -->
</testng-results>
