-------------------------------------------------------------------------------
Test set: TestSuite
-------------------------------------------------------------------------------
Tests run: 33, Failures: 33, Errors: 0, Skipped: 0, Time elapsed: 4.52 s <<< FAILURE! - in TestSuite
checkEmptyMessageTest(com.seasy.ui.tests.FormTests.SimpleFormTest)  Time elapsed: 1.743 s  <<< FAILURE!
org.openqa.selenium.SessionNotCreatedException: 
Unable to create new service: ChromeDriverService
Build info: version: '3.141.59', revision: 'e82be7d358', time: '2018-11-14T08:25:53'
System info: host: '5CD110DGDQ', ip: '172.21.48.1', os.name: 'Windows 10', os.arch: 'amd64', os.version: '10.0', java.version: '1.8.0_291'
Driver info: driver.version: unknown
Command duration or timeout: 454 milliseconds
	at com.seasy.ui.tests.FormTests.SimpleFormTest.checkEmptyMessageTest(SimpleFormTest.java:10)
Caused by: org.openqa.selenium.SessionNotCreatedException: 
Unable to create new service: ChromeDriverService
Build info: version: '3.141.59', revision: 'e82be7d358', time: '2018-11-14T08:25:53'
System info: host: '5CD110DGDQ', ip: '172.21.48.1', os.name: 'Windows 10', os.arch: 'amd64', os.version: '10.0', java.version: '1.8.0_291'
Driver info: driver.version: unknown
Build info: version: '3.141.59', revision: 'e82be7d358', time: '2018-11-14T08:17:03'
System info: host: '5CD110DGDQ', ip: '172.21.48.1', os.name: 'Windows 10', os.arch: 'amd64', os.version: '10.0', java.version: '1.8.0_291'
Driver info: driver.version: unknown

checkTotalResultWithEmptyFieldsTest(com.seasy.ui.tests.FormTests.SimpleFormTest)  Time elapsed: 1.748 s  <<< FAILURE!
org.openqa.selenium.SessionNotCreatedException: 
Unable to create new service: ChromeDriverService
Build info: version: '3.141.59', revision: 'e82be7d358', time: '2018-11-14T08:25:53'
System info: host: '5CD110DGDQ', ip: '172.21.48.1', os.name: 'Windows 10', os.arch: 'amd64', os.version: '10.0', java.version: '1.8.0_291'
Driver info: driver.version: unknown
Command duration or timeout: 455 milliseconds
	at com.seasy.ui.tests.FormTests.SimpleFormTest.checkTotalResultWithEmptyFieldsTest(SimpleFormTest.java:41)
Caused by: org.openqa.selenium.SessionNotCreatedException: 
Unable to create new service: ChromeDriverService
Build info: version: '3.141.59', revision: 'e82be7d358', time: '2018-11-14T08:25:53'
System info: host: '5CD110DGDQ', ip: '172.21.48.1', os.name: 'Windows 10', os.arch: 'amd64', os.version: '10.0', java.version: '1.8.0_291'
Driver info: driver.version: unknown
Build info: version: '3.141.59', revision: 'e82be7d358', time: '2018-11-14T08:17:03'
System info: host: '5CD110DGDQ', ip: '172.21.48.1', os.name: 'Windows 10', os.arch: 'amd64', os.version: '10.0', java.version: '1.8.0_291'
Driver info: driver.version: unknown

checkYourMessageTest(com.seasy.ui.tests.FormTests.SimpleFormTest)  Time elapsed: 1.748 s  <<< FAILURE!
org.openqa.selenium.SessionNotCreatedException: 
Unable to create new service: ChromeDriverService
Build info: version: '3.141.59', revision: 'e82be7d358', time: '2018-11-14T08:25:53'
System info: host: '5CD110DGDQ', ip: '172.21.48.1', os.name: 'Windows 10', os.arch: 'amd64', os.version: '10.0', java.version: '1.8.0_291'
Driver info: driver.version: unknown
Command duration or timeout: 455 milliseconds
	at com.seasy.ui.tests.FormTests.SimpleFormTest.checkYourMessageTest(SimpleFormTest.java:17)
Caused by: org.openqa.selenium.SessionNotCreatedException: 
Unable to create new service: ChromeDriverService
Build info: version: '3.141.59', revision: 'e82be7d358', time: '2018-11-14T08:25:53'
System info: host: '5CD110DGDQ', ip: '172.21.48.1', os.name: 'Windows 10', os.arch: 'amd64', os.version: '10.0', java.version: '1.8.0_291'
Driver info: driver.version: unknown
Build info: version: '3.141.59', revision: 'e82be7d358', time: '2018-11-14T08:17:03'
System info: host: '5CD110DGDQ', ip: '172.21.48.1', os.name: 'Windows 10', os.arch: 'amd64', os.version: '10.0', java.version: '1.8.0_291'
Driver info: driver.version: unknown

checkTotalResultWithIntegerValuesTest(com.seasy.ui.tests.FormTests.SimpleFormTest)  Time elapsed: 1.749 s  <<< FAILURE!
org.openqa.selenium.SessionNotCreatedException: 
Unable to create new service: ChromeDriverService
Build info: version: '3.141.59', revision: 'e82be7d358', time: '2018-11-14T08:25:53'
System info: host: '5CD110DGDQ', ip: '172.21.48.1', os.name: 'Windows 10', os.arch: 'amd64', os.version: '10.0', java.version: '1.8.0_291'
Driver info: driver.version: unknown
Command duration or timeout: 454 milliseconds
	at com.seasy.ui.tests.FormTests.SimpleFormTest.checkTotalResultWithIntegerValuesTest(SimpleFormTest.java:25)
Caused by: org.openqa.selenium.SessionNotCreatedException: 
Unable to create new service: ChromeDriverService
Build info: version: '3.141.59', revision: 'e82be7d358', time: '2018-11-14T08:25:53'
System info: host: '5CD110DGDQ', ip: '172.21.48.1', os.name: 'Windows 10', os.arch: 'amd64', os.version: '10.0', java.version: '1.8.0_291'
Driver info: driver.version: unknown
Build info: version: '3.141.59', revision: 'e82be7d358', time: '2018-11-14T08:17:03'
System info: host: '5CD110DGDQ', ip: '172.21.48.1', os.name: 'Windows 10', os.arch: 'amd64', os.version: '10.0', java.version: '1.8.0_291'
Driver info: driver.version: unknown

checkTotalResultWithStringValuesTest(com.seasy.ui.tests.FormTests.SimpleFormTest)  Time elapsed: 1.749 s  <<< FAILURE!
org.openqa.selenium.SessionNotCreatedException: 
Unable to create new service: ChromeDriverService
Build info: version: '3.141.59', revision: 'e82be7d358', time: '2018-11-14T08:25:53'
System info: host: '5CD110DGDQ', ip: '172.21.48.1', os.name: 'Windows 10', os.arch: 'amd64', os.version: '10.0', java.version: '1.8.0_291'
Driver info: driver.version: unknown
Command duration or timeout: 453 milliseconds
	at com.seasy.ui.tests.FormTests.SimpleFormTest.checkTotalResultWithStringValuesTest(SimpleFormTest.java:33)
Caused by: org.openqa.selenium.SessionNotCreatedException: 
Unable to create new service: ChromeDriverService
Build info: version: '3.141.59', revision: 'e82be7d358', time: '2018-11-14T08:25:53'
System info: host: '5CD110DGDQ', ip: '172.21.48.1', os.name: 'Windows 10', os.arch: 'amd64', os.version: '10.0', java.version: '1.8.0_291'
Driver info: driver.version: unknown
Build info: version: '3.141.59', revision: 'e82be7d358', time: '2018-11-14T08:17:03'
System info: host: '5CD110DGDQ', ip: '172.21.48.1', os.name: 'Windows 10', os.arch: 'amd64', os.version: '10.0', java.version: '1.8.0_291'
Driver info: driver.version: unknown

submitForm(com.seasy.ui.tests.FormTests.AjaxSubmitFormTests)  Time elapsed: 0.154 s  <<< FAILURE!
org.openqa.selenium.SessionNotCreatedException: 
Unable to create new service: ChromeDriverService
Build info: version: '3.141.59', revision: 'e82be7d358', time: '2018-11-14T08:25:53'
System info: host: '5CD110DGDQ', ip: '172.21.48.1', os.name: 'Windows 10', os.arch: 'amd64', os.version: '10.0', java.version: '1.8.0_291'
Driver info: driver.version: unknown
Command duration or timeout: 107 milliseconds
	at com.seasy.ui.tests.FormTests.AjaxSubmitFormTests.submitForm(AjaxSubmitFormTests.java:16)
Caused by: org.openqa.selenium.SessionNotCreatedException: 
Unable to create new service: ChromeDriverService
Build info: version: '3.141.59', revision: 'e82be7d358', time: '2018-11-14T08:25:53'
System info: host: '5CD110DGDQ', ip: '172.21.48.1', os.name: 'Windows 10', os.arch: 'amd64', os.version: '10.0', java.version: '1.8.0_291'
Driver info: driver.version: unknown
Build info: version: '3.141.59', revision: 'e82be7d358', time: '2018-11-14T08:17:03'
System info: host: '5CD110DGDQ', ip: '172.21.48.1', os.name: 'Windows 10', os.arch: 'amd64', os.version: '10.0', java.version: '1.8.0_291'
Driver info: driver.version: unknown

checkRequiredNameField(com.seasy.ui.tests.FormTests.AjaxSubmitFormTests)  Time elapsed: 0.154 s  <<< FAILURE!
org.openqa.selenium.SessionNotCreatedException: 
Unable to create new service: ChromeDriverService
Build info: version: '3.141.59', revision: 'e82be7d358', time: '2018-11-14T08:25:53'
System info: host: '5CD110DGDQ', ip: '172.21.48.1', os.name: 'Windows 10', os.arch: 'amd64', os.version: '10.0', java.version: '1.8.0_291'
Driver info: driver.version: unknown
Command duration or timeout: 112 milliseconds
	at com.seasy.ui.tests.FormTests.AjaxSubmitFormTests.checkRequiredNameField(AjaxSubmitFormTests.java:34)
Caused by: org.openqa.selenium.SessionNotCreatedException: 
Unable to create new service: ChromeDriverService
Build info: version: '3.141.59', revision: 'e82be7d358', time: '2018-11-14T08:25:53'
System info: host: '5CD110DGDQ', ip: '172.21.48.1', os.name: 'Windows 10', os.arch: 'amd64', os.version: '10.0', java.version: '1.8.0_291'
Driver info: driver.version: unknown
Build info: version: '3.141.59', revision: 'e82be7d358', time: '2018-11-14T08:17:03'
System info: host: '5CD110DGDQ', ip: '172.21.48.1', os.name: 'Windows 10', os.arch: 'amd64', os.version: '10.0', java.version: '1.8.0_291'
Driver info: driver.version: unknown

checkFormIsSubmitted(com.seasy.ui.tests.FormTests.AjaxSubmitFormTests)  Time elapsed: 0.612 s  <<< FAILURE!
org.openqa.selenium.SessionNotCreatedException: 
Unable to create new service: ChromeDriverService
Build info: version: '3.141.59', revision: 'e82be7d358', time: '2018-11-14T08:25:53'
System info: host: '5CD110DGDQ', ip: '172.21.48.1', os.name: 'Windows 10', os.arch: 'amd64', os.version: '10.0', java.version: '1.8.0_291'
Driver info: driver.version: unknown
Command duration or timeout: 130 milliseconds
	at com.seasy.ui.tests.FormTests.AjaxSubmitFormTests.checkFormIsSubmitted(AjaxSubmitFormTests.java:24)
Caused by: org.openqa.selenium.SessionNotCreatedException: 
Unable to create new service: ChromeDriverService
Build info: version: '3.141.59', revision: 'e82be7d358', time: '2018-11-14T08:25:53'
System info: host: '5CD110DGDQ', ip: '172.21.48.1', os.name: 'Windows 10', os.arch: 'amd64', os.version: '10.0', java.version: '1.8.0_291'
Driver info: driver.version: unknown
Build info: version: '3.141.59', revision: 'e82be7d358', time: '2018-11-14T08:17:03'
System info: host: '5CD110DGDQ', ip: '172.21.48.1', os.name: 'Windows 10', os.arch: 'amd64', os.version: '10.0', java.version: '1.8.0_291'
Driver info: driver.version: unknown

checkCheckAllButtonWithOneUnselectedCheckbox(com.seasy.ui.tests.FormTests.CheckBoxTests)  Time elapsed: 0.01 s  <<< FAILURE!
org.openqa.selenium.SessionNotCreatedException: 
Unable to create new service: ChromeDriverService
Build info: version: '3.141.59', revision: 'e82be7d358', time: '2018-11-14T08:25:53'
System info: host: '5CD110DGDQ', ip: '172.21.48.1', os.name: 'Windows 10', os.arch: 'amd64', os.version: '10.0', java.version: '1.8.0_291'
Driver info: driver.version: unknown
Command duration or timeout: 205 milliseconds
	at com.seasy.ui.tests.FormTests.CheckBoxTests.checkCheckAllButtonWithOneUnselectedCheckbox(CheckBoxTests.java:59)
Caused by: org.openqa.selenium.SessionNotCreatedException: 
Unable to create new service: ChromeDriverService
Build info: version: '3.141.59', revision: 'e82be7d358', time: '2018-11-14T08:25:53'
System info: host: '5CD110DGDQ', ip: '172.21.48.1', os.name: 'Windows 10', os.arch: 'amd64', os.version: '10.0', java.version: '1.8.0_291'
Driver info: driver.version: unknown
Build info: version: '3.141.59', revision: 'e82be7d358', time: '2018-11-14T08:17:03'
System info: host: '5CD110DGDQ', ip: '172.21.48.1', os.name: 'Windows 10', os.arch: 'amd64', os.version: '10.0', java.version: '1.8.0_291'
Driver info: driver.version: unknown

checkAllCheckboxesAreSelected(com.seasy.ui.tests.FormTests.CheckBoxTests)  Time elapsed: 0.084 s  <<< FAILURE!
org.openqa.selenium.SessionNotCreatedException: 
Unable to create new service: ChromeDriverService
Build info: version: '3.141.59', revision: 'e82be7d358', time: '2018-11-14T08:25:53'
System info: host: '5CD110DGDQ', ip: '172.21.48.1', os.name: 'Windows 10', os.arch: 'amd64', os.version: '10.0', java.version: '1.8.0_291'
Driver info: driver.version: unknown
Command duration or timeout: 217 milliseconds
	at com.seasy.ui.tests.FormTests.CheckBoxTests.checkAllCheckboxesAreSelected(CheckBoxTests.java:40)
Caused by: org.openqa.selenium.SessionNotCreatedException: 
Unable to create new service: ChromeDriverService
Build info: version: '3.141.59', revision: 'e82be7d358', time: '2018-11-14T08:25:53'
System info: host: '5CD110DGDQ', ip: '172.21.48.1', os.name: 'Windows 10', os.arch: 'amd64', os.version: '10.0', java.version: '1.8.0_291'
Driver info: driver.version: unknown
Build info: version: '3.141.59', revision: 'e82be7d358', time: '2018-11-14T08:17:03'
System info: host: '5CD110DGDQ', ip: '172.21.48.1', os.name: 'Windows 10', os.arch: 'amd64', os.version: '10.0', java.version: '1.8.0_291'
Driver info: driver.version: unknown

checkMultipleCheckBoxIsUnselected(com.seasy.ui.tests.FormTests.CheckBoxTests)  Time elapsed: 0.099 s  <<< FAILURE!
org.openqa.selenium.SessionNotCreatedException: 
Unable to create new service: ChromeDriverService
Build info: version: '3.141.59', revision: 'e82be7d358', time: '2018-11-14T08:25:53'
System info: host: '5CD110DGDQ', ip: '172.21.48.1', os.name: 'Windows 10', os.arch: 'amd64', os.version: '10.0', java.version: '1.8.0_291'
Driver info: driver.version: unknown
Command duration or timeout: 183 milliseconds
	at com.seasy.ui.tests.FormTests.CheckBoxTests.checkMultipleCheckBoxIsUnselected(CheckBoxTests.java:48)
Caused by: org.openqa.selenium.SessionNotCreatedException: 
Unable to create new service: ChromeDriverService
Build info: version: '3.141.59', revision: 'e82be7d358', time: '2018-11-14T08:25:53'
System info: host: '5CD110DGDQ', ip: '172.21.48.1', os.name: 'Windows 10', os.arch: 'amd64', os.version: '10.0', java.version: '1.8.0_291'
Driver info: driver.version: unknown
Build info: version: '3.141.59', revision: 'e82be7d358', time: '2018-11-14T08:17:03'
System info: host: '5CD110DGDQ', ip: '172.21.48.1', os.name: 'Windows 10', os.arch: 'amd64', os.version: '10.0', java.version: '1.8.0_291'
Driver info: driver.version: unknown

checkUnselectOfSelectedCheckBoxTest(com.seasy.ui.tests.FormTests.CheckBoxTests)  Time elapsed: 0.099 s  <<< FAILURE!
org.openqa.selenium.SessionNotCreatedException: 
Unable to create new service: ChromeDriverService
Build info: version: '3.141.59', revision: 'e82be7d358', time: '2018-11-14T08:25:53'
System info: host: '5CD110DGDQ', ip: '172.21.48.1', os.name: 'Windows 10', os.arch: 'amd64', os.version: '10.0', java.version: '1.8.0_291'
Driver info: driver.version: unknown
Command duration or timeout: 166 milliseconds
	at com.seasy.ui.tests.FormTests.CheckBoxTests.checkUnselectOfSelectedCheckBoxTest(CheckBoxTests.java:19)
Caused by: org.openqa.selenium.SessionNotCreatedException: 
Unable to create new service: ChromeDriverService
Build info: version: '3.141.59', revision: 'e82be7d358', time: '2018-11-14T08:25:53'
System info: host: '5CD110DGDQ', ip: '172.21.48.1', os.name: 'Windows 10', os.arch: 'amd64', os.version: '10.0', java.version: '1.8.0_291'
Driver info: driver.version: unknown
Build info: version: '3.141.59', revision: 'e82be7d358', time: '2018-11-14T08:17:03'
System info: host: '5CD110DGDQ', ip: '172.21.48.1', os.name: 'Windows 10', os.arch: 'amd64', os.version: '10.0', java.version: '1.8.0_291'
Driver info: driver.version: unknown

checkMultipleCheckBoxIsSelected(com.seasy.ui.tests.FormTests.CheckBoxTests)  Time elapsed: 0.006 s  <<< FAILURE!
org.openqa.selenium.SessionNotCreatedException: 
Unable to create new service: ChromeDriverService
Build info: version: '3.141.59', revision: 'e82be7d358', time: '2018-11-14T08:25:53'
System info: host: '5CD110DGDQ', ip: '172.21.48.1', os.name: 'Windows 10', os.arch: 'amd64', os.version: '10.0', java.version: '1.8.0_291'
Driver info: driver.version: unknown
Command duration or timeout: 215 milliseconds
	at com.seasy.ui.tests.FormTests.CheckBoxTests.checkMultipleCheckBoxIsSelected(CheckBoxTests.java:33)
Caused by: org.openqa.selenium.SessionNotCreatedException: 
Unable to create new service: ChromeDriverService
Build info: version: '3.141.59', revision: 'e82be7d358', time: '2018-11-14T08:25:53'
System info: host: '5CD110DGDQ', ip: '172.21.48.1', os.name: 'Windows 10', os.arch: 'amd64', os.version: '10.0', java.version: '1.8.0_291'
Driver info: driver.version: unknown
Build info: version: '3.141.59', revision: 'e82be7d358', time: '2018-11-14T08:17:03'
System info: host: '5CD110DGDQ', ip: '172.21.48.1', os.name: 'Windows 10', os.arch: 'amd64', os.version: '10.0', java.version: '1.8.0_291'
Driver info: driver.version: unknown

checkUnselectedCheckBox(com.seasy.ui.tests.FormTests.CheckBoxTests)  Time elapsed: 0.014 s  <<< FAILURE!
org.openqa.selenium.SessionNotCreatedException: 
Unable to create new service: ChromeDriverService
Build info: version: '3.141.59', revision: 'e82be7d358', time: '2018-11-14T08:25:53'
System info: host: '5CD110DGDQ', ip: '172.21.48.1', os.name: 'Windows 10', os.arch: 'amd64', os.version: '10.0', java.version: '1.8.0_291'
Driver info: driver.version: unknown
Command duration or timeout: 211 milliseconds
	at com.seasy.ui.tests.FormTests.CheckBoxTests.checkUnselectedCheckBox(CheckBoxTests.java:27)
Caused by: org.openqa.selenium.SessionNotCreatedException: 
Unable to create new service: ChromeDriverService
Build info: version: '3.141.59', revision: 'e82be7d358', time: '2018-11-14T08:25:53'
System info: host: '5CD110DGDQ', ip: '172.21.48.1', os.name: 'Windows 10', os.arch: 'amd64', os.version: '10.0', java.version: '1.8.0_291'
Driver info: driver.version: unknown
Build info: version: '3.141.59', revision: 'e82be7d358', time: '2018-11-14T08:17:03'
System info: host: '5CD110DGDQ', ip: '172.21.48.1', os.name: 'Windows 10', os.arch: 'amd64', os.version: '10.0', java.version: '1.8.0_291'
Driver info: driver.version: unknown

selectSingleCheckBoxTest(com.seasy.ui.tests.FormTests.CheckBoxTests)  Time elapsed: 0.061 s  <<< FAILURE!
org.openqa.selenium.SessionNotCreatedException: 
Unable to create new service: ChromeDriverService
Build info: version: '3.141.59', revision: 'e82be7d358', time: '2018-11-14T08:25:53'
System info: host: '5CD110DGDQ', ip: '172.21.48.1', os.name: 'Windows 10', os.arch: 'amd64', os.version: '10.0', java.version: '1.8.0_291'
Driver info: driver.version: unknown
Command duration or timeout: 211 milliseconds
	at com.seasy.ui.tests.FormTests.CheckBoxTests.selectSingleCheckBoxTest(CheckBoxTests.java:12)
Caused by: org.openqa.selenium.SessionNotCreatedException: 
Unable to create new service: ChromeDriverService
Build info: version: '3.141.59', revision: 'e82be7d358', time: '2018-11-14T08:25:53'
System info: host: '5CD110DGDQ', ip: '172.21.48.1', os.name: 'Windows 10', os.arch: 'amd64', os.version: '10.0', java.version: '1.8.0_291'
Driver info: driver.version: unknown
Build info: version: '3.141.59', revision: 'e82be7d358', time: '2018-11-14T08:17:03'
System info: host: '5CD110DGDQ', ip: '172.21.48.1', os.name: 'Windows 10', os.arch: 'amd64', os.version: '10.0', java.version: '1.8.0_291'
Driver info: driver.version: unknown

checkSelectedCity(com.seasy.ui.tests.FormTests.DropDownTests)  Time elapsed: 0.014 s  <<< FAILURE!
org.openqa.selenium.SessionNotCreatedException: 
Unable to create new service: ChromeDriverService
Build info: version: '3.141.59', revision: 'e82be7d358', time: '2018-11-14T08:25:53'
System info: host: '5CD110DGDQ', ip: '172.21.48.1', os.name: 'Windows 10', os.arch: 'amd64', os.version: '10.0', java.version: '1.8.0_291'
Driver info: driver.version: unknown
Command duration or timeout: 120 milliseconds
	at com.seasy.ui.tests.FormTests.DropDownTests.checkSelectedCity(DropDownTests.java:19)
Caused by: org.openqa.selenium.SessionNotCreatedException: 
Unable to create new service: ChromeDriverService
Build info: version: '3.141.59', revision: 'e82be7d358', time: '2018-11-14T08:25:53'
System info: host: '5CD110DGDQ', ip: '172.21.48.1', os.name: 'Windows 10', os.arch: 'amd64', os.version: '10.0', java.version: '1.8.0_291'
Driver info: driver.version: unknown
Build info: version: '3.141.59', revision: 'e82be7d358', time: '2018-11-14T08:17:03'
System info: host: '5CD110DGDQ', ip: '172.21.48.1', os.name: 'Windows 10', os.arch: 'amd64', os.version: '10.0', java.version: '1.8.0_291'
Driver info: driver.version: unknown

checkSelectedCities(com.seasy.ui.tests.FormTests.DropDownTests)  Time elapsed: 0.006 s  <<< FAILURE!
org.openqa.selenium.SessionNotCreatedException: 
Unable to create new service: ChromeDriverService
Build info: version: '3.141.59', revision: 'e82be7d358', time: '2018-11-14T08:25:53'
System info: host: '5CD110DGDQ', ip: '172.21.48.1', os.name: 'Windows 10', os.arch: 'amd64', os.version: '10.0', java.version: '1.8.0_291'
Driver info: driver.version: unknown
Command duration or timeout: 155 milliseconds
	at com.seasy.ui.tests.FormTests.DropDownTests.checkSelectedCities(DropDownTests.java:28)
Caused by: org.openqa.selenium.SessionNotCreatedException: 
Unable to create new service: ChromeDriverService
Build info: version: '3.141.59', revision: 'e82be7d358', time: '2018-11-14T08:25:53'
System info: host: '5CD110DGDQ', ip: '172.21.48.1', os.name: 'Windows 10', os.arch: 'amd64', os.version: '10.0', java.version: '1.8.0_291'
Driver info: driver.version: unknown
Build info: version: '3.141.59', revision: 'e82be7d358', time: '2018-11-14T08:17:03'
System info: host: '5CD110DGDQ', ip: '172.21.48.1', os.name: 'Windows 10', os.arch: 'amd64', os.version: '10.0', java.version: '1.8.0_291'
Driver info: driver.version: unknown

checkDeletedFirstName(com.seasy.ui.tests.FormTests.InputFormSubmitTests)  Time elapsed: 0.008 s  <<< FAILURE!
org.openqa.selenium.SessionNotCreatedException: 
Unable to create new service: ChromeDriverService
Build info: version: '3.141.59', revision: 'e82be7d358', time: '2018-11-14T08:25:53'
System info: host: '5CD110DGDQ', ip: '172.21.48.1', os.name: 'Windows 10', os.arch: 'amd64', os.version: '10.0', java.version: '1.8.0_291'
Driver info: driver.version: unknown
Command duration or timeout: 156 milliseconds
	at com.seasy.ui.tests.FormTests.InputFormSubmitTests.checkDeletedFirstName(InputFormSubmitTests.java:27)
Caused by: org.openqa.selenium.SessionNotCreatedException: 
Unable to create new service: ChromeDriverService
Build info: version: '3.141.59', revision: 'e82be7d358', time: '2018-11-14T08:25:53'
System info: host: '5CD110DGDQ', ip: '172.21.48.1', os.name: 'Windows 10', os.arch: 'amd64', os.version: '10.0', java.version: '1.8.0_291'
Driver info: driver.version: unknown
Build info: version: '3.141.59', revision: 'e82be7d358', time: '2018-11-14T08:17:03'
System info: host: '5CD110DGDQ', ip: '172.21.48.1', os.name: 'Windows 10', os.arch: 'amd64', os.version: '10.0', java.version: '1.8.0_291'
Driver info: driver.version: unknown

checkFromSubmitWithAllDataEntered(com.seasy.ui.tests.FormTests.InputFormSubmitTests)  Time elapsed: 0.049 s  <<< FAILURE!
org.openqa.selenium.SessionNotCreatedException: 
Unable to create new service: ChromeDriverService
Build info: version: '3.141.59', revision: 'e82be7d358', time: '2018-11-14T08:25:53'
System info: host: '5CD110DGDQ', ip: '172.21.48.1', os.name: 'Windows 10', os.arch: 'amd64', os.version: '10.0', java.version: '1.8.0_291'
Driver info: driver.version: unknown
Command duration or timeout: 144 milliseconds
	at com.seasy.ui.tests.FormTests.InputFormSubmitTests.checkFromSubmitWithAllDataEntered(InputFormSubmitTests.java:35)
Caused by: org.openqa.selenium.SessionNotCreatedException: 
Unable to create new service: ChromeDriverService
Build info: version: '3.141.59', revision: 'e82be7d358', time: '2018-11-14T08:25:53'
System info: host: '5CD110DGDQ', ip: '172.21.48.1', os.name: 'Windows 10', os.arch: 'amd64', os.version: '10.0', java.version: '1.8.0_291'
Driver info: driver.version: unknown
Build info: version: '3.141.59', revision: 'e82be7d358', time: '2018-11-14T08:17:03'
System info: host: '5CD110DGDQ', ip: '172.21.48.1', os.name: 'Windows 10', os.arch: 'amd64', os.version: '10.0', java.version: '1.8.0_291'
Driver info: driver.version: unknown

checkCategoriesOptions(com.seasy.ui.tests.FormTests.JQuerySelectDropDownTests)  Time elapsed: 0.011 s  <<< FAILURE!
org.openqa.selenium.SessionNotCreatedException: 
Unable to create new service: ChromeDriverService
Build info: version: '3.141.59', revision: 'e82be7d358', time: '2018-11-14T08:25:53'
System info: host: '5CD110DGDQ', ip: '172.21.48.1', os.name: 'Windows 10', os.arch: 'amd64', os.version: '10.0', java.version: '1.8.0_291'
Driver info: driver.version: unknown
Command duration or timeout: 96 milliseconds
	at com.seasy.ui.tests.FormTests.JQuerySelectDropDownTests.checkCategoriesOptions(JQuerySelectDropDownTests.java:59)
Caused by: org.openqa.selenium.SessionNotCreatedException: 
Unable to create new service: ChromeDriverService
Build info: version: '3.141.59', revision: 'e82be7d358', time: '2018-11-14T08:25:53'
System info: host: '5CD110DGDQ', ip: '172.21.48.1', os.name: 'Windows 10', os.arch: 'amd64', os.version: '10.0', java.version: '1.8.0_291'
Driver info: driver.version: unknown
Build info: version: '3.141.59', revision: 'e82be7d358', time: '2018-11-14T08:17:03'
System info: host: '5CD110DGDQ', ip: '172.21.48.1', os.name: 'Windows 10', os.arch: 'amd64', os.version: '10.0', java.version: '1.8.0_291'
Driver info: driver.version: unknown

checkSelectedDayFromDropDown(com.seasy.ui.tests.FormTests.DropDownTests)  Time elapsed: 0.011 s  <<< FAILURE!
org.openqa.selenium.SessionNotCreatedException: 
Unable to create new service: ChromeDriverService
Build info: version: '3.141.59', revision: 'e82be7d358', time: '2018-11-14T08:25:53'
System info: host: '5CD110DGDQ', ip: '172.21.48.1', os.name: 'Windows 10', os.arch: 'amd64', os.version: '10.0', java.version: '1.8.0_291'
Driver info: driver.version: unknown
Command duration or timeout: 292 milliseconds
	at com.seasy.ui.tests.FormTests.DropDownTests.checkSelectedDayFromDropDown(DropDownTests.java:12)
Caused by: org.openqa.selenium.SessionNotCreatedException: 
Unable to create new service: ChromeDriverService
Build info: version: '3.141.59', revision: 'e82be7d358', time: '2018-11-14T08:25:53'
System info: host: '5CD110DGDQ', ip: '172.21.48.1', os.name: 'Windows 10', os.arch: 'amd64', os.version: '10.0', java.version: '1.8.0_291'
Driver info: driver.version: unknown
Build info: version: '3.141.59', revision: 'e82be7d358', time: '2018-11-14T08:17:03'
System info: host: '5CD110DGDQ', ip: '172.21.48.1', os.name: 'Windows 10', os.arch: 'amd64', os.version: '10.0', java.version: '1.8.0_291'
Driver info: driver.version: unknown

checkSubmitButtonIsDisabled(com.seasy.ui.tests.FormTests.InputFormSubmitTests)  Time elapsed: 0.012 s  <<< FAILURE!
org.openqa.selenium.SessionNotCreatedException: 
Unable to create new service: ChromeDriverService
Build info: version: '3.141.59', revision: 'e82be7d358', time: '2018-11-14T08:25:53'
System info: host: '5CD110DGDQ', ip: '172.21.48.1', os.name: 'Windows 10', os.arch: 'amd64', os.version: '10.0', java.version: '1.8.0_291'
Driver info: driver.version: unknown
Command duration or timeout: 144 milliseconds
	at com.seasy.ui.tests.FormTests.InputFormSubmitTests.checkSubmitButtonIsDisabled(InputFormSubmitTests.java:52)
Caused by: org.openqa.selenium.SessionNotCreatedException: 
Unable to create new service: ChromeDriverService
Build info: version: '3.141.59', revision: 'e82be7d358', time: '2018-11-14T08:25:53'
System info: host: '5CD110DGDQ', ip: '172.21.48.1', os.name: 'Windows 10', os.arch: 'amd64', os.version: '10.0', java.version: '1.8.0_291'
Driver info: driver.version: unknown
Build info: version: '3.141.59', revision: 'e82be7d358', time: '2018-11-14T08:17:03'
System info: host: '5CD110DGDQ', ip: '172.21.48.1', os.name: 'Windows 10', os.arch: 'amd64', os.version: '10.0', java.version: '1.8.0_291'
Driver info: driver.version: unknown

checkSelectedCountry(com.seasy.ui.tests.FormTests.JQuerySelectDropDownTests)  Time elapsed: 0.022 s  <<< FAILURE!
org.openqa.selenium.SessionNotCreatedException: 
Unable to create new service: ChromeDriverService
Build info: version: '3.141.59', revision: 'e82be7d358', time: '2018-11-14T08:25:53'
System info: host: '5CD110DGDQ', ip: '172.21.48.1', os.name: 'Windows 10', os.arch: 'amd64', os.version: '10.0', java.version: '1.8.0_291'
Driver info: driver.version: unknown
Command duration or timeout: 141 milliseconds
	at com.seasy.ui.tests.FormTests.JQuerySelectDropDownTests.checkSelectedCountry(JQuerySelectDropDownTests.java:14)
Caused by: org.openqa.selenium.SessionNotCreatedException: 
Unable to create new service: ChromeDriverService
Build info: version: '3.141.59', revision: 'e82be7d358', time: '2018-11-14T08:25:53'
System info: host: '5CD110DGDQ', ip: '172.21.48.1', os.name: 'Windows 10', os.arch: 'amd64', os.version: '10.0', java.version: '1.8.0_291'
Driver info: driver.version: unknown
Build info: version: '3.141.59', revision: 'e82be7d358', time: '2018-11-14T08:17:03'
System info: host: '5CD110DGDQ', ip: '172.21.48.1', os.name: 'Windows 10', os.arch: 'amd64', os.version: '10.0', java.version: '1.8.0_291'
Driver info: driver.version: unknown

checkNoResultFound(com.seasy.ui.tests.FormTests.JQuerySelectDropDownTests)  Time elapsed: 0.022 s  <<< FAILURE!
org.openqa.selenium.SessionNotCreatedException: 
Unable to create new service: ChromeDriverService
Build info: version: '3.141.59', revision: 'e82be7d358', time: '2018-11-14T08:25:53'
System info: host: '5CD110DGDQ', ip: '172.21.48.1', os.name: 'Windows 10', os.arch: 'amd64', os.version: '10.0', java.version: '1.8.0_291'
Driver info: driver.version: unknown
Command duration or timeout: 149 milliseconds
	at com.seasy.ui.tests.FormTests.JQuerySelectDropDownTests.checkNoResultFound(JQuerySelectDropDownTests.java:46)
Caused by: org.openqa.selenium.SessionNotCreatedException: 
Unable to create new service: ChromeDriverService
Build info: version: '3.141.59', revision: 'e82be7d358', time: '2018-11-14T08:25:53'
System info: host: '5CD110DGDQ', ip: '172.21.48.1', os.name: 'Windows 10', os.arch: 'amd64', os.version: '10.0', java.version: '1.8.0_291'
Driver info: driver.version: unknown
Build info: version: '3.141.59', revision: 'e82be7d358', time: '2018-11-14T08:17:03'
System info: host: '5CD110DGDQ', ip: '172.21.48.1', os.name: 'Windows 10', os.arch: 'amd64', os.version: '10.0', java.version: '1.8.0_291'
Driver info: driver.version: unknown

checkCategoriesOptionsInNotEmpty(com.seasy.ui.tests.FormTests.JQuerySelectDropDownTests)  Time elapsed: 0.013 s  <<< FAILURE!
org.openqa.selenium.SessionNotCreatedException: 
Unable to create new service: ChromeDriverService
Build info: version: '3.141.59', revision: 'e82be7d358', time: '2018-11-14T08:25:53'
System info: host: '5CD110DGDQ', ip: '172.21.48.1', os.name: 'Windows 10', os.arch: 'amd64', os.version: '10.0', java.version: '1.8.0_291'
Driver info: driver.version: unknown
Command duration or timeout: 165 milliseconds
	at com.seasy.ui.tests.FormTests.JQuerySelectDropDownTests.checkCategoriesOptionsInNotEmpty(JQuerySelectDropDownTests.java:53)
Caused by: org.openqa.selenium.SessionNotCreatedException: 
Unable to create new service: ChromeDriverService
Build info: version: '3.141.59', revision: 'e82be7d358', time: '2018-11-14T08:25:53'
System info: host: '5CD110DGDQ', ip: '172.21.48.1', os.name: 'Windows 10', os.arch: 'amd64', os.version: '10.0', java.version: '1.8.0_291'
Driver info: driver.version: unknown
Build info: version: '3.141.59', revision: 'e82be7d358', time: '2018-11-14T08:17:03'
System info: host: '5CD110DGDQ', ip: '172.21.48.1', os.name: 'Windows 10', os.arch: 'amd64', os.version: '10.0', java.version: '1.8.0_291'
Driver info: driver.version: unknown

checkSelectedState(com.seasy.ui.tests.FormTests.JQuerySelectDropDownTests)  Time elapsed: 0.007 s  <<< FAILURE!
org.openqa.selenium.SessionNotCreatedException: 
Unable to create new service: ChromeDriverService
Build info: version: '3.141.59', revision: 'e82be7d358', time: '2018-11-14T08:25:53'
System info: host: '5CD110DGDQ', ip: '172.21.48.1', os.name: 'Windows 10', os.arch: 'amd64', os.version: '10.0', java.version: '1.8.0_291'
Driver info: driver.version: unknown
Command duration or timeout: 158 milliseconds
	at com.seasy.ui.tests.FormTests.JQuerySelectDropDownTests.checkSelectedState(JQuerySelectDropDownTests.java:21)
Caused by: org.openqa.selenium.SessionNotCreatedException: 
Unable to create new service: ChromeDriverService
Build info: version: '3.141.59', revision: 'e82be7d358', time: '2018-11-14T08:25:53'
System info: host: '5CD110DGDQ', ip: '172.21.48.1', os.name: 'Windows 10', os.arch: 'amd64', os.version: '10.0', java.version: '1.8.0_291'
Driver info: driver.version: unknown
Build info: version: '3.141.59', revision: 'e82be7d358', time: '2018-11-14T08:17:03'
System info: host: '5CD110DGDQ', ip: '172.21.48.1', os.name: 'Windows 10', os.arch: 'amd64', os.version: '10.0', java.version: '1.8.0_291'
Driver info: driver.version: unknown

checkSelectedRandomItems(com.seasy.ui.tests.FormTests.JQuerySelectDropDownTests)  Time elapsed: 0.007 s  <<< FAILURE!
org.openqa.selenium.SessionNotCreatedException: 
Unable to create new service: ChromeDriverService
Build info: version: '3.141.59', revision: 'e82be7d358', time: '2018-11-14T08:25:53'
System info: host: '5CD110DGDQ', ip: '172.21.48.1', os.name: 'Windows 10', os.arch: 'amd64', os.version: '10.0', java.version: '1.8.0_291'
Driver info: driver.version: unknown
Command duration or timeout: 201 milliseconds
	at com.seasy.ui.tests.FormTests.JQuerySelectDropDownTests.checkSelectedRandomItems(JQuerySelectDropDownTests.java:33)
Caused by: org.openqa.selenium.SessionNotCreatedException: 
Unable to create new service: ChromeDriverService
Build info: version: '3.141.59', revision: 'e82be7d358', time: '2018-11-14T08:25:53'
System info: host: '5CD110DGDQ', ip: '172.21.48.1', os.name: 'Windows 10', os.arch: 'amd64', os.version: '10.0', java.version: '1.8.0_291'
Driver info: driver.version: unknown
Build info: version: '3.141.59', revision: 'e82be7d358', time: '2018-11-14T08:17:03'
System info: host: '5CD110DGDQ', ip: '172.21.48.1', os.name: 'Windows 10', os.arch: 'amd64', os.version: '10.0', java.version: '1.8.0_291'
Driver info: driver.version: unknown

checkSelectedUsTerritories(com.seasy.ui.tests.FormTests.JQuerySelectDropDownTests)  Time elapsed: 0 s  <<< FAILURE!
org.openqa.selenium.SessionNotCreatedException: 
Unable to create new service: ChromeDriverService
Build info: version: '3.141.59', revision: 'e82be7d358', time: '2018-11-14T08:25:53'
System info: host: '5CD110DGDQ', ip: '172.21.48.1', os.name: 'Windows 10', os.arch: 'amd64', os.version: '10.0', java.version: '1.8.0_291'
Driver info: driver.version: unknown
Command duration or timeout: 76 milliseconds
	at com.seasy.ui.tests.FormTests.JQuerySelectDropDownTests.checkSelectedUsTerritories(JQuerySelectDropDownTests.java:40)
Caused by: org.openqa.selenium.SessionNotCreatedException: 
Unable to create new service: ChromeDriverService
Build info: version: '3.141.59', revision: 'e82be7d358', time: '2018-11-14T08:25:53'
System info: host: '5CD110DGDQ', ip: '172.21.48.1', os.name: 'Windows 10', os.arch: 'amd64', os.version: '10.0', java.version: '1.8.0_291'
Driver info: driver.version: unknown
Build info: version: '3.141.59', revision: 'e82be7d358', time: '2018-11-14T08:17:03'
System info: host: '5CD110DGDQ', ip: '172.21.48.1', os.name: 'Windows 10', os.arch: 'amd64', os.version: '10.0', java.version: '1.8.0_291'
Driver info: driver.version: unknown

checkMaleGenderAndFiveToFifteenAgeGroup(com.seasy.ui.tests.FormTests.RadioButtonPageTests)  Time elapsed: 0.007 s  <<< FAILURE!
org.openqa.selenium.SessionNotCreatedException: 
Unable to create new service: ChromeDriverService
Build info: version: '3.141.59', revision: 'e82be7d358', time: '2018-11-14T08:25:53'
System info: host: '5CD110DGDQ', ip: '172.21.48.1', os.name: 'Windows 10', os.arch: 'amd64', os.version: '10.0', java.version: '1.8.0_291'
Driver info: driver.version: unknown
Command duration or timeout: 83 milliseconds
	at com.seasy.ui.tests.FormTests.RadioButtonPageTests.checkMaleGenderAndFiveToFifteenAgeGroup(RadioButtonPageTests.java:33)
Caused by: org.openqa.selenium.SessionNotCreatedException: 
Unable to create new service: ChromeDriverService
Build info: version: '3.141.59', revision: 'e82be7d358', time: '2018-11-14T08:25:53'
System info: host: '5CD110DGDQ', ip: '172.21.48.1', os.name: 'Windows 10', os.arch: 'amd64', os.version: '10.0', java.version: '1.8.0_291'
Driver info: driver.version: unknown
Build info: version: '3.141.59', revision: 'e82be7d358', time: '2018-11-14T08:17:03'
System info: host: '5CD110DGDQ', ip: '172.21.48.1', os.name: 'Windows 10', os.arch: 'amd64', os.version: '10.0', java.version: '1.8.0_291'
Driver info: driver.version: unknown

checkFemaleGenderAndZeroToFiveAgeGroup(com.seasy.ui.tests.FormTests.RadioButtonPageTests)  Time elapsed: 0.007 s  <<< FAILURE!
org.openqa.selenium.SessionNotCreatedException: 
Unable to create new service: ChromeDriverService
Build info: version: '3.141.59', revision: 'e82be7d358', time: '2018-11-14T08:25:53'
System info: host: '5CD110DGDQ', ip: '172.21.48.1', os.name: 'Windows 10', os.arch: 'amd64', os.version: '10.0', java.version: '1.8.0_291'
Driver info: driver.version: unknown
Command duration or timeout: 96 milliseconds
	at com.seasy.ui.tests.FormTests.RadioButtonPageTests.checkFemaleGenderAndZeroToFiveAgeGroup(RadioButtonPageTests.java:43)
Caused by: org.openqa.selenium.SessionNotCreatedException: 
Unable to create new service: ChromeDriverService
Build info: version: '3.141.59', revision: 'e82be7d358', time: '2018-11-14T08:25:53'
System info: host: '5CD110DGDQ', ip: '172.21.48.1', os.name: 'Windows 10', os.arch: 'amd64', os.version: '10.0', java.version: '1.8.0_291'
Driver info: driver.version: unknown
Build info: version: '3.141.59', revision: 'e82be7d358', time: '2018-11-14T08:17:03'
System info: host: '5CD110DGDQ', ip: '172.21.48.1', os.name: 'Windows 10', os.arch: 'amd64', os.version: '10.0', java.version: '1.8.0_291'
Driver info: driver.version: unknown

checkSelectMaleRadioButton(com.seasy.ui.tests.FormTests.RadioButtonPageTests)  Time elapsed: 0.007 s  <<< FAILURE!
org.openqa.selenium.SessionNotCreatedException: 
Unable to create new service: ChromeDriverService
Build info: version: '3.141.59', revision: 'e82be7d358', time: '2018-11-14T08:25:53'
System info: host: '5CD110DGDQ', ip: '172.21.48.1', os.name: 'Windows 10', os.arch: 'amd64', os.version: '10.0', java.version: '1.8.0_291'
Driver info: driver.version: unknown
Command duration or timeout: 127 milliseconds
	at com.seasy.ui.tests.FormTests.RadioButtonPageTests.checkSelectMaleRadioButton(RadioButtonPageTests.java:10)
Caused by: org.openqa.selenium.SessionNotCreatedException: 
Unable to create new service: ChromeDriverService
Build info: version: '3.141.59', revision: 'e82be7d358', time: '2018-11-14T08:25:53'
System info: host: '5CD110DGDQ', ip: '172.21.48.1', os.name: 'Windows 10', os.arch: 'amd64', os.version: '10.0', java.version: '1.8.0_291'
Driver info: driver.version: unknown
Build info: version: '3.141.59', revision: 'e82be7d358', time: '2018-11-14T08:17:03'
System info: host: '5CD110DGDQ', ip: '172.21.48.1', os.name: 'Windows 10', os.arch: 'amd64', os.version: '10.0', java.version: '1.8.0_291'
Driver info: driver.version: unknown

checkSelectedFemaleRadioButton(com.seasy.ui.tests.FormTests.RadioButtonPageTests)  Time elapsed: 0.007 s  <<< FAILURE!
org.openqa.selenium.SessionNotCreatedException: 
Unable to create new service: ChromeDriverService
Build info: version: '3.141.59', revision: 'e82be7d358', time: '2018-11-14T08:25:53'
System info: host: '5CD110DGDQ', ip: '172.21.48.1', os.name: 'Windows 10', os.arch: 'amd64', os.version: '10.0', java.version: '1.8.0_291'
Driver info: driver.version: unknown
Command duration or timeout: 93 milliseconds
	at com.seasy.ui.tests.FormTests.RadioButtonPageTests.checkSelectedFemaleRadioButton(RadioButtonPageTests.java:18)
Caused by: org.openqa.selenium.SessionNotCreatedException: 
Unable to create new service: ChromeDriverService
Build info: version: '3.141.59', revision: 'e82be7d358', time: '2018-11-14T08:25:53'
System info: host: '5CD110DGDQ', ip: '172.21.48.1', os.name: 'Windows 10', os.arch: 'amd64', os.version: '10.0', java.version: '1.8.0_291'
Driver info: driver.version: unknown
Build info: version: '3.141.59', revision: 'e82be7d358', time: '2018-11-14T08:17:03'
System info: host: '5CD110DGDQ', ip: '172.21.48.1', os.name: 'Windows 10', os.arch: 'amd64', os.version: '10.0', java.version: '1.8.0_291'
Driver info: driver.version: unknown

checkUnselectedValue(com.seasy.ui.tests.FormTests.RadioButtonPageTests)  Time elapsed: 0.007 s  <<< FAILURE!
org.openqa.selenium.SessionNotCreatedException: 
Unable to create new service: ChromeDriverService
Build info: version: '3.141.59', revision: 'e82be7d358', time: '2018-11-14T08:25:53'
System info: host: '5CD110DGDQ', ip: '172.21.48.1', os.name: 'Windows 10', os.arch: 'amd64', os.version: '10.0', java.version: '1.8.0_291'
Driver info: driver.version: unknown
Command duration or timeout: 92 milliseconds
	at com.seasy.ui.tests.FormTests.RadioButtonPageTests.checkUnselectedValue(RadioButtonPageTests.java:26)
Caused by: org.openqa.selenium.SessionNotCreatedException: 
Unable to create new service: ChromeDriverService
Build info: version: '3.141.59', revision: 'e82be7d358', time: '2018-11-14T08:25:53'
System info: host: '5CD110DGDQ', ip: '172.21.48.1', os.name: 'Windows 10', os.arch: 'amd64', os.version: '10.0', java.version: '1.8.0_291'
Driver info: driver.version: unknown
Build info: version: '3.141.59', revision: 'e82be7d358', time: '2018-11-14T08:17:03'
System info: host: '5CD110DGDQ', ip: '172.21.48.1', os.name: 'Windows 10', os.arch: 'amd64', os.version: '10.0', java.version: '1.8.0_291'
Driver info: driver.version: unknown

