<?xml version="1.0" encoding="UTF-8"?>
<testsuite xmlns:xsi="http://www.w3.org/2001/XMLSchema-instance" xsi:noNamespaceSchemaLocation="https://maven.apache.org/surefire/maven-surefire-plugin/xsd/surefire-test-report.xsd" name="TestSuite" time="31.659" tests="19" errors="0" skipped="0" failures="5">
  <properties>
[...]
</properties>
  <testcase name="checkAllCheckboxesAreSelected" classname="com.seasy.ui.tests.CheckBoxTest" time="9.28">
    <failure message="Element should have attribute value=&quot;Uncheck All&quot; {#check1}&#10;Element: &apos;&lt;input class=&quot;btn btn-primary&quot; id=&quot;check1&quot; type=&quot;button&quot; value=&quot;Check All&quot;&gt;&lt;/input&gt;&apos;&#10;Actual value: value=&quot;Check All&quot;&#10;Screenshot: file:/C:/Users/kbuch/Desktop/test-project/ui-tests/build/reports/tests/1626872068900.0.png&#10;Page source: file:/C:/Users/kbuch/Desktop/test-project/ui-tests/build/reports/tests/1626872068900.0.html&#10;Timeout: 4 s." type="com.codeborne.selenide.ex.ElementShould"><![CDATA[com.codeborne.selenide.ex.ElementShould: 
Element should have attribute value="Uncheck All" {#check1}
Element: '<input class="btn btn-primary" id="check1" type="button" value="Check All"></input>'
Actual value: value="Check All"
Screenshot: file:/C:/Users/kbuch/Desktop/test-project/ui-tests/build/reports/tests/1626872068900.0.png
Page source: file:/C:/Users/kbuch/Desktop/test-project/ui-tests/build/reports/tests/1626872068900.0.html
Timeout: 4 s.
	at com.seasy.ui.tests.CheckBoxTest.checkAllCheckboxesAreSelected(CheckBoxTest.java:41)
]]></failure>
    <system-err><![CDATA[SLF4J: Failed to load class "org.slf4j.impl.StaticLoggerBinder".
SLF4J: Defaulting to no-operation (NOP) logger implementation
SLF4J: See http://www.slf4j.org/codes.html#StaticLoggerBinder for further details.
Starting ChromeDriver 91.0.4472.101 (af52a90bf87030dd1523486a1cd3ae25c5d76c9b-refs/branch-heads/4472@{#1462}) on port 41468
Only local connections are allowed.
Please see https://chromedriver.chromium.org/security-considerations for suggestions on keeping ChromeDriver safe.
ChromeDriver was started successfully.
Jul 21, 2021 3:54:22 PM org.openqa.selenium.remote.ProtocolHandshake createSession
INFO: Detected dialect: W3C
]]></system-err>
  </testcase>
  <testcase name="checkMultipleCheckBox1IsSelected" classname="com.seasy.ui.tests.CheckBoxTest" time="4.757">
    <failure message="Element should selected {By.xpath: //div[@class=&quot;panel panel-default&quot;][contains(., &quot;Multiple Checkbox Demo&quot;)]/By.xpath: ../.checkbox.findBy(text &apos;Option 1&apos;)/input}&#10;Element: &apos;&lt;input class=&quot;cb1-element&quot; type=&quot;checkbox&quot; value&gt;&lt;/input&gt;&apos;&#10;Actual value: false&#10;Screenshot: file:/C:/Users/kbuch/Desktop/test-project/ui-tests/build/reports/tests/1626872073691.1.png&#10;Page source: file:/C:/Users/kbuch/Desktop/test-project/ui-tests/build/reports/tests/1626872073691.1.html&#10;Timeout: 4 s." type="com.codeborne.selenide.ex.ElementShould"><![CDATA[com.codeborne.selenide.ex.ElementShould: 
Element should selected {By.xpath: //div[@class="panel panel-default"][contains(., "Multiple Checkbox Demo")]/By.xpath: ../.checkbox.findBy(text 'Option 1')/input}
Element: '<input class="cb1-element" type="checkbox" value></input>'
Actual value: false
Screenshot: file:/C:/Users/kbuch/Desktop/test-project/ui-tests/build/reports/tests/1626872073691.1.png
Page source: file:/C:/Users/kbuch/Desktop/test-project/ui-tests/build/reports/tests/1626872073691.1.html
Timeout: 4 s.
	at com.seasy.ui.tests.CheckBoxTest.checkMultipleCheckBox1IsSelected(CheckBoxTest.java:34)
]]></failure>
  </testcase>
  <testcase name="checkOneCheckboxIsUnselected" classname="com.seasy.ui.tests.CheckBoxTest" time="0.521"/>
  <testcase name="checkUnselectOfSelectedCheckBoxTest" classname="com.seasy.ui.tests.CheckBoxTest" time="0.429"/>
  <testcase name="checkUnselectedCheckBox" classname="com.seasy.ui.tests.CheckBoxTest" time="0.157"/>
  <testcase name="selectSingleCheckBoxTest" classname="com.seasy.ui.tests.CheckBoxTest" time="0.205"/>
  <testcase name="checkSelectedCity" classname="com.seasy.ui.tests.DropDownTests" time="0.448"/>
  <testcase name="checkSelectedCity" classname="com.seasy.ui.tests.DropDownTests" time="4.625">
    <failure message="Element should be visible or transparent: visible or have css value opacity=0 {.getall-selected}&#10;Element: &apos;&lt;p class=&quot;getall-selected&quot; displayed:false&gt;&lt;/p&gt;&apos;&#10;Actual value: visible:false, 1&#10;Screenshot: file:/C:/Users/kbuch/Desktop/test-project/ui-tests/build/reports/tests/1626872080107.2.png&#10;Page source: file:/C:/Users/kbuch/Desktop/test-project/ui-tests/build/reports/tests/1626872080107.2.html&#10;Timeout: 4 s." type="com.codeborne.selenide.ex.ElementShould"><![CDATA[com.codeborne.selenide.ex.ElementShould: 
Element should be visible or transparent: visible or have css value opacity=0 {.getall-selected}
Element: '<p class="getall-selected" displayed:false></p>'
Actual value: visible:false, 1
Screenshot: file:/C:/Users/kbuch/Desktop/test-project/ui-tests/build/reports/tests/1626872080107.2.png
Page source: file:/C:/Users/kbuch/Desktop/test-project/ui-tests/build/reports/tests/1626872080107.2.html
Timeout: 4 s.
	at com.seasy.ui.tests.DropDownTests.checkSelectedCity(DropDownTests.java:30)
]]></failure>
  </testcase>
  <testcase name="checkSelectedDayFromDropDown" classname="com.seasy.ui.tests.DropDownTests" time="4.7">
    <failure message="&#10;Parameter &apos;singleDayDropDown&apos; is required by @Test on method checkSelectedDayFromDropDown but has not been marked @Optional or defined&#10;" type="org.testng.TestNGException">org.testng.TestNGException: 

Parameter 'singleDayDropDown' is required by @Test on method checkSelectedDayFromDropDown but has not been marked @Optional or defined

</failure>
    <system-err><![CDATA[[Utils] [ERROR] [Error] org.testng.TestNGException: 
Parameter &apos;singleDayDropDown&apos; is required by @Test on method checkSelectedDayFromDropDown but has not been marked @Optional or defined

	at org.testng.internal.Parameters.createParams(Parameters.java:270)
	at org.testng.internal.Parameters.createParametersForMethod(Parameters.java:358)
	at org.testng.internal.Parameters.createParameters(Parameters.java:700)
	at org.testng.internal.Parameters.handleParameters(Parameters.java:884)
	at org.testng.internal.Parameters.handleParameters(Parameters.java:740)
	at org.testng.internal.ParameterHandler.handleParameters(ParameterHandler.java:59)
	at org.testng.internal.ParameterHandler.createParameters(ParameterHandler.java:38)
	at org.testng.internal.TestInvoker$MethodInvocationAgent.invoke(TestInvoker.java:791)
	at org.testng.internal.TestInvoker.invokeTestMethods(TestInvoker.java:146)
	at org.testng.internal.TestMethodWorker.invokeTestMethods(TestMethodWorker.java:146)
	at org.testng.internal.TestMethodWorker.run(TestMethodWorker.java:128)
	at java.util.ArrayList.forEach(ArrayList.java:1259)
	at org.testng.TestRunner.privateRun(TestRunner.java:794)
	at org.testng.TestRunner.run(TestRunner.java:596)
	at org.testng.SuiteRunner.runTest(SuiteRunner.java:377)
	at org.testng.SuiteRunner.runSequentially(SuiteRunner.java:371)
	at org.testng.SuiteRunner.privateRun(SuiteRunner.java:332)
	at org.testng.SuiteRunner.run(SuiteRunner.java:276)
	at org.testng.SuiteRunnerWorker.runSuite(SuiteRunnerWorker.java:53)
	at org.testng.SuiteRunnerWorker.run(SuiteRunnerWorker.java:96)
	at org.testng.TestNG.runSuitesSequentially(TestNG.java:1212)
	at org.testng.TestNG.runSuitesLocally(TestNG.java:1134)
	at org.testng.TestNG.runSuites(TestNG.java:1063)
	at org.testng.TestNG.run(TestNG.java:1031)
	at org.apache.maven.surefire.testng.TestNGExecutor.run(TestNGExecutor.java:135)
	at org.apache.maven.surefire.testng.TestNGDirectoryTestSuite.executeMulti(TestNGDirectoryTestSuite.java:193)
	at org.apache.maven.surefire.testng.TestNGDirectoryTestSuite.execute(TestNGDirectoryTestSuite.java:94)
	at org.apache.maven.surefire.testng.TestNGProvider.invoke(TestNGProvider.java:146)
	at org.apache.maven.surefire.booter.ForkedBooter.invokeProviderInSameClassLoader(ForkedBooter.java:384)
	at org.apache.maven.surefire.booter.ForkedBooter.runSuitesInProcess(ForkedBooter.java:345)
	at org.apache.maven.surefire.booter.ForkedBooter.execute(ForkedBooter.java:126)
	at org.apache.maven.surefire.booter.ForkedBooter.main(ForkedBooter.java:418)

]]></system-err>
  </testcase>
  <testcase name="checkFemaleGenderAndZeroToFiveAgeGroup" classname="com.seasy.ui.tests.RadioButtonPageTest" time="0.526"/>
  <testcase name="checkMaleGenderAndFiveToFifteenAgeGroup" classname="com.seasy.ui.tests.RadioButtonPageTest" time="0.51"/>
  <testcase name="checkSelectMaleRadioButton" classname="com.seasy.ui.tests.RadioButtonPageTest" time="0.344"/>
  <testcase name="checkSelectedFemaleRadioButton" classname="com.seasy.ui.tests.RadioButtonPageTest" time="0.439"/>
  <testcase name="checkUnselectedValue" classname="com.seasy.ui.tests.RadioButtonPageTest" time="4.47">
    <failure message="Element should have text &apos;Radio button is Not checked&apos; {.groupradiobutton}&#10;Element: &apos;&lt;p class=&quot;groupradiobutton&quot; displayed:false&gt;&lt;/p&gt;&apos;&#10;Screenshot: file:/C:/Users/kbuch/Desktop/test-project/ui-tests/build/reports/tests/1626872086487.3.png&#10;Page source: file:/C:/Users/kbuch/Desktop/test-project/ui-tests/build/reports/tests/1626872086487.3.html&#10;Timeout: 4 s." type="com.codeborne.selenide.ex.ElementShould"><![CDATA[com.codeborne.selenide.ex.ElementShould: 
Element should have text 'Radio button is Not checked' {.groupradiobutton}
Element: '<p class="groupradiobutton" displayed:false></p>'
Screenshot: file:/C:/Users/kbuch/Desktop/test-project/ui-tests/build/reports/tests/1626872086487.3.png
Page source: file:/C:/Users/kbuch/Desktop/test-project/ui-tests/build/reports/tests/1626872086487.3.html
Timeout: 4 s.
	at com.seasy.ui.tests.RadioButtonPageTest.checkUnselectedValue(RadioButtonPageTest.java:27)
]]></failure>
  </testcase>
  <testcase name="checkEmptyMessageTest" classname="com.seasy.ui.tests.SimpleFormTest" time="1.134"/>
  <testcase name="checkTotalResultWithEmptyFieldsTest" classname="com.seasy.ui.tests.SimpleFormTest" time="0.779"/>
  <testcase name="checkTotalResultWithIntegerVeluesTest" classname="com.seasy.ui.tests.SimpleFormTest" time="0.816"/>
  <testcase name="checkTotalResultWithSrtingValuesTest" classname="com.seasy.ui.tests.SimpleFormTest" time="0.897"/>
  <testcase name="checkYourMessageTest" classname="com.seasy.ui.tests.SimpleFormTest" time="0.62"/>
</testsuite>