<?xml version="1.0" encoding="UTF-8"?>
<!-- Generated by org.testng.reporters.JUnitXMLReporter -->
<testsuite hostname="5CD110DGDQ" ignored="0" name="Table tests" tests="5" failures="0" timestamp="2022-02-20T16:41:23 EET" time="10.819" errors="0">
  <testcase name="checkActiveButtons" time="9.416" classname="com.seasy.ui.tests.table.tests.TablePaginationTests"/>
  <testcase name="checkFilterInSimpleTable" time="9.451" classname="com.seasy.ui.tests.table.tests.TableDataSearchTests"/>
  <testcase name="checkQuantityOfRowsPerPage" time="9.541" classname="com.seasy.ui.tests.table.tests.TablePaginationTests"/>
  <testcase name="removingDataAfterSearchingInSimpleTable" time="9.591" classname="com.seasy.ui.tests.table.tests.TableDataSearchTests"/>
  <testcase name="checkFiltersInTableWithFilters" time="10.814" classname="com.seasy.ui.tests.table.tests.TableDataSearchTests"/>
</testsuite> <!-- Table tests -->
