<?xml version="1.0" encoding="UTF-8"?>
<!-- Generated by org.testng.reporters.JUnitXMLReporter -->
<testsuite hostname="5CD110DGDQ" ignored="0" name="Chrome tests" tests="12" failures="1" timestamp="2022-02-20T16:41:13 EET" time="10.438" errors="0">
  <testcase name="checkTotalResultWithEmptyFieldsTest" time="8.163" classname="com.seasy.ui.tests.form.tests.SimpleFormTest"/>
  <testcase name="checkTotalResultWithIntegerValuesTest" time="8.572" classname="com.seasy.ui.tests.form.tests.SimpleFormTest"/>
  <testcase name="checkYourMessageTest" time="8.645" classname="com.seasy.ui.tests.form.tests.SimpleFormTest"/>
  <testcase name="checkTotalResultWithStringValuesTest" time="8.733" classname="com.seasy.ui.tests.form.tests.SimpleFormTest"/>
  <testcase name="checkEmptyMessageTest" time="9.074" classname="com.seasy.ui.tests.form.tests.SimpleFormTest"/>
  <testcase name="checkCategoriesOptions" time="1.03" classname="com.seasy.ui.tests.form.tests.JQuerySelectDropDownTests"/>
  <testcase name="checkSelectedState" time="0.0" classname="com.seasy.ui.tests.form.tests.JQuerySelectDropDownTests">
    <skipped/>
  </testcase> <!-- checkSelectedState -->
  <testcase name="checkSelectedUsTerritories" time="0.001" classname="com.seasy.ui.tests.form.tests.JQuerySelectDropDownTests">
    <failure type="org.testng.internal.reflect.MethodMatcherException" message="
[public void com.seasy.ui.tests.form.tests.JQuerySelectDropDownTests.checkSelectedUsTerritories(java.lang.String,java.lang.String)] has no parameters defined but was found to be using a data provider (either explicitly specified or inherited from class level annotation).
Data provider mismatch
Method: checkSelectedUsTerritories([Parameter{index=0, type=java.lang.String, declaredAnnotations=[@org.testng.annotations.Optional(value=Select US Outlying Territories)]}, Parameter{index=1, type=java.lang.String, declaredAnnotations=[]}])
Arguments: [(java.lang.String) Puerto Rico]">
      <![CDATA[org.testng.internal.reflect.MethodMatcherException: 
[public void com.seasy.ui.tests.form.tests.JQuerySelectDropDownTests.checkSelectedUsTerritories(java.lang.String,java.lang.String)] has no parameters defined but was found to be using a data provider (either explicitly specified or inherited from class level annotation).
Data provider mismatch
Arguments: [(java.lang.String) Puerto Rico]
at java.util.concurrent.ThreadPoolExecutor.runWorker(ThreadPoolExecutor.java:1149)
at java.util.concurrent.ThreadPoolExecutor$Worker.run(ThreadPoolExecutor.java:624)
at java.lang.Thread.run(Thread.java:748)
... Removed 8 stack frames]]>
    </failure>
  </testcase> <!-- checkSelectedUsTerritories -->
  <testcase name="checkCategoriesOptionsInNotEmpty" time="1.285" classname="com.seasy.ui.tests.form.tests.JQuerySelectDropDownTests"/>
  <testcase name="checkSelectedRandomItems" time="1.127" classname="com.seasy.ui.tests.form.tests.JQuerySelectDropDownTests"/>
  <testcase name="checkNoResultFound" time="1.666" classname="com.seasy.ui.tests.form.tests.JQuerySelectDropDownTests"/>
  <testcase name="checkSelectedCountry" time="1.686" classname="com.seasy.ui.tests.form.tests.JQuerySelectDropDownTests"/>
</testsuite> <!-- Chrome tests -->
