<?xml version="1.0" encoding="UTF-8"?>
<!-- Generated by org.testng.reporters.JUnitXMLReporter -->
<testsuite hostname="5CD110DGDQ" ignored="0" name="Surefire test" tests="19" failures="5" timestamp="2021-07-21T15:54:50 EEST" time="31.071" errors="0">
  <testcase name="checkAllCheckboxesAreSelected" time="9.265" classname="com.seasy.ui.tests.CheckBoxTest">
    <failure type="com.codeborne.selenide.ex.ElementShould" message="Element should have attribute value=&amp;quot;Uncheck All&amp;quot; {#check1}
Element: &amp;apos;&amp;lt;input class=&amp;quot;btn btn-primary&amp;quot; id=&amp;quot;check1&amp;quot; type=&amp;quot;button&amp;quot; value=&amp;quot;Check All&amp;quot;&amp;gt;&amp;lt;/input&amp;gt;&amp;apos;
Actual value: value=&amp;quot;Check All&amp;quot;
Screenshot: file:/C:/Users/kbuch/Desktop/test-project/ui-tests/build/reports/tests/1626872068900.0.png
Page source: file:/C:/Users/kbuch/Desktop/test-project/ui-tests/build/reports/tests/1626872068900.0.html
Timeout: 4 s.">
      <![CDATA[Element should have attribute value="Uncheck All" {#check1}
Element: '<input class="btn btn-primary" id="check1" type="button" value="Check All"></input>'
Actual value: value="Check All"
Screenshot: file:/C:/Users/kbuch/Desktop/test-project/ui-tests/build/reports/tests/1626872068900.0.png
Page source: file:/C:/Users/kbuch/Desktop/test-project/ui-tests/build/reports/tests/1626872068900.0.html
Timeout: 4 s.
at com.codeborne.selenide.impl.WebElementSource.checkCondition(WebElementSource.java:121)
at com.codeborne.selenide.commands.Should.execute(Should.java:30)
at com.codeborne.selenide.commands.Should.execute(Should.java:14)
at com.codeborne.selenide.commands.Commands.execute(Commands.java:155)
at com.codeborne.selenide.impl.SelenideElementProxy.dispatchAndRetry(SelenideElementProxy.java:133)
at com.codeborne.selenide.impl.SelenideElementProxy.invoke(SelenideElementProxy.java:85)
at com.sun.proxy.$Proxy3.shouldHave(Unknown Source)
at com.seasy.ui.pages.CheckBoxPage.verifyAllCheckboxesSelected(CheckBoxPage.java:72)
at com.seasy.ui.tests.CheckBoxTest.checkAllCheckboxesAreSelected(CheckBoxTest.java:41)
at java.util.ArrayList.forEach(ArrayList.java:1259)
... Removed 32 stack frames]]>
    </failure>
  </testcase> <!-- checkAllCheckboxesAreSelected -->
  <testcase name="checkMultipleCheckBox1IsSelected" time="4.762" classname="com.seasy.ui.tests.CheckBoxTest">
    <failure type="com.codeborne.selenide.ex.ElementShould" message="Element should selected {By.xpath: //div[@class=&amp;quot;panel panel-default&amp;quot;][contains(., &amp;quot;Multiple Checkbox Demo&amp;quot;)]/By.xpath: ../.checkbox.findBy(text &amp;apos;Option 1&amp;apos;)/input}
Element: &amp;apos;&amp;lt;input class=&amp;quot;cb1-element&amp;quot; type=&amp;quot;checkbox&amp;quot; value&amp;gt;&amp;lt;/input&amp;gt;&amp;apos;
Actual value: false
Screenshot: file:/C:/Users/kbuch/Desktop/test-project/ui-tests/build/reports/tests/1626872073691.1.png
Page source: file:/C:/Users/kbuch/Desktop/test-project/ui-tests/build/reports/tests/1626872073691.1.html
Timeout: 4 s.">
      <![CDATA[Element should selected {By.xpath: //div[@class="panel panel-default"][contains(., "Multiple Checkbox Demo")]/By.xpath: ../.checkbox.findBy(text 'Option 1')/input}
Element: '<input class="cb1-element" type="checkbox" value></input>'
Actual value: false
Screenshot: file:/C:/Users/kbuch/Desktop/test-project/ui-tests/build/reports/tests/1626872073691.1.png
Page source: file:/C:/Users/kbuch/Desktop/test-project/ui-tests/build/reports/tests/1626872073691.1.html
Timeout: 4 s.
at com.codeborne.selenide.impl.WebElementSource.checkCondition(WebElementSource.java:121)
at com.codeborne.selenide.commands.Should.execute(Should.java:30)
at com.codeborne.selenide.commands.Should.execute(Should.java:14)
at com.codeborne.selenide.commands.Commands.execute(Commands.java:155)
at com.codeborne.selenide.impl.SelenideElementProxy.dispatchAndRetry(SelenideElementProxy.java:133)
at com.codeborne.selenide.impl.SelenideElementProxy.invoke(SelenideElementProxy.java:85)
at com.sun.proxy.$Proxy3.should(Unknown Source)
at com.seasy.ui.pages.CheckBoxPage.verifyMultipleCheckBox1Selected(CheckBoxPage.java:47)
at com.seasy.ui.tests.CheckBoxTest.checkMultipleCheckBox1IsSelected(CheckBoxTest.java:34)
at java.util.ArrayList.forEach(ArrayList.java:1259)
... Removed 32 stack frames]]>
    </failure>
  </testcase> <!-- checkMultipleCheckBox1IsSelected -->
  <testcase name="checkOneCheckboxIsUnselected" time="0.52" classname="com.seasy.ui.tests.CheckBoxTest"/>
  <testcase name="checkUnselectOfSelectedCheckBoxTest" time="0.429" classname="com.seasy.ui.tests.CheckBoxTest"/>
  <testcase name="checkUnselectedCheckBox" time="0.157" classname="com.seasy.ui.tests.CheckBoxTest"/>
  <testcase name="selectSingleCheckBoxTest" time="0.204" classname="com.seasy.ui.tests.CheckBoxTest"/>
  <testcase name="checkSelectedCity" time="0.449" classname="com.seasy.ui.tests.DropDownTests"/>
  <testcase name="checkSelectedCity" time="4.625" classname="com.seasy.ui.tests.DropDownTests">
    <failure type="com.codeborne.selenide.ex.ElementShould" message="Element should be visible or transparent: visible or have css value opacity=0 {.getall-selected}
Element: &amp;apos;&amp;lt;p class=&amp;quot;getall-selected&amp;quot; displayed:false&amp;gt;&amp;lt;/p&amp;gt;&amp;apos;
Actual value: visible:false, 1
Screenshot: file:/C:/Users/kbuch/Desktop/test-project/ui-tests/build/reports/tests/1626872080107.2.png
Page source: file:/C:/Users/kbuch/Desktop/test-project/ui-tests/build/reports/tests/1626872080107.2.html
Timeout: 4 s.">
      <![CDATA[Element should be visible or transparent: visible or have css value opacity=0 {.getall-selected}
Element: '<p class="getall-selected" displayed:false></p>'
Actual value: visible:false, 1
Screenshot: file:/C:/Users/kbuch/Desktop/test-project/ui-tests/build/reports/tests/1626872080107.2.png
Page source: file:/C:/Users/kbuch/Desktop/test-project/ui-tests/build/reports/tests/1626872080107.2.html
Timeout: 4 s.
at com.codeborne.selenide.impl.WebElementSource.checkCondition(WebElementSource.java:121)
at com.codeborne.selenide.impl.WebElementSource.findAndAssertElementIsInteractable(WebElementSource.java:139)
at com.codeborne.selenide.commands.Click.execute(Click.java:24)
at com.codeborne.selenide.commands.Click.execute(Click.java:16)
at com.codeborne.selenide.commands.Commands.execute(Commands.java:155)
at com.codeborne.selenide.impl.SelenideElementProxy.dispatchAndRetry(SelenideElementProxy.java:133)
at com.codeborne.selenide.impl.SelenideElementProxy.invoke(SelenideElementProxy.java:85)
at com.sun.proxy.$Proxy3.click(Unknown Source)
at com.seasy.ui.pages.DropDownPage.selectFewCitiesFromMultiDropDown(DropDownPage.java:49)
at com.seasy.ui.tests.DropDownTests.checkSelectedCity(DropDownTests.java:30)
at java.util.ArrayList.forEach(ArrayList.java:1259)
... Removed 32 stack frames]]>
    </failure>
  </testcase> <!-- checkSelectedCity -->
  <testcase name="checkSelectedDayFromDropDown" time="0.0" classname="com.seasy.ui.tests.DropDownTests">
    <failure type="org.testng.TestNGException" message="
Parameter &amp;apos;singleDayDropDown&amp;apos; is required by @Test on method checkSelectedDayFromDropDown but has not been marked @Optional or defined
">
      <![CDATA[org.testng.TestNGException: 
Parameter 'singleDayDropDown' is required by @Test on method checkSelectedDayFromDropDown but has not been marked @Optional or defined

at java.util.ArrayList.forEach(ArrayList.java:1259)
... Removed 31 stack frames]]>
    </failure>
  </testcase> <!-- checkSelectedDayFromDropDown -->
  <testcase name="checkFemaleGenderAndZeroToFiveAgeGroup" time="0.598" classname="com.seasy.ui.tests.RadioButtonPageTest"/>
  <testcase name="checkMaleGenderAndFiveToFifteenAgeGroup" time="0.51" classname="com.seasy.ui.tests.RadioButtonPageTest"/>
  <testcase name="checkSelectMaleRadioButton" time="0.343" classname="com.seasy.ui.tests.RadioButtonPageTest"/>
  <testcase name="checkSelectedFemaleRadioButton" time="0.439" classname="com.seasy.ui.tests.RadioButtonPageTest"/>
  <testcase name="checkUnselectedValue" time="4.469" classname="com.seasy.ui.tests.RadioButtonPageTest">
    <failure type="com.codeborne.selenide.ex.ElementShould" message="Element should have text &amp;apos;Radio button is Not checked&amp;apos; {.groupradiobutton}
Element: &amp;apos;&amp;lt;p class=&amp;quot;groupradiobutton&amp;quot; displayed:false&amp;gt;&amp;lt;/p&amp;gt;&amp;apos;
Screenshot: file:/C:/Users/kbuch/Desktop/test-project/ui-tests/build/reports/tests/1626872086487.3.png
Page source: file:/C:/Users/kbuch/Desktop/test-project/ui-tests/build/reports/tests/1626872086487.3.html
Timeout: 4 s.">
      <![CDATA[Element should have text 'Radio button is Not checked' {.groupradiobutton}
Element: '<p class="groupradiobutton" displayed:false></p>'
Screenshot: file:/C:/Users/kbuch/Desktop/test-project/ui-tests/build/reports/tests/1626872086487.3.png
Page source: file:/C:/Users/kbuch/Desktop/test-project/ui-tests/build/reports/tests/1626872086487.3.html
Timeout: 4 s.
at com.codeborne.selenide.impl.WebElementSource.checkCondition(WebElementSource.java:121)
at com.codeborne.selenide.commands.Should.execute(Should.java:30)
at com.codeborne.selenide.commands.Should.execute(Should.java:14)
at com.codeborne.selenide.commands.Commands.execute(Commands.java:155)
at com.codeborne.selenide.impl.SelenideElementProxy.dispatchAndRetry(SelenideElementProxy.java:133)
at com.codeborne.selenide.impl.SelenideElementProxy.invoke(SelenideElementProxy.java:85)
at com.sun.proxy.$Proxy3.shouldHave(Unknown Source)
at com.seasy.ui.pages.RadioButtonsPage.verifySingleRadioButtonIsNotSelected(RadioButtonsPage.java:50)
at com.seasy.ui.tests.RadioButtonPageTest.checkUnselectedValue(RadioButtonPageTest.java:27)
at java.util.ArrayList.forEach(ArrayList.java:1259)
... Removed 32 stack frames]]>
    </failure>
  </testcase> <!-- checkUnselectedValue -->
  <testcase name="checkEmptyMessageTest" time="1.134" classname="com.seasy.ui.tests.SimpleFormTest"/>
  <testcase name="checkTotalResultWithEmptyFieldsTest" time="0.778" classname="com.seasy.ui.tests.SimpleFormTest"/>
  <testcase name="checkTotalResultWithIntegerVeluesTest" time="0.815" classname="com.seasy.ui.tests.SimpleFormTest"/>
  <testcase name="checkTotalResultWithSrtingValuesTest" time="0.897" classname="com.seasy.ui.tests.SimpleFormTest"/>
  <testcase name="checkYourMessageTest" time="0.62" classname="com.seasy.ui.tests.SimpleFormTest"/>
</testsuite> <!-- Surefire test -->
