<html>
<head>
<title>TestNG:  Surefire test</title>
<link href="../testng.css" rel="stylesheet" type="text/css" />
<link href="../my-testng.css" rel="stylesheet" type="text/css" />

<style type="text/css">
.log { display: none;} 
.stack-trace { display: none;} 
</style>
<script type="text/javascript">
<!--
function flip(e) {
  current = e.style.display;
  if (current == 'block') {
    e.style.display = 'none';
    return 0;
  }
  else {
    e.style.display = 'block';
    return 1;
  }
}

function toggleBox(szDivId, elem, msg1, msg2)
{
  var res = -1;  if (document.getElementById) {
    res = flip(document.getElementById(szDivId));
  }
  else if (document.all) {
    // this is the way old msie versions work
    res = flip(document.all[szDivId]);
  }
  if(elem) {
    if(res == 0) elem.innerHTML = msg1; else elem.innerHTML = msg2;
  }

}

function toggleAllBoxes() {
  if (document.getElementsByTagName) {
    d = document.getElementsByTagName('div');
    for (i = 0; i < d.length; i++) {
      if (d[i].className == 'log') {
        flip(d[i]);
      }
    }
  }
}

// -->
</script>

</head>
<body>
<h2 align='center'>Surefire test</h2><table border='1' align="center">
<tr>
<td>Tests passed/Failed/Skipped:</td><td>27/6/0</td>
</tr><tr>
<td>Started on:</td><td>Sun Oct 31 16:24:56 EET 2021</td>
</tr>
<tr><td>Total time:</td><td>81 seconds (81640 ms)</td>
</tr><tr>
<td>Included groups:</td><td></td>
</tr><tr>
<td>Excluded groups:</td><td></td>
</tr>
</table><p/>
<small><i>(Hover the method name to see the test class name)</i></small><p/>
<table width='100%' border='1' class='invocation-failed'>
<tr><td colspan='4' align='center'><b>FAILED TESTS</b></td></tr>
<tr><td><b>Test method</b></td>
<td width="30%"><b>Exception</b></td>
<td width="10%"><b>Time (seconds)</b></td>
<td><b>Instance</b></td>
</tr>
<tr>
<td title='com.seasy.ui.tests.DropDownTests.checkSelectedCities()'><b>checkSelectedCities</b><br>Test class: com.seasy.ui.tests.DropDownTests<br>Parameters: Ohio, Florida</td>
<td><div><pre>Element should be text &apos;Options selected are : Ohio,Florida&apos; {.getall-selected}
Element: &apos;&lt;p class=&quot;getall-selected&quot;&gt;Options selected are : Florida&lt;/p&gt;&apos;
Screenshot: file:/C:/Users/kbuch/Desktop/test-project/ui-tests/build/reports/tests/1635690331536.1.png
Page source: file:/C:/Users/kbuch/Desktop/test-project/ui-tests/build/reports/tests/1635690331536.1.html
Timeout: 4 s.
	at com.codeborne.selenide.impl.WebElementSource.checkCondition(WebElementSource.java:121)
	at com.codeborne.selenide.commands.Should.execute(Should.java:30)
	at com.codeborne.selenide.commands.Should.execute(Should.java:14)
	at com.codeborne.selenide.commands.Commands.execute(Commands.java:155)
	at com.codeborne.selenide.impl.SelenideElementProxy.dispatchAndRetry(SelenideElementProxy.java:133)
	at com.codeborne.selenide.impl.SelenideElementProxy.invoke(SelenideElementProxy.java:85)
	at com.sun.proxy.$Proxy3.shouldBe(Unknown Source)
	at com.seasy.ui.pages.DropDownPage.verifySelectedCities(DropDownPage.java:57)
	at com.seasy.ui.tests.DropDownTests.checkSelectedCities(DropDownTests.java:33)
	at java.util.ArrayList.forEach(ArrayList.java:1259)
... Removed 32 stack frames</pre></div><a href='#' onClick='toggleBox("stack-trace2107841088", this, "Click to show all stack frames", "Click to hide stack frames")'>Click to show all stack frames</a>
<div class='stack-trace' id='stack-trace2107841088'><pre>Element should be text &apos;Options selected are : Ohio,Florida&apos; {.getall-selected}
Element: &apos;&lt;p class=&quot;getall-selected&quot;&gt;Options selected are : Florida&lt;/p&gt;&apos;
Screenshot: file:/C:/Users/kbuch/Desktop/test-project/ui-tests/build/reports/tests/1635690331536.1.png
Page source: file:/C:/Users/kbuch/Desktop/test-project/ui-tests/build/reports/tests/1635690331536.1.html
Timeout: 4 s.
	at com.codeborne.selenide.impl.WebElementSource.checkCondition(WebElementSource.java:121)
	at com.codeborne.selenide.commands.Should.execute(Should.java:30)
	at com.codeborne.selenide.commands.Should.execute(Should.java:14)
	at com.codeborne.selenide.commands.Commands.execute(Commands.java:155)
	at com.codeborne.selenide.impl.SelenideElementProxy.dispatchAndRetry(SelenideElementProxy.java:133)
	at com.codeborne.selenide.impl.SelenideElementProxy.invoke(SelenideElementProxy.java:85)
	at com.sun.proxy.$Proxy3.shouldBe(Unknown Source)
	at com.seasy.ui.pages.DropDownPage.verifySelectedCities(DropDownPage.java:57)
	at com.seasy.ui.tests.DropDownTests.checkSelectedCities(DropDownTests.java:33)
	at sun.reflect.NativeMethodAccessorImpl.invoke0(Native Method)
	at sun.reflect.NativeMethodAccessorImpl.invoke(NativeMethodAccessorImpl.java:62)
	at sun.reflect.DelegatingMethodAccessorImpl.invoke(DelegatingMethodAccessorImpl.java:43)
	at java.lang.reflect.Method.invoke(Method.java:498)
	at org.testng.internal.MethodInvocationHelper.invokeMethod(MethodInvocationHelper.java:133)
	at org.testng.internal.TestInvoker.invokeMethod(TestInvoker.java:598)
	at org.testng.internal.TestInvoker.invokeTestMethod(TestInvoker.java:173)
	at org.testng.internal.MethodRunner.runInSequence(MethodRunner.java:46)
	at org.testng.internal.TestInvoker$MethodInvocationAgent.invoke(TestInvoker.java:824)
	at org.testng.internal.TestInvoker.invokeTestMethods(TestInvoker.java:146)
	at org.testng.internal.TestMethodWorker.invokeTestMethods(TestMethodWorker.java:146)
	at org.testng.internal.TestMethodWorker.run(TestMethodWorker.java:128)
	at java.util.ArrayList.forEach(ArrayList.java:1259)
	at org.testng.TestRunner.privateRun(TestRunner.java:794)
	at org.testng.TestRunner.run(TestRunner.java:596)
	at org.testng.SuiteRunner.runTest(SuiteRunner.java:377)
	at org.testng.SuiteRunner.runSequentially(SuiteRunner.java:371)
	at org.testng.SuiteRunner.privateRun(SuiteRunner.java:332)
	at org.testng.SuiteRunner.run(SuiteRunner.java:276)
	at org.testng.SuiteRunnerWorker.runSuite(SuiteRunnerWorker.java:53)
	at org.testng.SuiteRunnerWorker.run(SuiteRunnerWorker.java:96)
	at org.testng.TestNG.runSuitesSequentially(TestNG.java:1212)
	at org.testng.TestNG.runSuitesLocally(TestNG.java:1134)
	at org.testng.TestNG.runSuites(TestNG.java:1063)
	at org.testng.TestNG.run(TestNG.java:1031)
	at org.apache.maven.surefire.testng.TestNGExecutor.run(TestNGExecutor.java:135)
	at org.apache.maven.surefire.testng.TestNGDirectoryTestSuite.executeMulti(TestNGDirectoryTestSuite.java:193)
	at org.apache.maven.surefire.testng.TestNGDirectoryTestSuite.execute(TestNGDirectoryTestSuite.java:94)
	at org.apache.maven.surefire.testng.TestNGProvider.invoke(TestNGProvider.java:146)
	at org.apache.maven.surefire.booter.ForkedBooter.invokeProviderInSameClassLoader(ForkedBooter.java:384)
	at org.apache.maven.surefire.booter.ForkedBooter.runSuitesInProcess(ForkedBooter.java:345)
	at org.apache.maven.surefire.booter.ForkedBooter.execute(ForkedBooter.java:126)
	at org.apache.maven.surefire.booter.ForkedBooter.main(ForkedBooter.java:418)
</pre></div></td>
<td>5</td>
<td>com.seasy.ui.tests.DropDownTests@6b09bb57</td></tr>
<tr>
<td title='com.seasy.ui.tests.DropDownTests.checkSelectedDayFromDropDown()'><b>checkSelectedDayFromDropDown</b><br>Test class: com.seasy.ui.tests.DropDownTests</td>
<td><div><pre>org.testng.TestNGException: 
Parameter &apos;singleDayDropDown&apos; is required by @Test on method checkSelectedDayFromDropDown but has not been marked @Optional or defined

	at java.util.ArrayList.forEach(ArrayList.java:1259)
... Removed 31 stack frames</pre></div><a href='#' onClick='toggleBox("stack-trace1151370725", this, "Click to show all stack frames", "Click to hide stack frames")'>Click to show all stack frames</a>
<div class='stack-trace' id='stack-trace1151370725'><pre>org.testng.TestNGException: 
Parameter &apos;singleDayDropDown&apos; is required by @Test on method checkSelectedDayFromDropDown but has not been marked @Optional or defined

	at org.testng.internal.Parameters.createParams(Parameters.java:270)
	at org.testng.internal.Parameters.createParametersForMethod(Parameters.java:358)
	at org.testng.internal.Parameters.createParameters(Parameters.java:700)
	at org.testng.internal.Parameters.handleParameters(Parameters.java:884)
	at org.testng.internal.Parameters.handleParameters(Parameters.java:740)
	at org.testng.internal.ParameterHandler.handleParameters(ParameterHandler.java:59)
	at org.testng.internal.ParameterHandler.createParameters(ParameterHandler.java:38)
	at org.testng.internal.TestInvoker$MethodInvocationAgent.invoke(TestInvoker.java:791)
	at org.testng.internal.TestInvoker.invokeTestMethods(TestInvoker.java:146)
	at org.testng.internal.TestMethodWorker.invokeTestMethods(TestMethodWorker.java:146)
	at org.testng.internal.TestMethodWorker.run(TestMethodWorker.java:128)
	at java.util.ArrayList.forEach(ArrayList.java:1259)
	at org.testng.TestRunner.privateRun(TestRunner.java:794)
	at org.testng.TestRunner.run(TestRunner.java:596)
	at org.testng.SuiteRunner.runTest(SuiteRunner.java:377)
	at org.testng.SuiteRunner.runSequentially(SuiteRunner.java:371)
	at org.testng.SuiteRunner.privateRun(SuiteRunner.java:332)
	at org.testng.SuiteRunner.run(SuiteRunner.java:276)
	at org.testng.SuiteRunnerWorker.runSuite(SuiteRunnerWorker.java:53)
	at org.testng.SuiteRunnerWorker.run(SuiteRunnerWorker.java:96)
	at org.testng.TestNG.runSuitesSequentially(TestNG.java:1212)
	at org.testng.TestNG.runSuitesLocally(TestNG.java:1134)
	at org.testng.TestNG.runSuites(TestNG.java:1063)
	at org.testng.TestNG.run(TestNG.java:1031)
	at org.apache.maven.surefire.testng.TestNGExecutor.run(TestNGExecutor.java:135)
	at org.apache.maven.surefire.testng.TestNGDirectoryTestSuite.executeMulti(TestNGDirectoryTestSuite.java:193)
	at org.apache.maven.surefire.testng.TestNGDirectoryTestSuite.execute(TestNGDirectoryTestSuite.java:94)
	at org.apache.maven.surefire.testng.TestNGProvider.invoke(TestNGProvider.java:146)
	at org.apache.maven.surefire.booter.ForkedBooter.invokeProviderInSameClassLoader(ForkedBooter.java:384)
	at org.apache.maven.surefire.booter.ForkedBooter.runSuitesInProcess(ForkedBooter.java:345)
	at org.apache.maven.surefire.booter.ForkedBooter.execute(ForkedBooter.java:126)
	at org.apache.maven.surefire.booter.ForkedBooter.main(ForkedBooter.java:418)
</pre></div></td>
<td>0</td>
<td>com.seasy.ui.tests.DropDownTests@6b09bb57</td></tr>
<tr>
<td title='com.seasy.ui.tests.JQuerySelectDropDownTest.checkCategoriesOptions()'><b>checkCategoriesOptions</b><br>Test class: com.seasy.ui.tests.JQuerySelectDropDownTest</td>
<td><div><pre>Element not found {optgroup.findBy(text &apos;Scripting languages&apos;)}
Expected: exist
Screenshot: file:/C:/Users/kbuch/Desktop/test-project/ui-tests/build/reports/tests/1635690347313.2.png
Page source: file:/C:/Users/kbuch/Desktop/test-project/ui-tests/build/reports/tests/1635690347313.2.html
Timeout: 4 s.
Caused by: Element not found {optgroup.findBy(text &apos;Scripting languages&apos;)}
Expected: text &apos;Scripting languages&apos;
Timeout: 0 ms.
	at com.codeborne.selenide.impl.WebElementSource.createElementNotFoundError(WebElementSource.java:83)
	at com.codeborne.selenide.impl.WebElementSource.checkCondition(WebElementSource.java:114)
	at com.codeborne.selenide.commands.Should.execute(Should.java:30)
	at com.codeborne.selenide.commands.Should.execute(Should.java:14)
	at com.codeborne.selenide.commands.Commands.execute(Commands.java:155)
	at com.codeborne.selenide.impl.SelenideElementProxy.dispatchAndRetry(SelenideElementProxy.java:133)
	at com.codeborne.selenide.impl.SelenideElementProxy.invoke(SelenideElementProxy.java:85)
	at com.sun.proxy.$Proxy3.should(Unknown Source)
	at com.seasy.ui.pages.JQuerySelectDropDownPage.checkSubCategories(JQuerySelectDropDownPage.java:103)
	at com.seasy.ui.tests.JQuerySelectDropDownTest.checkCategoriesOptions(JQuerySelectDropDownTest.java:56)
	at java.util.ArrayList.forEach(ArrayList.java:1259)
Caused by: Element not found {optgroup.findBy(text &apos;Scripting languages&apos;)}
Expected: text &apos;Scripting languages&apos;
Timeout: 0 ms.
	at com.codeborne.selenide.impl.CollectionElementByCondition.getWebElement(CollectionElementByCondition.java:53)
	at com.codeborne.selenide.impl.WebElementSource.checkCondition(WebElementSource.java:99)
	... 41 more
... Removed 32 stack frames</pre></div><a href='#' onClick='toggleBox("stack-trace1437396121", this, "Click to show all stack frames", "Click to hide stack frames")'>Click to show all stack frames</a>
<div class='stack-trace' id='stack-trace1437396121'><pre>Element not found {optgroup.findBy(text &apos;Scripting languages&apos;)}
Expected: exist
Screenshot: file:/C:/Users/kbuch/Desktop/test-project/ui-tests/build/reports/tests/1635690347313.2.png
Page source: file:/C:/Users/kbuch/Desktop/test-project/ui-tests/build/reports/tests/1635690347313.2.html
Timeout: 4 s.
Caused by: Element not found {optgroup.findBy(text &apos;Scripting languages&apos;)}
Expected: text &apos;Scripting languages&apos;
Timeout: 0 ms.
	at com.codeborne.selenide.impl.WebElementSource.createElementNotFoundError(WebElementSource.java:83)
	at com.codeborne.selenide.impl.WebElementSource.checkCondition(WebElementSource.java:114)
	at com.codeborne.selenide.commands.Should.execute(Should.java:30)
	at com.codeborne.selenide.commands.Should.execute(Should.java:14)
	at com.codeborne.selenide.commands.Commands.execute(Commands.java:155)
	at com.codeborne.selenide.impl.SelenideElementProxy.dispatchAndRetry(SelenideElementProxy.java:133)
	at com.codeborne.selenide.impl.SelenideElementProxy.invoke(SelenideElementProxy.java:85)
	at com.sun.proxy.$Proxy3.should(Unknown Source)
	at com.seasy.ui.pages.JQuerySelectDropDownPage.checkSubCategories(JQuerySelectDropDownPage.java:103)
	at com.seasy.ui.tests.JQuerySelectDropDownTest.checkCategoriesOptions(JQuerySelectDropDownTest.java:56)
	at sun.reflect.NativeMethodAccessorImpl.invoke0(Native Method)
	at sun.reflect.NativeMethodAccessorImpl.invoke(NativeMethodAccessorImpl.java:62)
	at sun.reflect.DelegatingMethodAccessorImpl.invoke(DelegatingMethodAccessorImpl.java:43)
	at java.lang.reflect.Method.invoke(Method.java:498)
	at org.testng.internal.MethodInvocationHelper.invokeMethod(MethodInvocationHelper.java:133)
	at org.testng.internal.TestInvoker.invokeMethod(TestInvoker.java:598)
	at org.testng.internal.TestInvoker.invokeTestMethod(TestInvoker.java:173)
	at org.testng.internal.MethodRunner.runInSequence(MethodRunner.java:46)
	at org.testng.internal.TestInvoker$MethodInvocationAgent.invoke(TestInvoker.java:824)
	at org.testng.internal.TestInvoker.invokeTestMethods(TestInvoker.java:146)
	at org.testng.internal.TestMethodWorker.invokeTestMethods(TestMethodWorker.java:146)
	at org.testng.internal.TestMethodWorker.run(TestMethodWorker.java:128)
	at java.util.ArrayList.forEach(ArrayList.java:1259)
	at org.testng.TestRunner.privateRun(TestRunner.java:794)
	at org.testng.TestRunner.run(TestRunner.java:596)
	at org.testng.SuiteRunner.runTest(SuiteRunner.java:377)
	at org.testng.SuiteRunner.runSequentially(SuiteRunner.java:371)
	at org.testng.SuiteRunner.privateRun(SuiteRunner.java:332)
	at org.testng.SuiteRunner.run(SuiteRunner.java:276)
	at org.testng.SuiteRunnerWorker.runSuite(SuiteRunnerWorker.java:53)
	at org.testng.SuiteRunnerWorker.run(SuiteRunnerWorker.java:96)
	at org.testng.TestNG.runSuitesSequentially(TestNG.java:1212)
	at org.testng.TestNG.runSuitesLocally(TestNG.java:1134)
	at org.testng.TestNG.runSuites(TestNG.java:1063)
	at org.testng.TestNG.run(TestNG.java:1031)
	at org.apache.maven.surefire.testng.TestNGExecutor.run(TestNGExecutor.java:135)
	at org.apache.maven.surefire.testng.TestNGDirectoryTestSuite.executeMulti(TestNGDirectoryTestSuite.java:193)
	at org.apache.maven.surefire.testng.TestNGDirectoryTestSuite.execute(TestNGDirectoryTestSuite.java:94)
	at org.apache.maven.surefire.testng.TestNGProvider.invoke(TestNGProvider.java:146)
	at org.apache.maven.surefire.booter.ForkedBooter.invokeProviderInSameClassLoader(ForkedBooter.java:384)
	at org.apache.maven.surefire.booter.ForkedBooter.runSuitesInProcess(ForkedBooter.java:345)
	at org.apache.maven.surefire.booter.ForkedBooter.execute(ForkedBooter.java:126)
	at org.apache.maven.surefire.booter.ForkedBooter.main(ForkedBooter.java:418)
Caused by: Element not found {optgroup.findBy(text &apos;Scripting languages&apos;)}
Expected: text &apos;Scripting languages&apos;
Timeout: 0 ms.
	at com.codeborne.selenide.impl.CollectionElementByCondition.getWebElement(CollectionElementByCondition.java:53)
	at com.codeborne.selenide.impl.WebElementSource.checkCondition(WebElementSource.java:99)
	... 41 more
</pre></div></td>
<td>5</td>
<td>com.seasy.ui.tests.JQuerySelectDropDownTest@520a3426</td></tr>
<tr>
<td title='com.seasy.ui.tests.CheckBoxTest.checkAllCheckboxesAreSelected()'><b>checkAllCheckboxesAreSelected</b><br>Test class: com.seasy.ui.tests.CheckBoxTest</td>
<td><div><pre>Element should have attribute value=&quot;Check All&quot; {#check1}
Element: &apos;&lt;input class=&quot;btn btn-primary&quot; id=&quot;check1&quot; type=&quot;button&quot; value=&quot;Uncheck All&quot;&gt;&lt;/input&gt;&apos;
Actual value: value=&quot;Uncheck All&quot;
Screenshot: file:/C:/Users/kbuch/Desktop/test-project/ui-tests/build/reports/tests/1635690319227.0.png
Page source: file:/C:/Users/kbuch/Desktop/test-project/ui-tests/build/reports/tests/1635690319227.0.html
Timeout: 4 s.
	at com.codeborne.selenide.impl.WebElementSource.checkCondition(WebElementSource.java:121)
	at com.codeborne.selenide.commands.Should.execute(Should.java:30)
	at com.codeborne.selenide.commands.Should.execute(Should.java:14)
	at com.codeborne.selenide.commands.Commands.execute(Commands.java:155)
	at com.codeborne.selenide.impl.SelenideElementProxy.dispatchAndRetry(SelenideElementProxy.java:133)
	at com.codeborne.selenide.impl.SelenideElementProxy.invoke(SelenideElementProxy.java:85)
	at com.sun.proxy.$Proxy3.shouldHave(Unknown Source)
	at com.seasy.ui.pages.CheckBoxPage.checkCheckAllButtonIsDisplayed(CheckBoxPage.java:70)
	at com.seasy.ui.tests.CheckBoxTest.checkAllCheckboxesAreSelected(CheckBoxTest.java:42)
	at java.util.ArrayList.forEach(ArrayList.java:1259)
... Removed 32 stack frames</pre></div><a href='#' onClick='toggleBox("stack-trace706604026", this, "Click to show all stack frames", "Click to hide stack frames")'>Click to show all stack frames</a>
<div class='stack-trace' id='stack-trace706604026'><pre>Element should have attribute value=&quot;Check All&quot; {#check1}
Element: &apos;&lt;input class=&quot;btn btn-primary&quot; id=&quot;check1&quot; type=&quot;button&quot; value=&quot;Uncheck All&quot;&gt;&lt;/input&gt;&apos;
Actual value: value=&quot;Uncheck All&quot;
Screenshot: file:/C:/Users/kbuch/Desktop/test-project/ui-tests/build/reports/tests/1635690319227.0.png
Page source: file:/C:/Users/kbuch/Desktop/test-project/ui-tests/build/reports/tests/1635690319227.0.html
Timeout: 4 s.
	at com.codeborne.selenide.impl.WebElementSource.checkCondition(WebElementSource.java:121)
	at com.codeborne.selenide.commands.Should.execute(Should.java:30)
	at com.codeborne.selenide.commands.Should.execute(Should.java:14)
	at com.codeborne.selenide.commands.Commands.execute(Commands.java:155)
	at com.codeborne.selenide.impl.SelenideElementProxy.dispatchAndRetry(SelenideElementProxy.java:133)
	at com.codeborne.selenide.impl.SelenideElementProxy.invoke(SelenideElementProxy.java:85)
	at com.sun.proxy.$Proxy3.shouldHave(Unknown Source)
	at com.seasy.ui.pages.CheckBoxPage.checkCheckAllButtonIsDisplayed(CheckBoxPage.java:70)
	at com.seasy.ui.tests.CheckBoxTest.checkAllCheckboxesAreSelected(CheckBoxTest.java:42)
	at sun.reflect.NativeMethodAccessorImpl.invoke0(Native Method)
	at sun.reflect.NativeMethodAccessorImpl.invoke(NativeMethodAccessorImpl.java:62)
	at sun.reflect.DelegatingMethodAccessorImpl.invoke(DelegatingMethodAccessorImpl.java:43)
	at java.lang.reflect.Method.invoke(Method.java:498)
	at org.testng.internal.MethodInvocationHelper.invokeMethod(MethodInvocationHelper.java:133)
	at org.testng.internal.TestInvoker.invokeMethod(TestInvoker.java:598)
	at org.testng.internal.TestInvoker.invokeTestMethod(TestInvoker.java:173)
	at org.testng.internal.MethodRunner.runInSequence(MethodRunner.java:46)
	at org.testng.internal.TestInvoker$MethodInvocationAgent.invoke(TestInvoker.java:824)
	at org.testng.internal.TestInvoker.invokeTestMethods(TestInvoker.java:146)
	at org.testng.internal.TestMethodWorker.invokeTestMethods(TestMethodWorker.java:146)
	at org.testng.internal.TestMethodWorker.run(TestMethodWorker.java:128)
	at java.util.ArrayList.forEach(ArrayList.java:1259)
	at org.testng.TestRunner.privateRun(TestRunner.java:794)
	at org.testng.TestRunner.run(TestRunner.java:596)
	at org.testng.SuiteRunner.runTest(SuiteRunner.java:377)
	at org.testng.SuiteRunner.runSequentially(SuiteRunner.java:371)
	at org.testng.SuiteRunner.privateRun(SuiteRunner.java:332)
	at org.testng.SuiteRunner.run(SuiteRunner.java:276)
	at org.testng.SuiteRunnerWorker.runSuite(SuiteRunnerWorker.java:53)
	at org.testng.SuiteRunnerWorker.run(SuiteRunnerWorker.java:96)
	at org.testng.TestNG.runSuitesSequentially(TestNG.java:1212)
	at org.testng.TestNG.runSuitesLocally(TestNG.java:1134)
	at org.testng.TestNG.runSuites(TestNG.java:1063)
	at org.testng.TestNG.run(TestNG.java:1031)
	at org.apache.maven.surefire.testng.TestNGExecutor.run(TestNGExecutor.java:135)
	at org.apache.maven.surefire.testng.TestNGDirectoryTestSuite.executeMulti(TestNGDirectoryTestSuite.java:193)
	at org.apache.maven.surefire.testng.TestNGDirectoryTestSuite.execute(TestNGDirectoryTestSuite.java:94)
	at org.apache.maven.surefire.testng.TestNGProvider.invoke(TestNGProvider.java:146)
	at org.apache.maven.surefire.booter.ForkedBooter.invokeProviderInSameClassLoader(ForkedBooter.java:384)
	at org.apache.maven.surefire.booter.ForkedBooter.runSuitesInProcess(ForkedBooter.java:345)
	at org.apache.maven.surefire.booter.ForkedBooter.execute(ForkedBooter.java:126)
	at org.apache.maven.surefire.booter.ForkedBooter.main(ForkedBooter.java:418)
</pre></div></td>
<td>6</td>
<td>com.seasy.ui.tests.CheckBoxTest@63753b6d</td></tr>
<tr>
<td title='com.seasy.ui.tests.RadioButtonPageTest.checkUnselectedValue()'><b>checkUnselectedValue</b><br>Test class: com.seasy.ui.tests.RadioButtonPageTest</td>
<td><div><pre>Element should have text &apos;Radio button is Not checked&apos; {.groupradiobutton}
Element: &apos;&lt;p class=&quot;groupradiobutton&quot; displayed:false&gt;&lt;/p&gt;&apos;
Screenshot: file:/C:/Users/kbuch/Desktop/test-project/ui-tests/build/reports/tests/1635690369336.4.png
Page source: file:/C:/Users/kbuch/Desktop/test-project/ui-tests/build/reports/tests/1635690369336.4.html
Timeout: 4 s.
	at com.codeborne.selenide.impl.WebElementSource.checkCondition(WebElementSource.java:121)
	at com.codeborne.selenide.commands.Should.execute(Should.java:30)
	at com.codeborne.selenide.commands.Should.execute(Should.java:14)
	at com.codeborne.selenide.commands.Commands.execute(Commands.java:155)
	at com.codeborne.selenide.impl.SelenideElementProxy.dispatchAndRetry(SelenideElementProxy.java:133)
	at com.codeborne.selenide.impl.SelenideElementProxy.invoke(SelenideElementProxy.java:85)
	at com.sun.proxy.$Proxy3.shouldHave(Unknown Source)
	at com.seasy.ui.pages.RadioButtonsPage.verifySingleRadioButtonIsNotSelected(RadioButtonsPage.java:50)
	at com.seasy.ui.tests.RadioButtonPageTest.checkUnselectedValue(RadioButtonPageTest.java:27)
	at java.util.ArrayList.forEach(ArrayList.java:1259)
... Removed 32 stack frames</pre></div><a href='#' onClick='toggleBox("stack-trace124017533", this, "Click to show all stack frames", "Click to hide stack frames")'>Click to show all stack frames</a>
<div class='stack-trace' id='stack-trace124017533'><pre>Element should have text &apos;Radio button is Not checked&apos; {.groupradiobutton}
Element: &apos;&lt;p class=&quot;groupradiobutton&quot; displayed:false&gt;&lt;/p&gt;&apos;
Screenshot: file:/C:/Users/kbuch/Desktop/test-project/ui-tests/build/reports/tests/1635690369336.4.png
Page source: file:/C:/Users/kbuch/Desktop/test-project/ui-tests/build/reports/tests/1635690369336.4.html
Timeout: 4 s.
	at com.codeborne.selenide.impl.WebElementSource.checkCondition(WebElementSource.java:121)
	at com.codeborne.selenide.commands.Should.execute(Should.java:30)
	at com.codeborne.selenide.commands.Should.execute(Should.java:14)
	at com.codeborne.selenide.commands.Commands.execute(Commands.java:155)
	at com.codeborne.selenide.impl.SelenideElementProxy.dispatchAndRetry(SelenideElementProxy.java:133)
	at com.codeborne.selenide.impl.SelenideElementProxy.invoke(SelenideElementProxy.java:85)
	at com.sun.proxy.$Proxy3.shouldHave(Unknown Source)
	at com.seasy.ui.pages.RadioButtonsPage.verifySingleRadioButtonIsNotSelected(RadioButtonsPage.java:50)
	at com.seasy.ui.tests.RadioButtonPageTest.checkUnselectedValue(RadioButtonPageTest.java:27)
	at sun.reflect.NativeMethodAccessorImpl.invoke0(Native Method)
	at sun.reflect.NativeMethodAccessorImpl.invoke(NativeMethodAccessorImpl.java:62)
	at sun.reflect.DelegatingMethodAccessorImpl.invoke(DelegatingMethodAccessorImpl.java:43)
	at java.lang.reflect.Method.invoke(Method.java:498)
	at org.testng.internal.MethodInvocationHelper.invokeMethod(MethodInvocationHelper.java:133)
	at org.testng.internal.TestInvoker.invokeMethod(TestInvoker.java:598)
	at org.testng.internal.TestInvoker.invokeTestMethod(TestInvoker.java:173)
	at org.testng.internal.MethodRunner.runInSequence(MethodRunner.java:46)
	at org.testng.internal.TestInvoker$MethodInvocationAgent.invoke(TestInvoker.java:824)
	at org.testng.internal.TestInvoker.invokeTestMethods(TestInvoker.java:146)
	at org.testng.internal.TestMethodWorker.invokeTestMethods(TestMethodWorker.java:146)
	at org.testng.internal.TestMethodWorker.run(TestMethodWorker.java:128)
	at java.util.ArrayList.forEach(ArrayList.java:1259)
	at org.testng.TestRunner.privateRun(TestRunner.java:794)
	at org.testng.TestRunner.run(TestRunner.java:596)
	at org.testng.SuiteRunner.runTest(SuiteRunner.java:377)
	at org.testng.SuiteRunner.runSequentially(SuiteRunner.java:371)
	at org.testng.SuiteRunner.privateRun(SuiteRunner.java:332)
	at org.testng.SuiteRunner.run(SuiteRunner.java:276)
	at org.testng.SuiteRunnerWorker.runSuite(SuiteRunnerWorker.java:53)
	at org.testng.SuiteRunnerWorker.run(SuiteRunnerWorker.java:96)
	at org.testng.TestNG.runSuitesSequentially(TestNG.java:1212)
	at org.testng.TestNG.runSuitesLocally(TestNG.java:1134)
	at org.testng.TestNG.runSuites(TestNG.java:1063)
	at org.testng.TestNG.run(TestNG.java:1031)
	at org.apache.maven.surefire.testng.TestNGExecutor.run(TestNGExecutor.java:135)
	at org.apache.maven.surefire.testng.TestNGDirectoryTestSuite.executeMulti(TestNGDirectoryTestSuite.java:193)
	at org.apache.maven.surefire.testng.TestNGDirectoryTestSuite.execute(TestNGDirectoryTestSuite.java:94)
	at org.apache.maven.surefire.testng.TestNGProvider.invoke(TestNGProvider.java:146)
	at org.apache.maven.surefire.booter.ForkedBooter.invokeProviderInSameClassLoader(ForkedBooter.java:384)
	at org.apache.maven.surefire.booter.ForkedBooter.runSuitesInProcess(ForkedBooter.java:345)
	at org.apache.maven.surefire.booter.ForkedBooter.execute(ForkedBooter.java:126)
	at org.apache.maven.surefire.booter.ForkedBooter.main(ForkedBooter.java:418)
</pre></div></td>
<td>4</td>
<td>com.seasy.ui.tests.RadioButtonPageTest@18eed359</td></tr>
<tr>
<td title='com.seasy.ui.tests.JQuerySelectDropDownTest.checkSelectedState()'><b>checkSelectedState</b><br>Test class: com.seasy.ui.tests.JQuerySelectDropDownTest<br>Parameters: Select State</td>
<td><div><pre>Element should not have attribute class=&quot;select2-selection__choice&quot; {$$(2 elements)[0]}
Element: &apos;&lt;li class=&quot;select2-selection__choice&quot; title=&quot;Iowa&quot; type value=&quot;0&quot;&gt;×Iowa&lt;/li&gt;&apos;
Actual value: class=&quot;select2-selection__choice&quot;
Screenshot: file:/C:/Users/kbuch/Desktop/test-project/ui-tests/build/reports/tests/1635690359173.3.png
Page source: file:/C:/Users/kbuch/Desktop/test-project/ui-tests/build/reports/tests/1635690359173.3.html
Timeout: 4 s.
	at com.codeborne.selenide.impl.WebElementSource.checkCondition(WebElementSource.java:118)
	at com.codeborne.selenide.commands.ShouldNot.execute(ShouldNot.java:30)
	at com.codeborne.selenide.commands.ShouldNot.execute(ShouldNot.java:14)
	at com.codeborne.selenide.commands.Commands.execute(Commands.java:155)
	at com.codeborne.selenide.impl.SelenideElementProxy.dispatchAndRetry(SelenideElementProxy.java:133)
	at com.codeborne.selenide.impl.SelenideElementProxy.invoke(SelenideElementProxy.java:85)
	at com.sun.proxy.$Proxy3.shouldNotHave(Unknown Source)
	at com.seasy.ui.pages.JQuerySelectDropDownPage.lambda$checkEmptyMultipleDropDown$0(JQuerySelectDropDownPage.java:69)
	at java.lang.Iterable.forEach(Iterable.java:75)
	at com.seasy.ui.pages.JQuerySelectDropDownPage.checkEmptyMultipleDropDown(JQuerySelectDropDownPage.java:69)
	at com.seasy.ui.tests.JQuerySelectDropDownTest.checkSelectedState(JQuerySelectDropDownTest.java:24)
	at java.util.ArrayList.forEach(ArrayList.java:1259)
... Removed 32 stack frames</pre></div><a href='#' onClick='toggleBox("stack-trace1727196188", this, "Click to show all stack frames", "Click to hide stack frames")'>Click to show all stack frames</a>
<div class='stack-trace' id='stack-trace1727196188'><pre>Element should not have attribute class=&quot;select2-selection__choice&quot; {$$(2 elements)[0]}
Element: &apos;&lt;li class=&quot;select2-selection__choice&quot; title=&quot;Iowa&quot; type value=&quot;0&quot;&gt;×Iowa&lt;/li&gt;&apos;
Actual value: class=&quot;select2-selection__choice&quot;
Screenshot: file:/C:/Users/kbuch/Desktop/test-project/ui-tests/build/reports/tests/1635690359173.3.png
Page source: file:/C:/Users/kbuch/Desktop/test-project/ui-tests/build/reports/tests/1635690359173.3.html
Timeout: 4 s.
	at com.codeborne.selenide.impl.WebElementSource.checkCondition(WebElementSource.java:118)
	at com.codeborne.selenide.commands.ShouldNot.execute(ShouldNot.java:30)
	at com.codeborne.selenide.commands.ShouldNot.execute(ShouldNot.java:14)
	at com.codeborne.selenide.commands.Commands.execute(Commands.java:155)
	at com.codeborne.selenide.impl.SelenideElementProxy.dispatchAndRetry(SelenideElementProxy.java:133)
	at com.codeborne.selenide.impl.SelenideElementProxy.invoke(SelenideElementProxy.java:85)
	at com.sun.proxy.$Proxy3.shouldNotHave(Unknown Source)
	at com.seasy.ui.pages.JQuerySelectDropDownPage.lambda$checkEmptyMultipleDropDown$0(JQuerySelectDropDownPage.java:69)
	at java.lang.Iterable.forEach(Iterable.java:75)
	at com.seasy.ui.pages.JQuerySelectDropDownPage.checkEmptyMultipleDropDown(JQuerySelectDropDownPage.java:69)
	at com.seasy.ui.tests.JQuerySelectDropDownTest.checkSelectedState(JQuerySelectDropDownTest.java:24)
	at sun.reflect.NativeMethodAccessorImpl.invoke0(Native Method)
	at sun.reflect.NativeMethodAccessorImpl.invoke(NativeMethodAccessorImpl.java:62)
	at sun.reflect.DelegatingMethodAccessorImpl.invoke(DelegatingMethodAccessorImpl.java:43)
	at java.lang.reflect.Method.invoke(Method.java:498)
	at org.testng.internal.MethodInvocationHelper.invokeMethod(MethodInvocationHelper.java:133)
	at org.testng.internal.TestInvoker.invokeMethod(TestInvoker.java:598)
	at org.testng.internal.TestInvoker.invokeTestMethod(TestInvoker.java:173)
	at org.testng.internal.MethodRunner.runInSequence(MethodRunner.java:46)
	at org.testng.internal.TestInvoker$MethodInvocationAgent.invoke(TestInvoker.java:824)
	at org.testng.internal.TestInvoker.invokeTestMethods(TestInvoker.java:146)
	at org.testng.internal.TestMethodWorker.invokeTestMethods(TestMethodWorker.java:146)
	at org.testng.internal.TestMethodWorker.run(TestMethodWorker.java:128)
	at java.util.ArrayList.forEach(ArrayList.java:1259)
	at org.testng.TestRunner.privateRun(TestRunner.java:794)
	at org.testng.TestRunner.run(TestRunner.java:596)
	at org.testng.SuiteRunner.runTest(SuiteRunner.java:377)
	at org.testng.SuiteRunner.runSequentially(SuiteRunner.java:371)
	at org.testng.SuiteRunner.privateRun(SuiteRunner.java:332)
	at org.testng.SuiteRunner.run(SuiteRunner.java:276)
	at org.testng.SuiteRunnerWorker.runSuite(SuiteRunnerWorker.java:53)
	at org.testng.SuiteRunnerWorker.run(SuiteRunnerWorker.java:96)
	at org.testng.TestNG.runSuitesSequentially(TestNG.java:1212)
	at org.testng.TestNG.runSuitesLocally(TestNG.java:1134)
	at org.testng.TestNG.runSuites(TestNG.java:1063)
	at org.testng.TestNG.run(TestNG.java:1031)
	at org.apache.maven.surefire.testng.TestNGExecutor.run(TestNGExecutor.java:135)
	at org.apache.maven.surefire.testng.TestNGDirectoryTestSuite.executeMulti(TestNGDirectoryTestSuite.java:193)
	at org.apache.maven.surefire.testng.TestNGDirectoryTestSuite.execute(TestNGDirectoryTestSuite.java:94)
	at org.apache.maven.surefire.testng.TestNGProvider.invoke(TestNGProvider.java:146)
	at org.apache.maven.surefire.booter.ForkedBooter.invokeProviderInSameClassLoader(ForkedBooter.java:384)
	at org.apache.maven.surefire.booter.ForkedBooter.runSuitesInProcess(ForkedBooter.java:345)
	at org.apache.maven.surefire.booter.ForkedBooter.execute(ForkedBooter.java:126)
	at org.apache.maven.surefire.booter.ForkedBooter.main(ForkedBooter.java:418)
</pre></div></td>
<td>8</td>
<td>com.seasy.ui.tests.JQuerySelectDropDownTest@520a3426</td></tr>
</table><p>
<table width='100%' border='1' class='invocation-passed'>
<tr><td colspan='4' align='center'><b>PASSED TESTS</b></td></tr>
<tr><td><b>Test method</b></td>
<td width="30%"><b>Exception</b></td>
<td width="10%"><b>Time (seconds)</b></td>
<td><b>Instance</b></td>
</tr>
<tr>
<td title='com.seasy.ui.tests.CheckBoxTest.checkUnselectedCheckBox()'><b>checkUnselectedCheckBox</b><br>Test class: com.seasy.ui.tests.CheckBoxTest</td>
<td></td>
<td>0</td>
<td>com.seasy.ui.tests.CheckBoxTest@63753b6d</td></tr>
<tr>
<td title='com.seasy.ui.tests.CheckBoxTest.checkUnselectOfSelectedCheckBoxTest()'><b>checkUnselectOfSelectedCheckBoxTest</b><br>Test class: com.seasy.ui.tests.CheckBoxTest</td>
<td></td>
<td>0</td>
<td>com.seasy.ui.tests.CheckBoxTest@63753b6d</td></tr>
<tr>
<td title='com.seasy.ui.tests.CheckBoxTest.selectSingleCheckBoxTest()'><b>selectSingleCheckBoxTest</b><br>Test class: com.seasy.ui.tests.CheckBoxTest</td>
<td></td>
<td>0</td>
<td>com.seasy.ui.tests.CheckBoxTest@63753b6d</td></tr>
<tr>
<td title='com.seasy.ui.tests.JQuerySelectDropDownTest.checkSelectedRandomItems()'><b>checkSelectedRandomItems</b><br>Test class: com.seasy.ui.tests.JQuerySelectDropDownTest<br>Parameters: Select US Outlying Territories</td>
<td></td>
<td>0</td>
<td>com.seasy.ui.tests.JQuerySelectDropDownTest@520a3426</td></tr>
<tr>
<td title='com.seasy.ui.tests.RadioButtonPageTest.checkSelectedFemaleRadioButton()'><b>checkSelectedFemaleRadioButton</b><br>Test class: com.seasy.ui.tests.RadioButtonPageTest</td>
<td></td>
<td>0</td>
<td>com.seasy.ui.tests.RadioButtonPageTest@18eed359</td></tr>
<tr>
<td title='com.seasy.ui.tests.SimpleFormTest.checkEmptyMessageTest()'><b>checkEmptyMessageTest</b><br>Test class: com.seasy.ui.tests.SimpleFormTest</td>
<td></td>
<td>3</td>
<td>com.seasy.ui.tests.SimpleFormTest@3e9b1010</td></tr>
<tr>
<td title='com.seasy.ui.tests.SimpleFormTest.checkTotalResultWithEmptyFieldsTest()'><b>checkTotalResultWithEmptyFieldsTest</b><br>Test class: com.seasy.ui.tests.SimpleFormTest</td>
<td></td>
<td>1</td>
<td>com.seasy.ui.tests.SimpleFormTest@3e9b1010</td></tr>
<tr>
<td title='com.seasy.ui.tests.RadioButtonPageTest.checkSelectMaleRadioButton()'><b>checkSelectMaleRadioButton</b><br>Test class: com.seasy.ui.tests.RadioButtonPageTest</td>
<td></td>
<td>0</td>
<td>com.seasy.ui.tests.RadioButtonPageTest@18eed359</td></tr>
<tr>
<td title='com.seasy.ui.tests.DropDownTests.checkSelectedCity()'><b>checkSelectedCity</b><br>Test class: com.seasy.ui.tests.DropDownTests<br>Parameters: Ohio</td>
<td></td>
<td>1</td>
<td>com.seasy.ui.tests.DropDownTests@6b09bb57</td></tr>
<tr>
<td title='com.seasy.ui.tests.InputFormSubmitTest.checkFromSubmitWithAllDataEntered()'><b>checkFromSubmitWithAllDataEntered</b><br>Test class: com.seasy.ui.tests.InputFormSubmitTest</td>
<td></td>
<td>5</td>
<td>com.seasy.ui.tests.InputFormSubmitTest@6536e911</td></tr>
<tr>
<td title='com.seasy.ui.tests.JQuerySelectDropDownTest.checkSelectedUsTerritories()'><b>checkSelectedUsTerritories</b><br>Test class: com.seasy.ui.tests.JQuerySelectDropDownTest<br>Parameters: Select US Outlying Territories</td>
<td></td>
<td>1</td>
<td>com.seasy.ui.tests.JQuerySelectDropDownTest@520a3426</td></tr>
<tr>
<td title='com.seasy.ui.tests.AjaxSubmitFormTest.checkRequiredNameField()'><b>checkRequiredNameField</b><br>Test class: com.seasy.ui.tests.AjaxSubmitFormTest</td>
<td></td>
<td>0</td>
<td>com.seasy.ui.tests.AjaxSubmitFormTest@71423665</td></tr>
<tr>
<td title='com.seasy.ui.tests.CheckBoxTest.checkCheckAllButtonWithOneUnselectedCheckbox()'><b>checkCheckAllButtonWithOneUnselectedCheckbox</b><br>Test class: com.seasy.ui.tests.CheckBoxTest</td>
<td></td>
<td>1</td>
<td>com.seasy.ui.tests.CheckBoxTest@63753b6d</td></tr>
<tr>
<td title='com.seasy.ui.tests.SimpleFormTest.checkYourMessageTest()'><b>checkYourMessageTest</b><br>Test class: com.seasy.ui.tests.SimpleFormTest</td>
<td></td>
<td>1</td>
<td>com.seasy.ui.tests.SimpleFormTest@3e9b1010</td></tr>
<tr>
<td title='com.seasy.ui.tests.JQuerySelectDropDownTest.checkCategoriesOptionsInNotEmpty()'><b>checkCategoriesOptionsInNotEmpty</b><br>Test class: com.seasy.ui.tests.JQuerySelectDropDownTest</td>
<td></td>
<td>0</td>
<td>com.seasy.ui.tests.JQuerySelectDropDownTest@520a3426</td></tr>
<tr>
<td title='com.seasy.ui.tests.RadioButtonPageTest.checkFemaleGenderAndZeroToFiveAgeGroup()'><b>checkFemaleGenderAndZeroToFiveAgeGroup</b><br>Test class: com.seasy.ui.tests.RadioButtonPageTest<br>Test method: Check 'Female' gender and '0-5' age group</td>
<td></td>
<td>1</td>
<td>com.seasy.ui.tests.RadioButtonPageTest@18eed359</td></tr>
<tr>
<td title='com.seasy.ui.tests.JQuerySelectDropDownTest.checkNoResultFound()'><b>checkNoResultFound</b><br>Test class: com.seasy.ui.tests.JQuerySelectDropDownTest<br>Parameters: Select Country</td>
<td></td>
<td>1</td>
<td>com.seasy.ui.tests.JQuerySelectDropDownTest@520a3426</td></tr>
<tr>
<td title='com.seasy.ui.tests.RadioButtonPageTest.checkMaleGenderAndFiveToFifteenAgeGroup()'><b>checkMaleGenderAndFiveToFifteenAgeGroup</b><br>Test class: com.seasy.ui.tests.RadioButtonPageTest<br>Test method: Check 'Male' gender and '5-15' age group</td>
<td></td>
<td>0</td>
<td>com.seasy.ui.tests.RadioButtonPageTest@18eed359</td></tr>
<tr>
<td title='com.seasy.ui.tests.InputFormSubmitTest.checkSubmitButtonIsDisabled()'><b>checkSubmitButtonIsDisabled</b><br>Test class: com.seasy.ui.tests.InputFormSubmitTest</td>
<td></td>
<td>1</td>
<td>com.seasy.ui.tests.InputFormSubmitTest@6536e911</td></tr>
<tr>
<td title='com.seasy.ui.tests.AjaxSubmitFormTest.submitForm()'><b>submitForm</b><br>Test class: com.seasy.ui.tests.AjaxSubmitFormTest</td>
<td></td>
<td>1</td>
<td>com.seasy.ui.tests.AjaxSubmitFormTest@71423665</td></tr>
<tr>
<td title='com.seasy.ui.tests.JQuerySelectDropDownTest.checkSelectedCountry()'><b>checkSelectedCountry</b><br>Test class: com.seasy.ui.tests.JQuerySelectDropDownTest<br>Parameters: Select Country</td>
<td></td>
<td>1</td>
<td>com.seasy.ui.tests.JQuerySelectDropDownTest@520a3426</td></tr>
<tr>
<td title='com.seasy.ui.tests.SimpleFormTest.checkTotalResultWithIntegerValuesTest()'><b>checkTotalResultWithIntegerValuesTest</b><br>Test class: com.seasy.ui.tests.SimpleFormTest</td>
<td></td>
<td>1</td>
<td>com.seasy.ui.tests.SimpleFormTest@3e9b1010</td></tr>
<tr>
<td title='com.seasy.ui.tests.CheckBoxTest.checkMultipleCheckBoxIsUnselected()'><b>checkMultipleCheckBoxIsUnselected</b><br>Test class: com.seasy.ui.tests.CheckBoxTest</td>
<td></td>
<td>1</td>
<td>com.seasy.ui.tests.CheckBoxTest@63753b6d</td></tr>
<tr>
<td title='com.seasy.ui.tests.InputFormSubmitTest.checkDeletedFirstName()'><b>checkDeletedFirstName</b><br>Test class: com.seasy.ui.tests.InputFormSubmitTest</td>
<td></td>
<td>2</td>
<td>com.seasy.ui.tests.InputFormSubmitTest@6536e911</td></tr>
<tr>
<td title='com.seasy.ui.tests.CheckBoxTest.checkMultipleCheckBoxIsSelected()'><b>checkMultipleCheckBoxIsSelected</b><br>Test class: com.seasy.ui.tests.CheckBoxTest</td>
<td></td>
<td>0</td>
<td>com.seasy.ui.tests.CheckBoxTest@63753b6d</td></tr>
<tr>
<td title='com.seasy.ui.tests.SimpleFormTest.checkTotalResultWithStringValuesTest()'><b>checkTotalResultWithStringValuesTest</b><br>Test class: com.seasy.ui.tests.SimpleFormTest</td>
<td></td>
<td>1</td>
<td>com.seasy.ui.tests.SimpleFormTest@3e9b1010</td></tr>
<tr>
<td title='com.seasy.ui.tests.AjaxSubmitFormTest.checkFormIsSubmitted()'><b>checkFormIsSubmitted</b><br>Test class: com.seasy.ui.tests.AjaxSubmitFormTest</td>
<td></td>
<td>15</td>
<td>com.seasy.ui.tests.AjaxSubmitFormTest@71423665</td></tr>
</table><p>
</body>
</html>