<?xml version="1.0" encoding="UTF-8"?>
<!-- Generated by org.testng.reporters.JUnitXMLReporter -->
<testsuite hostname="5CD110DGDQ" ignored="0" name="Surefire test" tests="33" failures="6" timestamp="2021-11-11T22:55:48 EET" time="101.517" errors="0">
  <testcase name="checkFormIsSubmitted" time="13.046" classname="com.seasy.ui.tests.AjaxSubmitFormTest"/>
  <testcase name="checkRequiredNameField" time="1.011" classname="com.seasy.ui.tests.AjaxSubmitFormTest"/>
  <testcase name="submitForm" time="1.925" classname="com.seasy.ui.tests.AjaxSubmitFormTest"/>
  <testcase name="checkAllCheckboxesAreSelected" time="7.318" classname="com.seasy.ui.tests.CheckBoxTest">
    <failure type="com.codeborne.selenide.ex.ElementShould" message="Element should have attribute value=&amp;quot;Check All&amp;quot; {#check1}
Element: &amp;apos;&amp;lt;input class=&amp;quot;btn btn-primary&amp;quot; id=&amp;quot;check1&amp;quot; type=&amp;quot;button&amp;quot; value=&amp;quot;Uncheck All&amp;quot;&amp;gt;&amp;lt;/input&amp;gt;&amp;apos;
Actual value: value=&amp;quot;Uncheck All&amp;quot;
Screenshot: file:/C:/Users/kbuch/Desktop/test-project/ui-tests/build/reports/tests/1636664069770.0.png
Page source: file:/C:/Users/kbuch/Desktop/test-project/ui-tests/build/reports/tests/1636664069770.0.html
Timeout: 4 s.">
      <![CDATA[Element should have attribute value="Check All" {#check1}
Element: '<input class="btn btn-primary" id="check1" type="button" value="Uncheck All"></input>'
Actual value: value="Uncheck All"
Screenshot: file:/C:/Users/kbuch/Desktop/test-project/ui-tests/build/reports/tests/1636664069770.0.png
Page source: file:/C:/Users/kbuch/Desktop/test-project/ui-tests/build/reports/tests/1636664069770.0.html
Timeout: 4 s.
at com.codeborne.selenide.impl.WebElementSource.checkCondition(WebElementSource.java:121)
at com.codeborne.selenide.commands.Should.execute(Should.java:30)
at com.codeborne.selenide.commands.Should.execute(Should.java:14)
at com.codeborne.selenide.commands.Commands.execute(Commands.java:155)
at com.codeborne.selenide.impl.SelenideElementProxy.dispatchAndRetry(SelenideElementProxy.java:133)
at com.codeborne.selenide.impl.SelenideElementProxy.invoke(SelenideElementProxy.java:85)
at com.sun.proxy.$Proxy3.shouldHave(Unknown Source)
at com.seasy.ui.pages.CheckBoxPage.checkCheckAllButtonIsDisplayed(CheckBoxPage.java:70)
at com.seasy.ui.tests.CheckBoxTest.checkAllCheckboxesAreSelected(CheckBoxTest.java:42)
at java.util.ArrayList.forEach(ArrayList.java:1259)
... Removed 32 stack frames]]>
    </failure>
  </testcase> <!-- checkAllCheckboxesAreSelected -->
  <testcase name="checkCheckAllButtonWithOneUnselectedCheckbox" time="2.89" classname="com.seasy.ui.tests.CheckBoxTest"/>
  <testcase name="checkMultipleCheckBoxIsSelected" time="1.443" classname="com.seasy.ui.tests.CheckBoxTest"/>
  <testcase name="checkMultipleCheckBoxIsUnselected" time="2.6" classname="com.seasy.ui.tests.CheckBoxTest"/>
  <testcase name="checkUnselectOfSelectedCheckBoxTest" time="1.249" classname="com.seasy.ui.tests.CheckBoxTest"/>
  <testcase name="checkUnselectedCheckBox" time="0.657" classname="com.seasy.ui.tests.CheckBoxTest"/>
  <testcase name="selectSingleCheckBoxTest" time="0.995" classname="com.seasy.ui.tests.CheckBoxTest"/>
  <testcase name="checkSelectedCities" time="6.246" classname="com.seasy.ui.tests.DropDownTests">
    <failure type="com.codeborne.selenide.ex.ElementShould" message="Element should be text &amp;apos;Options selected are : Ohio,Florida&amp;apos; {.getall-selected}
Element: &amp;apos;&amp;lt;p class=&amp;quot;getall-selected&amp;quot;&amp;gt;Options selected are : Florida&amp;lt;/p&amp;gt;&amp;apos;
Screenshot: file:/C:/Users/kbuch/Desktop/test-project/ui-tests/build/reports/tests/1636664085892.1.png
Page source: file:/C:/Users/kbuch/Desktop/test-project/ui-tests/build/reports/tests/1636664085892.1.html
Timeout: 4 s.">
      <![CDATA[Element should be text 'Options selected are : Ohio,Florida' {.getall-selected}
Element: '<p class="getall-selected">Options selected are : Florida</p>'
Screenshot: file:/C:/Users/kbuch/Desktop/test-project/ui-tests/build/reports/tests/1636664085892.1.png
Page source: file:/C:/Users/kbuch/Desktop/test-project/ui-tests/build/reports/tests/1636664085892.1.html
Timeout: 4 s.
at com.codeborne.selenide.impl.WebElementSource.checkCondition(WebElementSource.java:121)
at com.codeborne.selenide.commands.Should.execute(Should.java:30)
at com.codeborne.selenide.commands.Should.execute(Should.java:14)
at com.codeborne.selenide.commands.Commands.execute(Commands.java:155)
at com.codeborne.selenide.impl.SelenideElementProxy.dispatchAndRetry(SelenideElementProxy.java:133)
at com.codeborne.selenide.impl.SelenideElementProxy.invoke(SelenideElementProxy.java:85)
at com.sun.proxy.$Proxy3.shouldBe(Unknown Source)
at com.seasy.ui.pages.DropDownPage.verifySelectedCities(DropDownPage.java:57)
at com.seasy.ui.tests.DropDownTests.checkSelectedCities(DropDownTests.java:33)
at java.util.ArrayList.forEach(ArrayList.java:1259)
... Removed 32 stack frames]]>
    </failure>
  </testcase> <!-- checkSelectedCities -->
  <testcase name="checkSelectedCity" time="1.802" classname="com.seasy.ui.tests.DropDownTests"/>
  <testcase name="checkSelectedDayFromDropDown" time="0.0" classname="com.seasy.ui.tests.DropDownTests">
    <failure type="org.testng.TestNGException" message="
Parameter &amp;apos;singleDayDropDown&amp;apos; is required by @Test on method checkSelectedDayFromDropDown but has not been marked @Optional or defined
">
      <![CDATA[org.testng.TestNGException: 
Parameter 'singleDayDropDown' is required by @Test on method checkSelectedDayFromDropDown but has not been marked @Optional or defined

at java.util.ArrayList.forEach(ArrayList.java:1259)
... Removed 31 stack frames]]>
    </failure>
  </testcase> <!-- checkSelectedDayFromDropDown -->
  <testcase name="checkDeletedFirstName" time="2.99" classname="com.seasy.ui.tests.InputFormSubmitTest"/>
  <testcase name="checkFromSubmitWithAllDataEntered" time="9.492" classname="com.seasy.ui.tests.InputFormSubmitTest"/>
  <testcase name="checkSubmitButtonIsDisabled" time="2.859" classname="com.seasy.ui.tests.InputFormSubmitTest"/>
  <testcase name="checkCategoriesOptions" time="5.422" classname="com.seasy.ui.tests.JQuerySelectDropDownTest">
    <failure type="com.codeborne.selenide.ex.ElementNotFound" message="Element not found {optgroup.findBy(text &amp;apos;Scripting languages&amp;apos;)}
Expected: exist
Screenshot: file:/C:/Users/kbuch/Desktop/test-project/ui-tests/build/reports/tests/1636664108365.2.png
Page source: file:/C:/Users/kbuch/Desktop/test-project/ui-tests/build/reports/tests/1636664108365.2.html
Timeout: 4 s.
Caused by: Element not found {optgroup.findBy(text &amp;apos;Scripting languages&amp;apos;)}
Expected: text &amp;apos;Scripting languages&amp;apos;
Timeout: 0 ms.">
      <![CDATA[Element not found {optgroup.findBy(text 'Scripting languages')}
Expected: exist
Screenshot: file:/C:/Users/kbuch/Desktop/test-project/ui-tests/build/reports/tests/1636664108365.2.png
Page source: file:/C:/Users/kbuch/Desktop/test-project/ui-tests/build/reports/tests/1636664108365.2.html
Timeout: 4 s.
Caused by: Element not found {optgroup.findBy(text 'Scripting languages')}
Expected: text 'Scripting languages'
Timeout: 0 ms.
at com.codeborne.selenide.impl.WebElementSource.createElementNotFoundError(WebElementSource.java:83)
at com.codeborne.selenide.impl.WebElementSource.checkCondition(WebElementSource.java:114)
at com.codeborne.selenide.commands.Should.execute(Should.java:30)
at com.codeborne.selenide.commands.Should.execute(Should.java:14)
at com.codeborne.selenide.commands.Commands.execute(Commands.java:155)
at com.codeborne.selenide.impl.SelenideElementProxy.dispatchAndRetry(SelenideElementProxy.java:133)
at com.codeborne.selenide.impl.SelenideElementProxy.invoke(SelenideElementProxy.java:85)
at com.sun.proxy.$Proxy3.should(Unknown Source)
at com.seasy.ui.pages.JQuerySelectDropDownPage.checkSubCategories(JQuerySelectDropDownPage.java:103)
at com.seasy.ui.tests.JQuerySelectDropDownTest.checkCategoriesOptions(JQuerySelectDropDownTest.java:56)
at java.util.ArrayList.forEach(ArrayList.java:1259)
Caused by: Element not found {optgroup.findBy(text 'Scripting languages')}
Expected: text 'Scripting languages'
Timeout: 0 ms.
at com.codeborne.selenide.impl.CollectionElementByCondition.getWebElement(CollectionElementByCondition.java:53)
at com.codeborne.selenide.impl.WebElementSource.checkCondition(WebElementSource.java:99)
... 41 more
... Removed 32 stack frames]]>
    </failure>
  </testcase> <!-- checkCategoriesOptions -->
  <testcase name="checkCategoriesOptionsInNotEmpty" time="1.717" classname="com.seasy.ui.tests.JQuerySelectDropDownTest"/>
  <testcase name="checkNoResultFound" time="1.247" classname="com.seasy.ui.tests.JQuerySelectDropDownTest"/>
  <testcase name="checkSelectedCountry" time="1.622" classname="com.seasy.ui.tests.JQuerySelectDropDownTest"/>
  <testcase name="checkSelectedRandomItems" time="1.006" classname="com.seasy.ui.tests.JQuerySelectDropDownTest"/>
  <testcase name="checkSelectedState" time="10.39" classname="com.seasy.ui.tests.JQuerySelectDropDownTest">
    <failure type="com.codeborne.selenide.ex.ElementShouldNot" message="Element should not have attribute class=&amp;quot;select2-selection__choice&amp;quot; {$$(1 elements)[0]}
Element: &amp;apos;&amp;lt;li class=&amp;quot;select2-selection__choice&amp;quot; title=&amp;quot;Iowa&amp;quot; type value=&amp;quot;0&amp;quot;&amp;gt;×Iowa&amp;lt;/li&amp;gt;&amp;apos;
Actual value: class=&amp;quot;select2-selection__choice&amp;quot;
Screenshot: file:/C:/Users/kbuch/Desktop/test-project/ui-tests/build/reports/tests/1636664124455.3.png
Page source: file:/C:/Users/kbuch/Desktop/test-project/ui-tests/build/reports/tests/1636664124455.3.html
Timeout: 4 s.">
      <![CDATA[Element should not have attribute class="select2-selection__choice" {$$(1 elements)[0]}
Element: '<li class="select2-selection__choice" title="Iowa" type value="0">×Iowa</li>'
Actual value: class="select2-selection__choice"
Screenshot: file:/C:/Users/kbuch/Desktop/test-project/ui-tests/build/reports/tests/1636664124455.3.png
Page source: file:/C:/Users/kbuch/Desktop/test-project/ui-tests/build/reports/tests/1636664124455.3.html
Timeout: 4 s.
at com.codeborne.selenide.impl.WebElementSource.checkCondition(WebElementSource.java:118)
at com.codeborne.selenide.commands.ShouldNot.execute(ShouldNot.java:30)
at com.codeborne.selenide.commands.ShouldNot.execute(ShouldNot.java:14)
at com.codeborne.selenide.commands.Commands.execute(Commands.java:155)
at com.codeborne.selenide.impl.SelenideElementProxy.dispatchAndRetry(SelenideElementProxy.java:133)
at com.codeborne.selenide.impl.SelenideElementProxy.invoke(SelenideElementProxy.java:85)
at com.sun.proxy.$Proxy3.shouldNotHave(Unknown Source)
at com.seasy.ui.pages.JQuerySelectDropDownPage.lambda$checkEmptyMultipleDropDown$0(JQuerySelectDropDownPage.java:69)
at java.lang.Iterable.forEach(Iterable.java:75)
at com.seasy.ui.pages.JQuerySelectDropDownPage.checkEmptyMultipleDropDown(JQuerySelectDropDownPage.java:69)
at com.seasy.ui.tests.JQuerySelectDropDownTest.checkSelectedState(JQuerySelectDropDownTest.java:24)
at java.util.ArrayList.forEach(ArrayList.java:1259)
... Removed 32 stack frames]]>
    </failure>
  </testcase> <!-- checkSelectedState -->
  <testcase name="checkSelectedUsTerritories" time="1.914" classname="com.seasy.ui.tests.JQuerySelectDropDownTest"/>
  <testcase name="checkFemaleGenderAndZeroToFiveAgeGroup" time="2.314" classname="com.seasy.ui.tests.RadioButtonPageTest"/>
  <testcase name="checkMaleGenderAndFiveToFifteenAgeGroup" time="1.669" classname="com.seasy.ui.tests.RadioButtonPageTest"/>
  <testcase name="checkSelectMaleRadioButton" time="1.05" classname="com.seasy.ui.tests.RadioButtonPageTest"/>
  <testcase name="checkSelectedFemaleRadioButton" time="1.006" classname="com.seasy.ui.tests.RadioButtonPageTest"/>
  <testcase name="checkUnselectedValue" time="5.258" classname="com.seasy.ui.tests.RadioButtonPageTest">
    <failure type="com.codeborne.selenide.ex.ElementShould" message="Element should have text &amp;apos;Radio button is Not checked&amp;apos; {.groupradiobutton}
Element: &amp;apos;&amp;lt;p class=&amp;quot;groupradiobutton&amp;quot; displayed:false&amp;gt;&amp;lt;/p&amp;gt;&amp;apos;
Screenshot: file:/C:/Users/kbuch/Desktop/test-project/ui-tests/build/reports/tests/1636664137654.4.png
Page source: file:/C:/Users/kbuch/Desktop/test-project/ui-tests/build/reports/tests/1636664137654.4.html
Timeout: 4 s.">
      <![CDATA[Element should have text 'Radio button is Not checked' {.groupradiobutton}
Element: '<p class="groupradiobutton" displayed:false></p>'
Screenshot: file:/C:/Users/kbuch/Desktop/test-project/ui-tests/build/reports/tests/1636664137654.4.png
Page source: file:/C:/Users/kbuch/Desktop/test-project/ui-tests/build/reports/tests/1636664137654.4.html
Timeout: 4 s.
at com.codeborne.selenide.impl.WebElementSource.checkCondition(WebElementSource.java:121)
at com.codeborne.selenide.commands.Should.execute(Should.java:30)
at com.codeborne.selenide.commands.Should.execute(Should.java:14)
at com.codeborne.selenide.commands.Commands.execute(Commands.java:155)
at com.codeborne.selenide.impl.SelenideElementProxy.dispatchAndRetry(SelenideElementProxy.java:133)
at com.codeborne.selenide.impl.SelenideElementProxy.invoke(SelenideElementProxy.java:85)
at com.sun.proxy.$Proxy3.shouldHave(Unknown Source)
at com.seasy.ui.pages.RadioButtonsPage.verifySingleRadioButtonIsNotSelected(RadioButtonsPage.java:50)
at com.seasy.ui.tests.RadioButtonPageTest.checkUnselectedValue(RadioButtonPageTest.java:27)
at java.util.ArrayList.forEach(ArrayList.java:1259)
... Removed 32 stack frames]]>
    </failure>
  </testcase> <!-- checkUnselectedValue -->
  <testcase name="checkEmptyMessageTest" time="3.962" classname="com.seasy.ui.tests.SimpleFormTest"/>
  <testcase name="checkTotalResultWithEmptyFieldsTest" time="1.358" classname="com.seasy.ui.tests.SimpleFormTest"/>
  <testcase name="checkTotalResultWithIntegerValuesTest" time="1.768" classname="com.seasy.ui.tests.SimpleFormTest"/>
  <testcase name="checkTotalResultWithStringValuesTest" time="1.743" classname="com.seasy.ui.tests.SimpleFormTest"/>
  <testcase name="checkYourMessageTest" time="1.445" classname="com.seasy.ui.tests.SimpleFormTest"/>
</testsuite> <!-- Surefire test -->
