<?xml version="1.0" encoding="UTF-8"?>
<!-- Generated by org.testng.reporters.JUnitXMLReporter -->
<testsuite hostname="5CD110DGDQ" ignored="0" name="check for build" tests="10" failures="0" timestamp="2022-07-31T17:59:50 EEST" time="22.278" errors="0">
  <testcase name="checkAllCheckboxesAreSelected" time="6.973" classname="com.seasy.ui.tests.form.CheckBoxTests"/>
  <testcase name="checkCheckAllButtonWithOneUnselectedCheckbox" time="1.608" classname="com.seasy.ui.tests.form.CheckBoxTests"/>
  <testcase name="checkMultipleCheckBoxIsSelected" time="0.75" classname="com.seasy.ui.tests.form.CheckBoxTests"/>
  <testcase name="checkMultipleCheckBoxIsUnselected" time="1.513" classname="com.seasy.ui.tests.form.CheckBoxTests"/>
  <testcase name="checkUnselectOfSelectedCheckBoxTest" time="0.579" classname="com.seasy.ui.tests.form.CheckBoxTests"/>
  <testcase name="checkUnselectedCheckBox" time="0.36" classname="com.seasy.ui.tests.form.CheckBoxTests"/>
  <testcase name="selectSingleCheckBoxTest" time="0.437" classname="com.seasy.ui.tests.form.CheckBoxTests"/>
  <testcase name="checkDeletedFirstName" time="1.928" classname="com.seasy.ui.tests.form.InputFormSubmitTests"/>
  <testcase name="checkFromSubmitWithAllDataEntered" time="6.15" classname="com.seasy.ui.tests.form.InputFormSubmitTests"/>
  <testcase name="checkSubmitButtonIsDisabled" time="1.76" classname="com.seasy.ui.tests.form.InputFormSubmitTests"/>
</testsuite> <!-- check for build -->
