<?xml version="1.0" encoding="UTF-8"?>
<!-- Generated by org.testng.reporters.JUnitXMLReporter -->
<testsuite hostname="5CD110DGDQ" ignored="0" name="check for build" tests="3" failures="0" timestamp="2022-02-15T14:04:31 EET" time="10.381" errors="0">
  <testcase name="checkDeletedFirstName" time="10.244" classname="com.seasy.ui.tests.FormTests.InputFormSubmitTests"/>
  <testcase name="checkFromSubmitWithAllDataEntered" time="0.003" classname="com.seasy.ui.tests.FormTests.InputFormSubmitTests"/>
  <testcase name="checkSubmitButtonIsDisabled" time="0.002" classname="com.seasy.ui.tests.FormTests.InputFormSubmitTests"/>
</testsuite> <!-- check for build -->
